This file contains any messages produced by compilers while
running configure, to aid debugging if configure makes a mistake.

configure:595: checking for a BSD compatible install
configure:648: checking whether build environment is sane
configure:705: checking whether make sets ${MAKE}
configure:751: checking for working aclocal
configure:764: checking for working autoconf
configure:777: checking for working automake
configure:790: checking for working autoheader
configure:803: checking for working makeinfo
configure:830: checking for gcc
configure:943: checking whether the C compiler (/usr/bin/ccache  gcc -O2 -funroll-loops -fomit-frame-pointer -m32 -march=pentium3 -mmmx -msse -mfpmath=sse -Wall -Wstrict-prototypes ) works
configure:959: /usr/bin/ccache  gcc -o conftest -O2 -funroll-loops -fomit-frame-pointer -m32 -march=pentium3 -mmmx -msse -mfpmath=sse -Wall -Wstrict-prototypes   conftest.c  1>&5
configure:956:1: warning: return type defaults to 'int' [-Wreturn-type]
 main(){return(0);}
 ^
configure:956:1: warning: function declaration isn't a prototype [-Wstrict-prototypes]
configure:985: checking whether the C compiler (/usr/bin/ccache  gcc -O2 -funroll-loops -fomit-frame-pointer -m32 -march=pentium3 -mmmx -msse -mfpmath=sse -Wall -Wstrict-prototypes ) is a cross-compiler
configure:990: checking whether we are using GNU C
configure:999: /usr/bin/ccache  gcc -E conftest.c
configure:1018: checking whether /usr/bin/ccache  gcc accepts -g
configure:1061: checking how to run the C preprocessor
configure:1082: /usr/bin/ccache  gcc -E  conftest.c >/dev/null 2>conftest.out
configure:1141: checking for ANSI C header files
configure:1154: /usr/bin/ccache  gcc -E  conftest.c >/dev/null 2>conftest.out
configure:1221: /usr/bin/ccache  gcc -o conftest -O2 -funroll-loops -fomit-frame-pointer -m32 -march=pentium3 -mmmx -msse -mfpmath=sse -Wall -Wstrict-prototypes   conftest.c  1>&5
configure:1215:5: warning: function declaration isn't a prototype [-Wstrict-prototypes]
 int main () { int i; for (i = 0; i < 256; i++)
     ^
configure: In function 'main':
configure:1216:1: warning: implicit declaration of function 'exit' [-Wimplicit-function-declaration]
 if (XOR (islower (i), ISLOWER (i)) || toupper (i) != TOUPPER (i)) exit(2);
 ^
configure:1216:67: warning: incompatible implicit declaration of built-in function 'exit' [enabled by default]
 if (XOR (islower (i), ISLOWER (i)) || toupper (i) != TOUPPER (i)) exit(2);
                                                                   ^
configure:1246: checking whether /usr/bin/ccache  gcc needs -traditional
configure:1295: checking for EMX
configure:1309: /usr/bin/ccache  gcc -c -O2 -funroll-loops -fomit-frame-pointer -m32 -march=pentium3 -mmmx -msse -mfpmath=sse -Wall -Wstrict-prototypes  conftest.c 1>&5
configure:1302:5: warning: function declaration isn't a prototype [-Wstrict-prototypes]
 int main() {
     ^
configure: In function 'main':
configure:1304:2: error: unknown type name 'kill'
  kill me!
  ^
configure:1304:9: error: expected '=', ',', ';', 'asm' or '__attribute__' before '!' token
  kill me!
         ^
configure: failed program was:
#line 1300 "configure"
#include "confdefs.h"

int main() {
#ifndef __EMX__
	kill me!
	#endif 
; return 0; }
configure:1326: checking for typeof
configure:1339: /usr/bin/ccache  gcc -c -O2 -funroll-loops -fomit-frame-pointer -m32 -march=pentium3 -mmmx -msse -mfpmath=sse -Wall -Wstrict-prototypes  conftest.c 1>&5
configure:1333:5: warning: function declaration isn't a prototype [-Wstrict-prototypes]
 int main() {
     ^
configure: In function 'main':
configure:1335:12: warning: unused variable 'b' [-Wunused-variable]
  typeof(a) b;
            ^
configure:1359: checking for long long
configure:1371: /usr/bin/ccache  gcc -c -O2 -funroll-loops -fomit-frame-pointer -m32 -march=pentium3 -mmmx -msse -mfpmath=sse -Wall -Wstrict-prototypes  conftest.c 1>&5
configure:1366:5: warning: function declaration isn't a prototype [-Wstrict-prototypes]
 int main() {
     ^
configure: In function 'main':
configure:1367:20: warning: unused variable 'a' [-Wunused-variable]
 unsigned long long a; 
                    ^
configure:1395: checking for dirent.h that defines DIR
configure:1408: /usr/bin/ccache  gcc -c -O2 -funroll-loops -fomit-frame-pointer -m32 -march=pentium3 -mmmx -msse -mfpmath=sse -Wall -Wstrict-prototypes  conftest.c 1>&5
configure:1403:5: warning: function declaration isn't a prototype [-Wstrict-prototypes]
 int main() {
     ^
configure: In function 'main':
configure:1404:6: warning: unused variable 'dirp' [-Wunused-variable]
 DIR *dirp = 0;
      ^
configure:1433: checking for opendir in -ldir
configure:1452: /usr/bin/ccache  gcc -o conftest -O2 -funroll-loops -fomit-frame-pointer -m32 -march=pentium3 -mmmx -msse -mfpmath=sse -Wall -Wstrict-prototypes   conftest.c -ldir   1>&5
configure:1445:1: warning: function declaration isn't a prototype [-Wstrict-prototypes]
 char opendir();
 ^
configure:1447:5: warning: function declaration isn't a prototype [-Wstrict-prototypes]
 int main() {
     ^
/usr/bin/ld: cannot find -ldir
collect2: error: ld returned 1 exit status
configure: failed program was:
#line 1441 "configure"
#include "confdefs.h"
/* Override any gcc2 internal prototype to avoid an error.  */
/* We use char because int might match the return type of a gcc2
    builtin and then its argument prototype would still apply.  */
char opendir();

int main() {
opendir()
; return 0; }
configure:1516: checking for sys/wait.h that is POSIX.1 compatible
configure:1537: /usr/bin/ccache  gcc -c -O2 -funroll-loops -fomit-frame-pointer -m32 -march=pentium3 -mmmx -msse -mfpmath=sse -Wall -Wstrict-prototypes  conftest.c 1>&5
configure:1530:5: warning: function declaration isn't a prototype [-Wstrict-prototypes]
 int main() {
     ^
configure:1561: checking for fcntl.h
configure:1571: /usr/bin/ccache  gcc -E  conftest.c >/dev/null 2>conftest.out
configure:1561: checking for limits.h
configure:1571: /usr/bin/ccache  gcc -E  conftest.c >/dev/null 2>conftest.out
configure:1561: checking for sys/ioctl.h
configure:1571: /usr/bin/ccache  gcc -E  conftest.c >/dev/null 2>conftest.out
configure:1561: checking for sys/time.h
configure:1571: /usr/bin/ccache  gcc -E  conftest.c >/dev/null 2>conftest.out
configure:1561: checking for time.h
configure:1571: /usr/bin/ccache  gcc -E  conftest.c >/dev/null 2>conftest.out
configure:1561: checking for unistd.h
configure:1571: /usr/bin/ccache  gcc -E  conftest.c >/dev/null 2>conftest.out
configure:1561: checking for math.h
configure:1571: /usr/bin/ccache  gcc -E  conftest.c >/dev/null 2>conftest.out
configure:1561: checking for ieee.h
configure:1571: /usr/bin/ccache  gcc -E  conftest.c >/dev/null 2>conftest.out
configure:1567:18: fatal error: ieee.h: No such file or directory
 #include <$ac_hdr>
                  ^
compilation terminated.
configure: failed program was:
#line 1566 "configure"
#include "confdefs.h"
#include <ieee.h>
configure:1561: checking for endian.h
configure:1571: /usr/bin/ccache  gcc -E  conftest.c >/dev/null 2>conftest.out
configure:1601: checking for values.h
configure:1611: /usr/bin/ccache  gcc -E  conftest.c >/dev/null 2>conftest.out
configure:1641: checking for sigaction.h
configure:1651: /usr/bin/ccache  gcc -E  conftest.c >/dev/null 2>conftest.out
configure:1647:23: fatal error: sigaction.h: No such file or directory
 #include <$ac_hdr>
                       ^
compilation terminated.
configure: failed program was:
#line 1646 "configure"
#include "confdefs.h"
#include <sigaction.h>
configure:1681: checking for netinet/in_systm.h
configure:1691: /usr/bin/ccache  gcc -E  conftest.c >/dev/null 2>conftest.out
configure:1721: checking for netinet/in_system.h
configure:1731: /usr/bin/ccache  gcc -E  conftest.c >/dev/null 2>conftest.out
configure:1727:31: fatal error: netinet/in_system.h: No such file or directory
 #include <$ac_hdr>
                               ^
compilation terminated.
configure: failed program was:
#line 1726 "configure"
#include "confdefs.h"
#include <netinet/in_system.h>
configure:1761: checking for netinet/ip.h
configure:1771: /usr/bin/ccache  gcc -E  conftest.c >/dev/null 2>conftest.out
configure:1801: checking for netinet/dhcp.h
configure:1811: /usr/bin/ccache  gcc -E  conftest.c >/dev/null 2>conftest.out
configure:1807:26: fatal error: netinet/dhcp.h: No such file or directory
 #include <$ac_hdr>
                          ^
compilation terminated.
configure: failed program was:
#line 1806 "configure"
#include "confdefs.h"
#include <netinet/dhcp.h>
configure:1841: checking for sys/select.h
configure:1851: /usr/bin/ccache  gcc -E  conftest.c >/dev/null 2>conftest.out
configure:1881: checking for sys/resource.h
configure:1891: /usr/bin/ccache  gcc -E  conftest.c >/dev/null 2>conftest.out
configure:1921: checking for sys/utsname.h
configure:1931: /usr/bin/ccache  gcc -E  conftest.c >/dev/null 2>conftest.out
configure:1961: checking for sys/un.h
configure:1971: /usr/bin/ccache  gcc -E  conftest.c >/dev/null 2>conftest.out
configure:2001: checking for sys/fmutex.h
configure:2011: /usr/bin/ccache  gcc -E  conftest.c >/dev/null 2>conftest.out
configure:2007:24: fatal error: sys/fmutex.h: No such file or directory
 #include <$ac_hdr>
                        ^
compilation terminated.
configure: failed program was:
#line 2006 "configure"
#include "confdefs.h"
#include <sys/fmutex.h>
configure:2041: checking for sys/cygwin.h
configure:2051: /usr/bin/ccache  gcc -E  conftest.c >/dev/null 2>conftest.out
configure:2047:24: fatal error: sys/cygwin.h: No such file or directory
 #include <$ac_hdr>
                        ^
compilation terminated.
configure: failed program was:
#line 2046 "configure"
#include "confdefs.h"
#include <sys/cygwin.h>
configure:2081: checking for io.h
configure:2091: /usr/bin/ccache  gcc -E  conftest.c >/dev/null 2>conftest.out
configure:2087:16: fatal error: io.h: No such file or directory
 #include <$ac_hdr>
                ^
compilation terminated.
configure: failed program was:
#line 2086 "configure"
#include "confdefs.h"
#include <io.h>
configure:2121: checking for setjmp.h
configure:2131: /usr/bin/ccache  gcc -E  conftest.c >/dev/null 2>conftest.out
configure:2161: checking for langinfo.h
configure:2171: /usr/bin/ccache  gcc -E  conftest.c >/dev/null 2>conftest.out
configure:2201: checking for md5.h
configure:2211: /usr/bin/ccache  gcc -E  conftest.c >/dev/null 2>conftest.out
configure:2207:17: fatal error: md5.h: No such file or directory
 #include <$ac_hdr>
                 ^
compilation terminated.
configure: failed program was:
#line 2206 "configure"
#include "confdefs.h"
#include <md5.h>
configure:2239: checking for working const
configure:2293: /usr/bin/ccache  gcc -c -O2 -funroll-loops -fomit-frame-pointer -m32 -march=pentium3 -mmmx -msse -mfpmath=sse -Wall -Wstrict-prototypes  conftest.c 1>&5
configure:2246:5: warning: function declaration isn't a prototype [-Wstrict-prototypes]
 int main() {
     ^
configure: In function 'main':
configure:2267:15: warning: unused variable 's' [-Wunused-variable]
   char const *s = 0 ? (char *) 0 : (char const *) 0;
               ^
configure:2287:13: warning: unused variable 'foo' [-Wunused-variable]
   const int foo = 10;
             ^
configure:2255:27: warning: unused variable 'zero' [-Wunused-variable]
 static struct point const zero = {0,0};
                           ^
configure:2249:39: warning: unused variable 'x' [-Wunused-variable]
 typedef int charset[2]; const charset x;
                                       ^
configure:2269:5: warning: 't' is used uninitialized in this function [-Wuninitialized]
   *t++ = 0;
     ^
configure:2284:21: warning: 'b' is used uninitialized in this function [-Wuninitialized]
   struct s *b; b->j = 5;
                     ^
configure:2314: checking for inline
configure:2328: /usr/bin/ccache  gcc -c -O2 -funroll-loops -fomit-frame-pointer -m32 -march=pentium3 -mmmx -msse -mfpmath=sse -Wall -Wstrict-prototypes  conftest.c 1>&5
configure:2323:5: warning: function declaration isn't a prototype [-Wstrict-prototypes]
 int main() {
     ^
configure:2324:10: warning: return type defaults to 'int' [-Wreturn-type]
 } $ac_kw foo() {
          ^
configure:2324:10: warning: function declaration isn't a prototype [-Wstrict-prototypes]
configure: In function 'main':
configure:2324:1: warning: control reaches end of non-void function [-Wreturn-type]
 } $ac_kw foo() {
 ^
configure:2354: checking for size_t
configure:2387: checking for socklen_t
configure:2405: /usr/bin/ccache  gcc -c -O2 -funroll-loops -fomit-frame-pointer -m32 -march=pentium3 -mmmx -msse -mfpmath=sse -Wall -Wstrict-prototypes  conftest.c 1>&5
configure:2397:5: warning: function declaration isn't a prototype [-Wstrict-prototypes]
 int main() {
     ^
configure:2427: checking whether time.h and sys/time.h may both be included
configure:2441: /usr/bin/ccache  gcc -c -O2 -funroll-loops -fomit-frame-pointer -m32 -march=pentium3 -mmmx -msse -mfpmath=sse -Wall -Wstrict-prototypes  conftest.c 1>&5
configure:2436:5: warning: function declaration isn't a prototype [-Wstrict-prototypes]
 int main() {
     ^
configure: In function 'main':
configure:2437:12: warning: unused variable 'tp' [-Wunused-variable]
 struct tm *tp;
            ^
configure:2462: checking whether struct tm is in sys/time.h or time.h
configure:2475: /usr/bin/ccache  gcc -c -O2 -funroll-loops -fomit-frame-pointer -m32 -march=pentium3 -mmmx -msse -mfpmath=sse -Wall -Wstrict-prototypes  conftest.c 1>&5
configure:2470:5: warning: function declaration isn't a prototype [-Wstrict-prototypes]
 int main() {
     ^
configure: In function 'main':
configure:2471:16: warning: statement with no effect [-Wunused-value]
 struct tm *tp; tp->tm_sec;
                ^
configure:2505: checking size of short
configure:2524: /usr/bin/ccache  gcc -o conftest -O2 -funroll-loops -fomit-frame-pointer -m32 -march=pentium3 -mmmx -msse -mfpmath=sse -Wall -Wstrict-prototypes   conftest.c  1>&5
configure:2515:1: warning: return type defaults to 'int' [-Wreturn-type]
 main()
 ^
configure:2515:1: warning: function declaration isn't a prototype [-Wstrict-prototypes]
configure: In function 'main':
configure:2518:3: warning: implicit declaration of function 'exit' [-Wimplicit-function-declaration]
   if (!f) exit(1);
   ^
configure:2518:11: warning: incompatible implicit declaration of built-in function 'exit' [enabled by default]
   if (!f) exit(1);
           ^
configure:2544: checking size of unsigned short
configure:2563: /usr/bin/ccache  gcc -o conftest -O2 -funroll-loops -fomit-frame-pointer -m32 -march=pentium3 -mmmx -msse -mfpmath=sse -Wall -Wstrict-prototypes   conftest.c  1>&5
configure:2554:1: warning: return type defaults to 'int' [-Wreturn-type]
 main()
 ^
configure:2554:1: warning: function declaration isn't a prototype [-Wstrict-prototypes]
configure: In function 'main':
configure:2557:3: warning: implicit declaration of function 'exit' [-Wimplicit-function-declaration]
   if (!f) exit(1);
   ^
configure:2557:11: warning: incompatible implicit declaration of built-in function 'exit' [enabled by default]
   if (!f) exit(1);
           ^
configure:2583: checking size of int
configure:2602: /usr/bin/ccache  gcc -o conftest -O2 -funroll-loops -fomit-frame-pointer -m32 -march=pentium3 -mmmx -msse -mfpmath=sse -Wall -Wstrict-prototypes   conftest.c  1>&5
configure:2593:1: warning: return type defaults to 'int' [-Wreturn-type]
 main()
 ^
configure:2593:1: warning: function declaration isn't a prototype [-Wstrict-prototypes]
configure: In function 'main':
configure:2596:3: warning: implicit declaration of function 'exit' [-Wimplicit-function-declaration]
   if (!f) exit(1);
   ^
configure:2596:11: warning: incompatible implicit declaration of built-in function 'exit' [enabled by default]
   if (!f) exit(1);
           ^
configure:2622: checking size of unsigned
configure:2641: /usr/bin/ccache  gcc -o conftest -O2 -funroll-loops -fomit-frame-pointer -m32 -march=pentium3 -mmmx -msse -mfpmath=sse -Wall -Wstrict-prototypes   conftest.c  1>&5
configure:2632:1: warning: return type defaults to 'int' [-Wreturn-type]
 main()
 ^
configure:2632:1: warning: function declaration isn't a prototype [-Wstrict-prototypes]
configure: In function 'main':
configure:2635:3: warning: implicit declaration of function 'exit' [-Wimplicit-function-declaration]
   if (!f) exit(1);
   ^
configure:2635:11: warning: incompatible implicit declaration of built-in function 'exit' [enabled by default]
   if (!f) exit(1);
           ^
configure:2661: checking size of long
configure:2680: /usr/bin/ccache  gcc -o conftest -O2 -funroll-loops -fomit-frame-pointer -m32 -march=pentium3 -mmmx -msse -mfpmath=sse -Wall -Wstrict-prototypes   conftest.c  1>&5
configure:2671:1: warning: return type defaults to 'int' [-Wreturn-type]
 main()
 ^
configure:2671:1: warning: function declaration isn't a prototype [-Wstrict-prototypes]
configure: In function 'main':
configure:2674:3: warning: implicit declaration of function 'exit' [-Wimplicit-function-declaration]
   if (!f) exit(1);
   ^
configure:2674:11: warning: incompatible implicit declaration of built-in function 'exit' [enabled by default]
   if (!f) exit(1);
           ^
configure:2700: checking size of unsigned long
configure:2719: /usr/bin/ccache  gcc -o conftest -O2 -funroll-loops -fomit-frame-pointer -m32 -march=pentium3 -mmmx -msse -mfpmath=sse -Wall -Wstrict-prototypes   conftest.c  1>&5
configure:2710:1: warning: return type defaults to 'int' [-Wreturn-type]
 main()
 ^
configure:2710:1: warning: function declaration isn't a prototype [-Wstrict-prototypes]
configure: In function 'main':
configure:2713:3: warning: implicit declaration of function 'exit' [-Wimplicit-function-declaration]
   if (!f) exit(1);
   ^
configure:2713:11: warning: incompatible implicit declaration of built-in function 'exit' [enabled by default]
   if (!f) exit(1);
           ^
configure:2739: checking for big endian
configure:2759: /usr/bin/ccache  gcc -o conftest -O2 -funroll-loops -fomit-frame-pointer -m32 -march=pentium3 -mmmx -msse -mfpmath=sse -Wall -Wstrict-prototypes   conftest.c  1>&5
configure:2751:6: warning: function declaration isn't a prototype [-Wstrict-prototypes]
  int main()
      ^
configure: failed program was:
#line 2747 "configure"
#include "confdefs.h"

	long l;
	char *c = (char *)&l;
	int main()
	{
		l = 0x12345678L;
		return !(c[sizeof(long) - 1] == 0x78 && c[sizeof(long) - 2] == 0x56 && c[sizeof(long) - 3] == 0x34 && c[sizeof(long) - 4] == 0x12);
	}
	
configure:2776: checking for little endian
configure:2796: /usr/bin/ccache  gcc -o conftest -O2 -funroll-loops -fomit-frame-pointer -m32 -march=pentium3 -mmmx -msse -mfpmath=sse -Wall -Wstrict-prototypes   conftest.c  1>&5
configure:2788:6: warning: function declaration isn't a prototype [-Wstrict-prototypes]
  int main()
      ^
configure:2827: checking if rename can replace existing files
configure:2854: /usr/bin/ccache  gcc -o conftest -O2 -funroll-loops -fomit-frame-pointer -m32 -march=pentium3 -mmmx -msse -mfpmath=sse -Wall -Wstrict-prototypes   conftest.c  1>&5
configure:2841:6: warning: function declaration isn't a prototype [-Wstrict-prototypes]
  int main()
      ^
configure:2879: checking for 8-bit clean memcmp
configure:2897: /usr/bin/ccache  gcc -o conftest -O2 -funroll-loops -fomit-frame-pointer -m32 -march=pentium3 -mmmx -msse -mfpmath=sse -Wall -Wstrict-prototypes   conftest.c  1>&5
configure:2889:1: warning: return type defaults to 'int' [-Wreturn-type]
 main()
 ^
configure:2889:1: warning: function declaration isn't a prototype [-Wstrict-prototypes]
configure: In function 'main':
configure:2892:3: warning: implicit declaration of function 'exit' [-Wimplicit-function-declaration]
   exit(memcmp(&c0, &c2, 1) < 0 && memcmp(&c1, &c2, 1) < 0 ? 0 : 1);
   ^
configure:2892:3: warning: incompatible implicit declaration of built-in function 'exit' [enabled by default]
configure:2892:3: warning: implicit declaration of function 'memcmp' [-Wimplicit-function-declaration]
configure:2915: checking return type of signal handlers
configure:2937: /usr/bin/ccache  gcc -c -O2 -funroll-loops -fomit-frame-pointer -m32 -march=pentium3 -mmmx -msse -mfpmath=sse -Wall -Wstrict-prototypes  conftest.c 1>&5
configure:2929:1: warning: function declaration isn't a prototype [-Wstrict-prototypes]
 void (*signal ()) ();
 ^
configure:2929:1: warning: function declaration isn't a prototype [-Wstrict-prototypes]
configure:2932:5: warning: function declaration isn't a prototype [-Wstrict-prototypes]
 int main() {
     ^
configure: In function 'main':
configure:2933:5: warning: unused variable 'i' [-Wunused-variable]
 int i;
     ^
configure:2956: checking for strftime
configure:2984: /usr/bin/ccache  gcc -o conftest -O2 -funroll-loops -fomit-frame-pointer -m32 -march=pentium3 -mmmx -msse -mfpmath=sse -Wall -Wstrict-prototypes   conftest.c  1>&5
configure:2968:1: warning: function declaration isn't a prototype [-Wstrict-prototypes]
 char strftime();
 ^
configure:2968:6: warning: conflicting types for built-in function 'strftime' [enabled by default]
 char strftime();
      ^
configure:2970:5: warning: function declaration isn't a prototype [-Wstrict-prototypes]
 int main() {
     ^
configure:3052: checking for vprintf
configure:3080: /usr/bin/ccache  gcc -o conftest -O2 -funroll-loops -fomit-frame-pointer -m32 -march=pentium3 -mmmx -msse -mfpmath=sse -Wall -Wstrict-prototypes   conftest.c  1>&5
configure:3064:1: warning: function declaration isn't a prototype [-Wstrict-prototypes]
 char vprintf();
 ^
configure:3064:6: warning: conflicting types for built-in function 'vprintf' [enabled by default]
 char vprintf();
      ^
configure:3066:5: warning: function declaration isn't a prototype [-Wstrict-prototypes]
 int main() {
     ^
configure:3159: checking for calloc
configure:3187: /usr/bin/ccache  gcc -o conftest -O2 -funroll-loops -fomit-frame-pointer -m32 -march=pentium3 -mmmx -msse -mfpmath=sse -Wall -Wstrict-prototypes   conftest.c  1>&5
configure:3171:1: warning: function declaration isn't a prototype [-Wstrict-prototypes]
 char $ac_func();
 ^
configure:3171:6: warning: conflicting types for built-in function 'calloc' [enabled by default]
 char $ac_func();
      ^
configure:3173:5: warning: function declaration isn't a prototype [-Wstrict-prototypes]
 int main() {
     ^
configure:3214: checking for snprintf
configure:3242: /usr/bin/ccache  gcc -o conftest -O2 -funroll-loops -fomit-frame-pointer -m32 -march=pentium3 -mmmx -msse -mfpmath=sse -Wall -Wstrict-prototypes   conftest.c  1>&5
configure:3226:1: warning: function declaration isn't a prototype [-Wstrict-prototypes]
 char $ac_func();
 ^
configure:3226:6: warning: conflicting types for built-in function 'snprintf' [enabled by default]
 char $ac_func();
      ^
configure:3228:5: warning: function declaration isn't a prototype [-Wstrict-prototypes]
 int main() {
     ^
configure:3269: checking for memmove
configure:3297: /usr/bin/ccache  gcc -o conftest -O2 -funroll-loops -fomit-frame-pointer -m32 -march=pentium3 -mmmx -msse -mfpmath=sse -Wall -Wstrict-prototypes   conftest.c  1>&5
configure:3281:1: warning: function declaration isn't a prototype [-Wstrict-prototypes]
 char $ac_func();
 ^
configure:3281:6: warning: conflicting types for built-in function 'memmove' [enabled by default]
 char $ac_func();
      ^
configure:3283:5: warning: function declaration isn't a prototype [-Wstrict-prototypes]
 int main() {
     ^
configure:3324: checking for raise
configure:3352: /usr/bin/ccache  gcc -o conftest -O2 -funroll-loops -fomit-frame-pointer -m32 -march=pentium3 -mmmx -msse -mfpmath=sse -Wall -Wstrict-prototypes   conftest.c  1>&5
configure:3336:1: warning: function declaration isn't a prototype [-Wstrict-prototypes]
 char $ac_func();
 ^
configure:3338:5: warning: function declaration isn't a prototype [-Wstrict-prototypes]
 int main() {
     ^
configure:3379: checking for gettimeofday
configure:3407: /usr/bin/ccache  gcc -o conftest -O2 -funroll-loops -fomit-frame-pointer -m32 -march=pentium3 -mmmx -msse -mfpmath=sse -Wall -Wstrict-prototypes   conftest.c  1>&5
configure:3391:1: warning: function declaration isn't a prototype [-Wstrict-prototypes]
 char $ac_func();
 ^
configure:3393:5: warning: function declaration isn't a prototype [-Wstrict-prototypes]
 int main() {
     ^
configure:3379: checking for mkdir
configure:3407: /usr/bin/ccache  gcc -o conftest -O2 -funroll-loops -fomit-frame-pointer -m32 -march=pentium3 -mmmx -msse -mfpmath=sse -Wall -Wstrict-prototypes   conftest.c  1>&5
configure:3391:1: warning: function declaration isn't a prototype [-Wstrict-prototypes]
 char $ac_func();
 ^
configure:3393:5: warning: function declaration isn't a prototype [-Wstrict-prototypes]
 int main() {
     ^
configure:3379: checking for select
configure:3407: /usr/bin/ccache  gcc -o conftest -O2 -funroll-loops -fomit-frame-pointer -m32 -march=pentium3 -mmmx -msse -mfpmath=sse -Wall -Wstrict-prototypes   conftest.c  1>&5
configure:3391:1: warning: function declaration isn't a prototype [-Wstrict-prototypes]
 char $ac_func();
 ^
configure:3393:5: warning: function declaration isn't a prototype [-Wstrict-prototypes]
 int main() {
     ^
configure:3379: checking for strcspn
configure:3407: /usr/bin/ccache  gcc -o conftest -O2 -funroll-loops -fomit-frame-pointer -m32 -march=pentium3 -mmmx -msse -mfpmath=sse -Wall -Wstrict-prototypes   conftest.c  1>&5
configure:3391:1: warning: function declaration isn't a prototype [-Wstrict-prototypes]
 char $ac_func();
 ^
configure:3391:6: warning: conflicting types for built-in function 'strcspn' [enabled by default]
 char $ac_func();
      ^
configure:3393:5: warning: function declaration isn't a prototype [-Wstrict-prototypes]
 int main() {
     ^
configure:3379: checking for strerror
configure:3407: /usr/bin/ccache  gcc -o conftest -O2 -funroll-loops -fomit-frame-pointer -m32 -march=pentium3 -mmmx -msse -mfpmath=sse -Wall -Wstrict-prototypes   conftest.c  1>&5
configure:3391:1: warning: function declaration isn't a prototype [-Wstrict-prototypes]
 char $ac_func();
 ^
configure:3393:5: warning: function declaration isn't a prototype [-Wstrict-prototypes]
 int main() {
     ^
configure:3379: checking for strstr
configure:3407: /usr/bin/ccache  gcc -o conftest -O2 -funroll-loops -fomit-frame-pointer -m32 -march=pentium3 -mmmx -msse -mfpmath=sse -Wall -Wstrict-prototypes   conftest.c  1>&5
configure:3391:1: warning: function declaration isn't a prototype [-Wstrict-prototypes]
 char $ac_func();
 ^
configure:3391:6: warning: conflicting types for built-in function 'strstr' [enabled by default]
 char $ac_func();
      ^
configure:3393:5: warning: function declaration isn't a prototype [-Wstrict-prototypes]
 int main() {
     ^
configure:3379: checking for strtol
configure:3407: /usr/bin/ccache  gcc -o conftest -O2 -funroll-loops -fomit-frame-pointer -m32 -march=pentium3 -mmmx -msse -mfpmath=sse -Wall -Wstrict-prototypes   conftest.c  1>&5
configure:3391:1: warning: function declaration isn't a prototype [-Wstrict-prototypes]
 char $ac_func();
 ^
configure:3393:5: warning: function declaration isn't a prototype [-Wstrict-prototypes]
 int main() {
     ^
configure:3379: checking for strtoul
configure:3407: /usr/bin/ccache  gcc -o conftest -O2 -funroll-loops -fomit-frame-pointer -m32 -march=pentium3 -mmmx -msse -mfpmath=sse -Wall -Wstrict-prototypes   conftest.c  1>&5
configure:3391:1: warning: function declaration isn't a prototype [-Wstrict-prototypes]
 char $ac_func();
 ^
configure:3393:5: warning: function declaration isn't a prototype [-Wstrict-prototypes]
 int main() {
     ^
configure:3379: checking for strtoq
configure:3407: /usr/bin/ccache  gcc -o conftest -O2 -funroll-loops -fomit-frame-pointer -m32 -march=pentium3 -mmmx -msse -mfpmath=sse -Wall -Wstrict-prototypes   conftest.c  1>&5
configure:3391:1: warning: function declaration isn't a prototype [-Wstrict-prototypes]
 char $ac_func();
 ^
configure:3393:5: warning: function declaration isn't a prototype [-Wstrict-prototypes]
 int main() {
     ^
configure:3379: checking for strtoll
configure:3407: /usr/bin/ccache  gcc -o conftest -O2 -funroll-loops -fomit-frame-pointer -m32 -march=pentium3 -mmmx -msse -mfpmath=sse -Wall -Wstrict-prototypes   conftest.c  1>&5
configure:3391:1: warning: function declaration isn't a prototype [-Wstrict-prototypes]
 char $ac_func();
 ^
configure:3393:5: warning: function declaration isn't a prototype [-Wstrict-prototypes]
 int main() {
     ^
configure:3379: checking for chmod
configure:3407: /usr/bin/ccache  gcc -o conftest -O2 -funroll-loops -fomit-frame-pointer -m32 -march=pentium3 -mmmx -msse -mfpmath=sse -Wall -Wstrict-prototypes   conftest.c  1>&5
configure:3391:1: warning: function declaration isn't a prototype [-Wstrict-prototypes]
 char $ac_func();
 ^
configure:3393:5: warning: function declaration isn't a prototype [-Wstrict-prototypes]
 int main() {
     ^
configure:3434: checking for getpid
configure:3462: /usr/bin/ccache  gcc -o conftest -O2 -funroll-loops -fomit-frame-pointer -m32 -march=pentium3 -mmmx -msse -mfpmath=sse -Wall -Wstrict-prototypes   conftest.c  1>&5
configure:3446:1: warning: function declaration isn't a prototype [-Wstrict-prototypes]
 char $ac_func();
 ^
configure:3448:5: warning: function declaration isn't a prototype [-Wstrict-prototypes]
 int main() {
     ^
configure:3434: checking for setpgid
configure:3462: /usr/bin/ccache  gcc -o conftest -O2 -funroll-loops -fomit-frame-pointer -m32 -march=pentium3 -mmmx -msse -mfpmath=sse -Wall -Wstrict-prototypes   conftest.c  1>&5
configure:3446:1: warning: function declaration isn't a prototype [-Wstrict-prototypes]
 char $ac_func();
 ^
configure:3448:5: warning: function declaration isn't a prototype [-Wstrict-prototypes]
 int main() {
     ^
configure:3489: checking for popen
configure:3517: /usr/bin/ccache  gcc -o conftest -O2 -funroll-loops -fomit-frame-pointer -m32 -march=pentium3 -mmmx -msse -mfpmath=sse -Wall -Wstrict-prototypes   conftest.c  1>&5
configure:3501:1: warning: function declaration isn't a prototype [-Wstrict-prototypes]
 char $ac_func();
 ^
configure:3503:5: warning: function declaration isn't a prototype [-Wstrict-prototypes]
 int main() {
     ^
configure:3544: checking for uname
configure:3572: /usr/bin/ccache  gcc -o conftest -O2 -funroll-loops -fomit-frame-pointer -m32 -march=pentium3 -mmmx -msse -mfpmath=sse -Wall -Wstrict-prototypes   conftest.c  1>&5
configure:3556:1: warning: function declaration isn't a prototype [-Wstrict-prototypes]
 char $ac_func();
 ^
configure:3558:5: warning: function declaration isn't a prototype [-Wstrict-prototypes]
 int main() {
     ^
configure:3599: checking for getpagesize
configure:3627: /usr/bin/ccache  gcc -o conftest -O2 -funroll-loops -fomit-frame-pointer -m32 -march=pentium3 -mmmx -msse -mfpmath=sse -Wall -Wstrict-prototypes   conftest.c  1>&5
configure:3611:1: warning: function declaration isn't a prototype [-Wstrict-prototypes]
 char $ac_func();
 ^
configure:3613:5: warning: function declaration isn't a prototype [-Wstrict-prototypes]
 int main() {
     ^
configure:3654: checking for tempnam
configure:3682: /usr/bin/ccache  gcc -o conftest -O2 -funroll-loops -fomit-frame-pointer -m32 -march=pentium3 -mmmx -msse -mfpmath=sse -Wall -Wstrict-prototypes   conftest.c  1>&5
configure:3666:1: warning: function declaration isn't a prototype [-Wstrict-prototypes]
 char $ac_func();
 ^
configure:3668:5: warning: function declaration isn't a prototype [-Wstrict-prototypes]
 int main() {
     ^
/tmp/ccdrofcg.o: In function `main':
conftest.c:(.text.startup+0x7): warning: the use of `tempnam' is dangerous, better use `mkstemp'
configure:3709: checking for strptime
configure:3737: /usr/bin/ccache  gcc -o conftest -O2 -funroll-loops -fomit-frame-pointer -m32 -march=pentium3 -mmmx -msse -mfpmath=sse -Wall -Wstrict-prototypes   conftest.c  1>&5
configure:3721:1: warning: function declaration isn't a prototype [-Wstrict-prototypes]
 char $ac_func();
 ^
configure:3723:5: warning: function declaration isn't a prototype [-Wstrict-prototypes]
 int main() {
     ^
configure:3764: checking for setlocale
configure:3792: /usr/bin/ccache  gcc -o conftest -O2 -funroll-loops -fomit-frame-pointer -m32 -march=pentium3 -mmmx -msse -mfpmath=sse -Wall -Wstrict-prototypes   conftest.c  1>&5
configure:3776:1: warning: function declaration isn't a prototype [-Wstrict-prototypes]
 char $ac_func();
 ^
configure:3778:5: warning: function declaration isn't a prototype [-Wstrict-prototypes]
 int main() {
     ^
configure:3819: checking for nl_langinfo
configure:3847: /usr/bin/ccache  gcc -o conftest -O2 -funroll-loops -fomit-frame-pointer -m32 -march=pentium3 -mmmx -msse -mfpmath=sse -Wall -Wstrict-prototypes   conftest.c  1>&5
configure:3831:1: warning: function declaration isn't a prototype [-Wstrict-prototypes]
 char $ac_func();
 ^
configure:3833:5: warning: function declaration isn't a prototype [-Wstrict-prototypes]
 int main() {
     ^
configure:3873: checking for sigsetjmp/siglongjmp
configure:3885: /usr/bin/ccache  gcc -o conftest -O2 -funroll-loops -fomit-frame-pointer -m32 -march=pentium3 -mmmx -msse -mfpmath=sse -Wall -Wstrict-prototypes   conftest.c  1>&5
configure:3880:5: warning: function declaration isn't a prototype [-Wstrict-prototypes]
 int main() {
     ^
configure:3914: checking for atan in -lm
configure:3933: /usr/bin/ccache  gcc -o conftest -O2 -funroll-loops -fomit-frame-pointer -m32 -march=pentium3 -mmmx -msse -mfpmath=sse -Wall -Wstrict-prototypes   conftest.c -lm   1>&5
configure:3926:1: warning: function declaration isn't a prototype [-Wstrict-prototypes]
 char atan();
 ^
configure:3926:6: warning: conflicting types for built-in function 'atan' [enabled by default]
 char atan();
      ^
configure:3928:5: warning: function declaration isn't a prototype [-Wstrict-prototypes]
 int main() {
     ^
configure:3962: checking for MD5Data in -lmd
configure:3981: /usr/bin/ccache  gcc -o conftest -O2 -funroll-loops -fomit-frame-pointer -m32 -march=pentium3 -mmmx -msse -mfpmath=sse -Wall -Wstrict-prototypes   conftest.c -lmd  -lm  1>&5
configure:3974:1: warning: function declaration isn't a prototype [-Wstrict-prototypes]
 char MD5Data();
 ^
configure:3976:5: warning: function declaration isn't a prototype [-Wstrict-prototypes]
 int main() {
     ^
/usr/bin/ld: cannot find -lmd
collect2: error: ld returned 1 exit status
configure: failed program was:
#line 3970 "configure"
#include "confdefs.h"
/* Override any gcc2 internal prototype to avoid an error.  */
/* We use char because int might match the return type of a gcc2
    builtin and then its argument prototype would still apply.  */
char MD5Data();

int main() {
MD5Data()
; return 0; }
configure:4011: checking for MD5Init
configure:4039: /usr/bin/ccache  gcc -o conftest -O2 -funroll-loops -fomit-frame-pointer -m32 -march=pentium3 -mmmx -msse -mfpmath=sse -Wall -Wstrict-prototypes   conftest.c -lm  1>&5
configure:4023:1: warning: function declaration isn't a prototype [-Wstrict-prototypes]
 char $ac_func();
 ^
configure:4025:5: warning: function declaration isn't a prototype [-Wstrict-prototypes]
 int main() {
     ^
/tmp/ccNhUiTw.o: In function `main':
conftest.c:(.text.startup+0x7): undefined reference to `MD5Init'
collect2: error: ld returned 1 exit status
configure: failed program was:
#line 4016 "configure"
#include "confdefs.h"
/* System header to define __stub macros and hopefully few prototypes,
    which can conflict with char MD5Init(); below.  */
#include <assert.h>
/* Override any gcc2 internal prototype to avoid an error.  */
/* We use char because int might match the return type of a gcc2
    builtin and then its argument prototype would still apply.  */
char MD5Init();

int main() {

/* The GNU C library defines this for functions which it implements
    to always fail with ENOSYS.  Some functions are actually named
    something starting with __ and the normal name is an alias.  */
#if defined (__stub_MD5Init) || defined (__stub___MD5Init)
choke me
#else
MD5Init();
#endif

; return 0; }
configure:4011: checking for MD5Data
configure:4039: /usr/bin/ccache  gcc -o conftest -O2 -funroll-loops -fomit-frame-pointer -m32 -march=pentium3 -mmmx -msse -mfpmath=sse -Wall -Wstrict-prototypes   conftest.c -lm  1>&5
configure:4023:1: warning: function declaration isn't a prototype [-Wstrict-prototypes]
 char $ac_func();
 ^
configure:4025:5: warning: function declaration isn't a prototype [-Wstrict-prototypes]
 int main() {
     ^
/tmp/ccOcgetC.o: In function `main':
conftest.c:(.text.startup+0x7): undefined reference to `MD5Data'
collect2: error: ld returned 1 exit status
configure: failed program was:
#line 4016 "configure"
#include "confdefs.h"
/* System header to define __stub macros and hopefully few prototypes,
    which can conflict with char MD5Data(); below.  */
#include <assert.h>
/* Override any gcc2 internal prototype to avoid an error.  */
/* We use char because int might match the return type of a gcc2
    builtin and then its argument prototype would still apply.  */
char MD5Data();

int main() {

/* The GNU C library defines this for functions which it implements
    to always fail with ENOSYS.  Some functions are actually named
    something starting with __ and the normal name is an alias.  */
#if defined (__stub_MD5Data) || defined (__stub___MD5Data)
choke me
#else
MD5Data();
#endif

; return 0; }
configure:4065: checking for socket
configure:4093: /usr/bin/ccache  gcc -o conftest -O2 -funroll-loops -fomit-frame-pointer -m32 -march=pentium3 -mmmx -msse -mfpmath=sse -Wall -Wstrict-prototypes   conftest.c -lm  1>&5
configure:4077:1: warning: function declaration isn't a prototype [-Wstrict-prototypes]
 char socket();
 ^
configure:4079:5: warning: function declaration isn't a prototype [-Wstrict-prototypes]
 int main() {
     ^
configure:4166: checking for setsockopt
configure:4194: /usr/bin/ccache  gcc -o conftest -O2 -funroll-loops -fomit-frame-pointer -m32 -march=pentium3 -mmmx -msse -mfpmath=sse -Wall -Wstrict-prototypes   conftest.c -lm  1>&5
configure:4178:1: warning: function declaration isn't a prototype [-Wstrict-prototypes]
 char setsockopt();
 ^
configure:4180:5: warning: function declaration isn't a prototype [-Wstrict-prototypes]
 int main() {
     ^
configure:4268: checking for gethostbyname
configure:4296: /usr/bin/ccache  gcc -o conftest -O2 -funroll-loops -fomit-frame-pointer -m32 -march=pentium3 -mmmx -msse -mfpmath=sse -Wall -Wstrict-prototypes   conftest.c -lm  1>&5
configure:4280:1: warning: function declaration isn't a prototype [-Wstrict-prototypes]
 char gethostbyname();
 ^
configure:4282:5: warning: function declaration isn't a prototype [-Wstrict-prototypes]
 int main() {
     ^
configure:4418: checking for gethostbyaddr
configure:4446: /usr/bin/ccache  gcc -o conftest -O2 -funroll-loops -fomit-frame-pointer -m32 -march=pentium3 -mmmx -msse -mfpmath=sse -Wall -Wstrict-prototypes   conftest.c -lm  1>&5
configure:4430:1: warning: function declaration isn't a prototype [-Wstrict-prototypes]
 char gethostbyaddr();
 ^
configure:4432:5: warning: function declaration isn't a prototype [-Wstrict-prototypes]
 int main() {
     ^
configure:4469: checking for dhcp_option
configure:4497: /usr/bin/ccache  gcc -o conftest -O2 -funroll-loops -fomit-frame-pointer -m32 -march=pentium3 -mmmx -msse -mfpmath=sse -Wall -Wstrict-prototypes   conftest.c -lm  1>&5
configure:4481:1: warning: function declaration isn't a prototype [-Wstrict-prototypes]
 char dhcp_option();
 ^
configure:4483:5: warning: function declaration isn't a prototype [-Wstrict-prototypes]
 int main() {
     ^
/tmp/ccusizDW.o: In function `main':
conftest.c:(.text.startup+0x7): undefined reference to `dhcp_option'
collect2: error: ld returned 1 exit status
configure: failed program was:
#line 4474 "configure"
#include "confdefs.h"
/* System header to define __stub macros and hopefully few prototypes,
    which can conflict with char dhcp_option(); below.  */
#include <assert.h>
/* Override any gcc2 internal prototype to avoid an error.  */
/* We use char because int might match the return type of a gcc2
    builtin and then its argument prototype would still apply.  */
char dhcp_option();

int main() {

/* The GNU C library defines this for functions which it implements
    to always fail with ENOSYS.  Some functions are actually named
    something starting with __ and the normal name is an alias.  */
#if defined (__stub_dhcp_option) || defined (__stub___dhcp_option)
choke me
#else
dhcp_option();
#endif

; return 0; }
configure:4521: checking for herror
configure:4549: /usr/bin/ccache  gcc -o conftest -O2 -funroll-loops -fomit-frame-pointer -m32 -march=pentium3 -mmmx -msse -mfpmath=sse -Wall -Wstrict-prototypes   conftest.c -lm  1>&5
configure:4533:1: warning: function declaration isn't a prototype [-Wstrict-prototypes]
 char herror();
 ^
configure:4535:5: warning: function declaration isn't a prototype [-Wstrict-prototypes]
 int main() {
     ^
configure:4572: checking for cfmakeraw
configure:4600: /usr/bin/ccache  gcc -o conftest -O2 -funroll-loops -fomit-frame-pointer -m32 -march=pentium3 -mmmx -msse -mfpmath=sse -Wall -Wstrict-prototypes   conftest.c -lm  1>&5
configure:4584:1: warning: function declaration isn't a prototype [-Wstrict-prototypes]
 char cfmakeraw();
 ^
configure:4586:5: warning: function declaration isn't a prototype [-Wstrict-prototypes]
 int main() {
     ^
configure:4626: checking for cygwin_conv_to_full_win32_path
configure:4654: /usr/bin/ccache  gcc -o conftest -O2 -funroll-loops -fomit-frame-pointer -m32 -march=pentium3 -mmmx -msse -mfpmath=sse -Wall -Wstrict-prototypes   conftest.c -lm  1>&5
configure:4638:1: warning: function declaration isn't a prototype [-Wstrict-prototypes]
 char $ac_func();
 ^
configure:4640:5: warning: function declaration isn't a prototype [-Wstrict-prototypes]
 int main() {
     ^
/tmp/cclwy0O9.o: In function `main':
conftest.c:(.text.startup+0x7): undefined reference to `cygwin_conv_to_full_win32_path'
collect2: error: ld returned 1 exit status
configure: failed program was:
#line 4631 "configure"
#include "confdefs.h"
/* System header to define __stub macros and hopefully few prototypes,
    which can conflict with char cygwin_conv_to_full_win32_path(); below.  */
#include <assert.h>
/* Override any gcc2 internal prototype to avoid an error.  */
/* We use char because int might match the return type of a gcc2
    builtin and then its argument prototype would still apply.  */
char cygwin_conv_to_full_win32_path();

int main() {

/* The GNU C library defines this for functions which it implements
    to always fail with ENOSYS.  Some functions are actually named
    something starting with __ and the normal name is an alias.  */
#if defined (__stub_cygwin_conv_to_full_win32_path) || defined (__stub___cygwin_conv_to_full_win32_path)
choke me
#else
cygwin_conv_to_full_win32_path();
#endif

; return 0; }
configure:4680: checking for requested debug level
configure:4701: checking if you want to enable javascript
configure:4716: checking if you want to link with system libfl
configure:4742: checking for pkg-config
configure:4786: checking for libpcre
configure:4793: checking LIBPCRE_CFLAGS
configure:4798: checking LIBPCRE_LIBS
configure:4829: checking for pcre_compile in -lpcre
configure:4848: /usr/bin/ccache  gcc -o conftest -O2 -funroll-loops -fomit-frame-pointer -m32 -march=pentium3 -mmmx -msse -mfpmath=sse -Wall -Wstrict-prototypes     conftest.c -lpcre  -lpcre   -lm  1>&5
configure:4841:1: warning: function declaration isn't a prototype [-Wstrict-prototypes]
 char pcre_compile();
 ^
configure:4843:5: warning: function declaration isn't a prototype [-Wstrict-prototypes]
 int main() {
     ^
configure:4879: checking for pcre.h
configure:4889: /usr/bin/ccache  gcc -E    conftest.c >/dev/null 2>conftest.out
configure:5029: checking if you want to use graphics
configure:5047: checking for Gpm_Open in -lgpm
configure:5066: /usr/bin/ccache  gcc -o conftest -O2 -funroll-loops -fomit-frame-pointer -m32 -march=pentium3 -mmmx -msse -mfpmath=sse -Wall -Wstrict-prototypes     conftest.c -lgpm  -lpcre -lpcre   -lm  1>&5
configure:5059:1: warning: function declaration isn't a prototype [-Wstrict-prototypes]
 char Gpm_Open();
 ^
configure:5061:5: warning: function declaration isn't a prototype [-Wstrict-prototypes]
 int main() {
     ^
/usr/bin/ld: cannot find -lgpm
collect2: error: ld returned 1 exit status
configure: failed program was:
#line 5055 "configure"
#include "confdefs.h"
/* Override any gcc2 internal prototype to avoid an error.  */
/* We use char because int might match the return type of a gcc2
    builtin and then its argument prototype would still apply.  */
char Gpm_Open();

int main() {
Gpm_Open()
; return 0; }
configure:5098: checking for gpm.h
configure:5108: /usr/bin/ccache  gcc -E    conftest.c >/dev/null 2>conftest.out
configure:5104:17: fatal error: gpm.h: No such file or directory
 #include <$ac_hdr>
                 ^
compilation terminated.
configure: failed program was:
#line 5103 "configure"
#include "confdefs.h"
#include <gpm.h>
configure:5141: checking for OS/2 threads
configure:5155: /usr/bin/ccache  gcc -o conftest -O2 -funroll-loops -fomit-frame-pointer -m32 -march=pentium3 -mmmx -msse -mfpmath=sse -Wall -Wstrict-prototypes -Zmt     conftest.c -lpcre -lpcre   -lm  1>&5
gcc: error: unrecognized command line option '-Zmt'
configure: failed program was:
#line 5148 "configure"
#include "confdefs.h"
#include <stdlib.h>
int main() {
_beginthread(NULL, NULL, 0, NULL)
; return 0; }
configure:5190: checking for atheos/threads.h
configure:5200: /usr/bin/ccache  gcc -E    conftest.c >/dev/null 2>conftest.out
configure:5196:28: fatal error: atheos/threads.h: No such file or directory
 #include <$ac_hdr>
                            ^
compilation terminated.
configure: failed program was:
#line 5195 "configure"
#include "confdefs.h"
#include <atheos/threads.h>
configure:5229: checking for spawn_thread
configure:5257: /usr/bin/ccache  gcc -o conftest -O2 -funroll-loops -fomit-frame-pointer -m32 -march=pentium3 -mmmx -msse -mfpmath=sse -Wall -Wstrict-prototypes     conftest.c -lpcre -lpcre   -lm  1>&5
configure:5241:1: warning: function declaration isn't a prototype [-Wstrict-prototypes]
 char $ac_func();
 ^
configure:5243:5: warning: function declaration isn't a prototype [-Wstrict-prototypes]
 int main() {
     ^
/tmp/ccjxMabt.o: In function `main':
conftest.c:(.text.startup+0x7): undefined reference to `spawn_thread'
collect2: error: ld returned 1 exit status
configure: failed program was:
#line 5234 "configure"
#include "confdefs.h"
/* System header to define __stub macros and hopefully few prototypes,
    which can conflict with char spawn_thread(); below.  */
#include <assert.h>
/* Override any gcc2 internal prototype to avoid an error.  */
/* We use char because int might match the return type of a gcc2
    builtin and then its argument prototype would still apply.  */
char spawn_thread();

int main() {

/* The GNU C library defines this for functions which it implements
    to always fail with ENOSYS.  Some functions are actually named
    something starting with __ and the normal name is an alias.  */
#if defined (__stub_spawn_thread) || defined (__stub___spawn_thread)
choke me
#else
spawn_thread();
#endif

; return 0; }
configure:5284: checking for resume_thread
configure:5312: /usr/bin/ccache  gcc -o conftest -O2 -funroll-loops -fomit-frame-pointer -m32 -march=pentium3 -mmmx -msse -mfpmath=sse -Wall -Wstrict-prototypes     conftest.c -lpcre -lpcre   -lm  1>&5
configure:5296:1: warning: function declaration isn't a prototype [-Wstrict-prototypes]
 char $ac_func();
 ^
configure:5298:5: warning: function declaration isn't a prototype [-Wstrict-prototypes]
 int main() {
     ^
/tmp/cc9C61mx.o: In function `main':
conftest.c:(.text.startup+0x7): undefined reference to `resume_thread'
collect2: error: ld returned 1 exit status
configure: failed program was:
#line 5289 "configure"
#include "confdefs.h"
/* System header to define __stub macros and hopefully few prototypes,
    which can conflict with char resume_thread(); below.  */
#include <assert.h>
/* Override any gcc2 internal prototype to avoid an error.  */
/* We use char because int might match the return type of a gcc2
    builtin and then its argument prototype would still apply.  */
char resume_thread();

int main() {

/* The GNU C library defines this for functions which it implements
    to always fail with ENOSYS.  Some functions are actually named
    something starting with __ and the normal name is an alias.  */
#if defined (__stub_resume_thread) || defined (__stub___resume_thread)
choke me
#else
resume_thread();
#endif

; return 0; }
configure:5338: checking for MouOpen
configure:5366: /usr/bin/ccache  gcc -o conftest -O2 -funroll-loops -fomit-frame-pointer -m32 -march=pentium3 -mmmx -msse -mfpmath=sse -Wall -Wstrict-prototypes     conftest.c -lpcre -lpcre   -lm  1>&5
configure:5350:1: warning: function declaration isn't a prototype [-Wstrict-prototypes]
 char MouOpen();
 ^
configure:5352:5: warning: function declaration isn't a prototype [-Wstrict-prototypes]
 int main() {
     ^
/tmp/ccsP22Gz.o: In function `main':
conftest.c:(.text.startup+0x7): undefined reference to `MouOpen'
collect2: error: ld returned 1 exit status
configure: failed program was:
#line 5343 "configure"
#include "confdefs.h"
/* System header to define __stub macros and hopefully few prototypes,
    which can conflict with char MouOpen(); below.  */
#include <assert.h>
/* Override any gcc2 internal prototype to avoid an error.  */
/* We use char because int might match the return type of a gcc2
    builtin and then its argument prototype would still apply.  */
char MouOpen();

int main() {

/* The GNU C library defines this for functions which it implements
    to always fail with ENOSYS.  Some functions are actually named
    something starting with __ and the normal name is an alias.  */
#if defined (__stub_MouOpen) || defined (__stub___MouOpen)
choke me
#else
MouOpen();
#endif

; return 0; }
configure:5389: checking for _read_kbd
configure:5417: /usr/bin/ccache  gcc -o conftest -O2 -funroll-loops -fomit-frame-pointer -m32 -march=pentium3 -mmmx -msse -mfpmath=sse -Wall -Wstrict-prototypes     conftest.c -lpcre -lpcre   -lm  1>&5
configure:5401:1: warning: function declaration isn't a prototype [-Wstrict-prototypes]
 char _read_kbd();
 ^
configure:5403:5: warning: function declaration isn't a prototype [-Wstrict-prototypes]
 int main() {
     ^
/tmp/ccaTdjRt.o: In function `main':
conftest.c:(.text.startup+0x7): undefined reference to `_read_kbd'
collect2: error: ld returned 1 exit status
configure: failed program was:
#line 5394 "configure"
#include "confdefs.h"
/* System header to define __stub macros and hopefully few prototypes,
    which can conflict with char _read_kbd(); below.  */
#include <assert.h>
/* Override any gcc2 internal prototype to avoid an error.  */
/* We use char because int might match the return type of a gcc2
    builtin and then its argument prototype would still apply.  */
char _read_kbd();

int main() {

/* The GNU C library defines this for functions which it implements
    to always fail with ENOSYS.  Some functions are actually named
    something starting with __ and the normal name is an alias.  */
#if defined (__stub__read_kbd) || defined (__stub____read_kbd)
choke me
#else
_read_kbd();
#endif

; return 0; }
configure:5441: checking for XFree for OS/2
configure:5507: checking for dlopen in -ldl
configure:5526: /usr/bin/ccache  gcc -o conftest -O2 -funroll-loops -fomit-frame-pointer -m32 -march=pentium3 -mmmx -msse -mfpmath=sse -Wall -Wstrict-prototypes     conftest.c -ldl  -lpcre -lpcre   -lm  1>&5
configure:5519:1: warning: function declaration isn't a prototype [-Wstrict-prototypes]
 char dlopen();
 ^
configure:5521:5: warning: function declaration isn't a prototype [-Wstrict-prototypes]
 int main() {
     ^
configure:5616: checking for openssl
configure:5623: checking OPENSSL_CFLAGS
configure:5628: checking OPENSSL_LIBS
configure:5656: checking for OpenSSL
configure:5667: /usr/bin/ccache  gcc -o conftest -O2 -funroll-loops -fomit-frame-pointer -m32 -march=pentium3 -mmmx -msse -mfpmath=sse -Wall -Wstrict-prototypes       conftest.c -lssl -lcrypto   -ldl -lpcre -lpcre   -lm  1>&5
configure:5662:5: warning: function declaration isn't a prototype [-Wstrict-prototypes]
 int main() {
     ^
configure:5787: checking for zlib.h
configure:5797: /usr/bin/ccache  gcc -E      conftest.c >/dev/null 2>conftest.out
configure:5824: checking for inflate in -lz
configure:5843: /usr/bin/ccache  gcc -o conftest -O2 -funroll-loops -fomit-frame-pointer -m32 -march=pentium3 -mmmx -msse -mfpmath=sse -Wall -Wstrict-prototypes       conftest.c -lz  -lssl -lcrypto   -ldl -lpcre -lpcre   -lm  1>&5
configure:5836:1: warning: function declaration isn't a prototype [-Wstrict-prototypes]
 char inflate();
 ^
configure:5838:5: warning: function declaration isn't a prototype [-Wstrict-prototypes]
 int main() {
     ^
configure:5883: checking for bzlib.h
configure:5893: /usr/bin/ccache  gcc -E      conftest.c >/dev/null 2>conftest.out
configure:5920: checking for BZ2_bzDecompress in -lbz2
configure:5939: /usr/bin/ccache  gcc -o conftest -O2 -funroll-loops -fomit-frame-pointer -m32 -march=pentium3 -mmmx -msse -mfpmath=sse -Wall -Wstrict-prototypes       conftest.c -lbz2  -lz -lssl -lcrypto   -ldl -lpcre -lpcre   -lm  1>&5
configure:5932:1: warning: function declaration isn't a prototype [-Wstrict-prototypes]
 char BZ2_bzDecompress();
 ^
configure:5934:5: warning: function declaration isn't a prototype [-Wstrict-prototypes]
 int main() {
     ^
configure:6070: checking for linux/fb.h
configure:6080: /usr/bin/ccache  gcc -E      conftest.c >/dev/null 2>conftest.out
configure:6110: checking for linux/kd.h
configure:6120: /usr/bin/ccache  gcc -E      conftest.c >/dev/null 2>conftest.out
configure:6150: checking for linux/vt.h
configure:6160: /usr/bin/ccache  gcc -E      conftest.c >/dev/null 2>conftest.out
configure:6190: checking for sys/mman.h
configure:6200: /usr/bin/ccache  gcc -E      conftest.c >/dev/null 2>conftest.out
configure:6239: checking for directfb-config
configure:6640: checking for pmshell
configure:6657: /usr/bin/ccache  gcc -o conftest -O2 -funroll-loops -fomit-frame-pointer -m32 -march=pentium3 -mmmx -msse -mfpmath=sse -Wall -Wstrict-prototypes       conftest.c -lbz2 -lz -lssl -lcrypto   -ldl -lpcre -lpcre   -lm  1>&5
configure:6648:20: fatal error: os2.h: No such file or directory
  echo $ac_n "checking for pmshell""... $ac_c" 1>&6
                    ^
compilation terminated.
configure: failed program was:
#line 6645 "configure"
#include "confdefs.h"
#define INCL_WIN
			#define INCL_GPI
			#include <os2.h>
			#include <sys/fmutex.h>
int main() {
_fmutex mutex;
			WinDrawText(NULLHANDLE, -1, NULL, NULL, 0, 0, 0),
			GpiSetPel(NULLHANDLE, NULL)
; return 0; }
configure:6688: checking for gui/view.h
configure:6698: /usr/bin/ccache  gcc -E      conftest.cpp >/dev/null 2>conftest.out
configure:6694:22: fatal error: gui/view.h: No such file or directory
 do
                      ^
compilation terminated.
configure: failed program was:
#line 6693 "configure"
#include "confdefs.h"
#include <gui/view.h>
configure:6728: checking for gui/window.h
configure:6738: /usr/bin/ccache  gcc -E      conftest.cpp >/dev/null 2>conftest.out
configure:6734:24: fatal error: gui/window.h: No such file or directory
 do
                        ^
compilation terminated.
configure: failed program was:
#line 6733 "configure"
#include "confdefs.h"
#include <gui/window.h>
configure:6768: checking for gui/desktop.h
configure:6778: /usr/bin/ccache  gcc -E      conftest.cpp >/dev/null 2>conftest.out
configure:6774:25: fatal error: gui/desktop.h: No such file or directory
 do
                         ^
compilation terminated.
configure: failed program was:
#line 6773 "configure"
#include "confdefs.h"
#include <gui/desktop.h>
configure:6808: checking for gui/bitmap.h
configure:6818: /usr/bin/ccache  gcc -E      conftest.cpp >/dev/null 2>conftest.out
configure:6814:24: fatal error: gui/bitmap.h: No such file or directory
 do
                        ^
compilation terminated.
configure: failed program was:
#line 6813 "configure"
#include "confdefs.h"
#include <gui/bitmap.h>
configure:6848: checking for util/locker.h
configure:6858: /usr/bin/ccache  gcc -E      conftest.cpp >/dev/null 2>conftest.out
configure:6854:25: fatal error: util/locker.h: No such file or directory
 do
                         ^
compilation terminated.
configure: failed program was:
#line 6853 "configure"
#include "confdefs.h"
#include <util/locker.h>
configure:6888: checking for util/application.h
configure:6898: /usr/bin/ccache  gcc -E      conftest.cpp >/dev/null 2>conftest.out
configure:6894:30: fatal error: util/application.h: No such file or directory
 do
                              ^
compilation terminated.
configure: failed program was:
#line 6893 "configure"
#include "confdefs.h"
#include <util/application.h>
configure:7174: checking for inflate in -lz
configure:7271: checking for libpng >= 1.0.0
configure:7278: checking LIBPNG_CFLAGS
configure:7283: checking LIBPNG_LIBS
configure:7411: checking for png.h
configure:7421: /usr/bin/ccache  gcc -E      -I/usr/include/libpng12   conftest.c >/dev/null 2>conftest.out
configure:7411: checking for libpng/png.h
configure:7421: /usr/bin/ccache  gcc -E      -I/usr/include/libpng12   conftest.c >/dev/null 2>conftest.out
configure:7448: checking for png_create_info_struct in -lpng
configure:7467: /usr/bin/ccache  gcc -o conftest -O2 -funroll-loops -fomit-frame-pointer -m32 -march=pentium3 -mmmx -msse -mfpmath=sse -Wall -Wstrict-prototypes      -I/usr/include/libpng12    conftest.c -lpng  -lpng12   -lz -lbz2 -lz -lssl -lcrypto   -ldl -lpcre -lpcre   -lm  1>&5
configure:7460:1: warning: function declaration isn't a prototype [-Wstrict-prototypes]
   echo $ac_n "(cached) $ac_c" 1>&6
 ^
configure:7462:5: warning: function declaration isn't a prototype [-Wstrict-prototypes]
   ac_save_LIBS="$LIBS"
     ^
configure:7501: checking for png_set_rgb_to_gray
configure:7529: /usr/bin/ccache  gcc -o conftest -O2 -funroll-loops -fomit-frame-pointer -m32 -march=pentium3 -mmmx -msse -mfpmath=sse -Wall -Wstrict-prototypes      -I/usr/include/libpng12    conftest.c -lpng -lpng12   -lz -lbz2 -lz -lssl -lcrypto   -ldl -lpcre -lpcre   -lm  1>&5
configure:7513:1: warning: function declaration isn't a prototype [-Wstrict-prototypes]
 else
 ^
configure:7515:5: warning: function declaration isn't a prototype [-Wstrict-prototypes]
 #line 7506 "configure"
     ^
configure:7556: checking for png_get_image_width
configure:7584: /usr/bin/ccache  gcc -o conftest -O2 -funroll-loops -fomit-frame-pointer -m32 -march=pentium3 -mmmx -msse -mfpmath=sse -Wall -Wstrict-prototypes      -I/usr/include/libpng12    conftest.c -lpng -lpng12   -lz -lbz2 -lz -lssl -lcrypto   -ldl -lpcre -lpcre   -lm  1>&5
configure:7568:1: warning: function declaration isn't a prototype [-Wstrict-prototypes]
 else
 ^
configure:7570:5: warning: function declaration isn't a prototype [-Wstrict-prototypes]
 #line 7561 "configure"
     ^
configure:7556: checking for png_get_image_height
configure:7584: /usr/bin/ccache  gcc -o conftest -O2 -funroll-loops -fomit-frame-pointer -m32 -march=pentium3 -mmmx -msse -mfpmath=sse -Wall -Wstrict-prototypes      -I/usr/include/libpng12    conftest.c -lpng -lpng12   -lz -lbz2 -lz -lssl -lcrypto   -ldl -lpcre -lpcre   -lm  1>&5
configure:7568:1: warning: function declaration isn't a prototype [-Wstrict-prototypes]
 else
 ^
configure:7570:5: warning: function declaration isn't a prototype [-Wstrict-prototypes]
 #line 7561 "configure"
     ^
configure:7556: checking for png_get_gAMA
configure:7584: /usr/bin/ccache  gcc -o conftest -O2 -funroll-loops -fomit-frame-pointer -m32 -march=pentium3 -mmmx -msse -mfpmath=sse -Wall -Wstrict-prototypes      -I/usr/include/libpng12    conftest.c -lpng -lpng12   -lz -lbz2 -lz -lssl -lcrypto   -ldl -lpcre -lpcre   -lm  1>&5
configure:7568:1: warning: function declaration isn't a prototype [-Wstrict-prototypes]
 else
 ^
configure:7570:5: warning: function declaration isn't a prototype [-Wstrict-prototypes]
 #line 7561 "configure"
     ^
configure:7556: checking for png_get_color_type
configure:7584: /usr/bin/ccache  gcc -o conftest -O2 -funroll-loops -fomit-frame-pointer -m32 -march=pentium3 -mmmx -msse -mfpmath=sse -Wall -Wstrict-prototypes      -I/usr/include/libpng12    conftest.c -lpng -lpng12   -lz -lbz2 -lz -lssl -lcrypto   -ldl -lpcre -lpcre   -lm  1>&5
configure:7568:1: warning: function declaration isn't a prototype [-Wstrict-prototypes]
 else
 ^
configure:7570:5: warning: function declaration isn't a prototype [-Wstrict-prototypes]
 #line 7561 "configure"
     ^
configure:7556: checking for png_get_bit_depth
configure:7584: /usr/bin/ccache  gcc -o conftest -O2 -funroll-loops -fomit-frame-pointer -m32 -march=pentium3 -mmmx -msse -mfpmath=sse -Wall -Wstrict-prototypes      -I/usr/include/libpng12    conftest.c -lpng -lpng12   -lz -lbz2 -lz -lssl -lcrypto   -ldl -lpcre -lpcre   -lm  1>&5
configure:7568:1: warning: function declaration isn't a prototype [-Wstrict-prototypes]
 else
 ^
configure:7570:5: warning: function declaration isn't a prototype [-Wstrict-prototypes]
 #line 7561 "configure"
     ^
configure:7556: checking for png_set_strip_alpha
configure:7584: /usr/bin/ccache  gcc -o conftest -O2 -funroll-loops -fomit-frame-pointer -m32 -march=pentium3 -mmmx -msse -mfpmath=sse -Wall -Wstrict-prototypes      -I/usr/include/libpng12    conftest.c -lpng -lpng12   -lz -lbz2 -lz -lssl -lcrypto   -ldl -lpcre -lpcre   -lm  1>&5
configure:7568:1: warning: function declaration isn't a prototype [-Wstrict-prototypes]
 else
 ^
configure:7570:5: warning: function declaration isn't a prototype [-Wstrict-prototypes]
 #line 7561 "configure"
     ^
configure:7556: checking for png_get_valid
configure:7584: /usr/bin/ccache  gcc -o conftest -O2 -funroll-loops -fomit-frame-pointer -m32 -march=pentium3 -mmmx -msse -mfpmath=sse -Wall -Wstrict-prototypes      -I/usr/include/libpng12    conftest.c -lpng -lpng12   -lz -lbz2 -lz -lssl -lcrypto   -ldl -lpcre -lpcre   -lm  1>&5
configure:7568:1: warning: function declaration isn't a prototype [-Wstrict-prototypes]
 else
 ^
configure:7570:5: warning: function declaration isn't a prototype [-Wstrict-prototypes]
 #line 7561 "configure"
     ^
configure:7556: checking for png_get_sRGB
configure:7584: /usr/bin/ccache  gcc -o conftest -O2 -funroll-loops -fomit-frame-pointer -m32 -march=pentium3 -mmmx -msse -mfpmath=sse -Wall -Wstrict-prototypes      -I/usr/include/libpng12    conftest.c -lpng -lpng12   -lz -lbz2 -lz -lssl -lcrypto   -ldl -lpcre -lpcre   -lm  1>&5
configure:7568:1: warning: function declaration isn't a prototype [-Wstrict-prototypes]
 else
 ^
configure:7570:5: warning: function declaration isn't a prototype [-Wstrict-prototypes]
 #line 7561 "configure"
     ^
configure:7620: checking if you can include both setjmp.h and png.h
configure:7633: /usr/bin/ccache  gcc -c -O2 -funroll-loops -fomit-frame-pointer -m32 -march=pentium3 -mmmx -msse -mfpmath=sse -Wall -Wstrict-prototypes      -I/usr/include/libpng12   conftest.c 1>&5
In file included from /usr/include/libpng12/png.h:540:0,
                 from configure:7627:
/usr/include/libpng12/pngconf.h:371:21: error: expected '=', ',', ';', 'asm' or '__attribute__' before '.' token
            __pngconf.h__ in libpng already includes setjmp.h;
                     ^
/usr/include/libpng12/pngconf.h:372:12: error: unknown type name '__dont__'
            __dont__ include it again.;
            ^
/usr/include/libpng12/pngconf.h:372:29: error: expected '=', ',', ';', 'asm' or '__attribute__' before 'it'
            __dont__ include it again.;
                             ^
/usr/include/libpng12/pngconf.h:372:29: error: unknown type name 'it'
configure:7628:5: warning: function declaration isn't a prototype [-Wstrict-prototypes]
  echo $ac_n "checking if you can include both setjmp.h and png.h""... $ac_c" 1>&6
     ^
configure: In function 'main':
configure:7629:9: warning: unused variable 'bla' [-Wunused-variable]
 echo "configure:7620: checking if you can include both setjmp.h and png.h" >&5
         ^
configure: failed program was:
#line 7625 "configure"
#include "confdefs.h"
#include <setjmp.h>
		#include <png.h>
int main() {
jmp_buf bla;
; return 0; }
configure:7667: checking for jpeglib.h
configure:7677: /usr/bin/ccache  gcc -E      -I/usr/include/libpng12   conftest.c >/dev/null 2>conftest.out
configure:7704: checking for jpeg_destroy_decompress in -ljpeg
configure:7723: /usr/bin/ccache  gcc -o conftest -O2 -funroll-loops -fomit-frame-pointer -m32 -march=pentium3 -mmmx -msse -mfpmath=sse -Wall -Wstrict-prototypes      -I/usr/include/libpng12    conftest.c -ljpeg  -lpng -lpng12   -lz -lbz2 -lz -lssl -lcrypto   -ldl -lpcre -lpcre   -lm  1>&5
configure:7716:1: warning: function declaration isn't a prototype [-Wstrict-prototypes]
   echo $ac_n "(cached) $ac_c" 1>&6
 ^
configure:7718:5: warning: function declaration isn't a prototype [-Wstrict-prototypes]
   ac_save_LIBS="$LIBS"
     ^
configure:7772: checking for tiffio.h
configure:7782: /usr/bin/ccache  gcc -E      -I/usr/include/libpng12   conftest.c >/dev/null 2>conftest.out
configure:7809: checking for TIFFClientOpen in -ltiff
configure:7828: /usr/bin/ccache  gcc -o conftest -O2 -funroll-loops -fomit-frame-pointer -m32 -march=pentium3 -mmmx -msse -mfpmath=sse -Wall -Wstrict-prototypes      -I/usr/include/libpng12    conftest.c -ltiff  -ljpeg -lpng -lpng12   -lz -lbz2 -lz -lssl -lcrypto   -ldl -lpcre -lpcre   -lm  1>&5
configure:7821:1: warning: function declaration isn't a prototype [-Wstrict-prototypes]
   echo $ac_n "(cached) $ac_c" 1>&6
 ^
configure:7823:5: warning: function declaration isn't a prototype [-Wstrict-prototypes]
   ac_save_LIBS="$LIBS"
     ^
