This file contains any messages produced by compilers while
running configure, to aid debugging if configure makes a mistake.

It was created by configure, which was
generated by GNU Autoconf 2.59.  Invocation command line was

  $ ./configure --prefix=/usr

## --------- ##
## Platform. ##
## --------- ##

hostname = ReelBox61
uname -m = i686
uname -r = 4.8.0-49-generic
uname -s = Linux
uname -v = #52~16.04.1-Ubuntu SMP Thu Apr 20 10:55:35 UTC 2017

/usr/bin/uname -p = unknown
/bin/uname -X     = unknown

/bin/arch              = unknown
/usr/bin/arch -k       = unknown
/usr/convex/getsysinfo = unknown
hostinfo               = unknown
/bin/machine           = unknown
/usr/bin/oslevel       = unknown
/bin/universe          = unknown

PATH: /sbin
PATH: /bin/
PATH: /usr/bin
PATH: /usr/sbin


## ----------- ##
## Core tests. ##
## ----------- ##

configure:1349: checking for gcc
configure:1375: result: /usr/bin/ccache  gcc
configure:1619: checking for C compiler version
configure:1622: /usr/bin/ccache  gcc --version </dev/null >&5
gcc (Ubuntu 5.4.0-6ubuntu1~16.04.4) 5.4.0 20160609
Copyright (C) 2015 Free Software Foundation, Inc.
This is free software; see the source for copying conditions.  There is NO
warranty; not even for MERCHANTABILITY or FITNESS FOR A PARTICULAR PURPOSE.

configure:1625: $? = 0
configure:1627: /usr/bin/ccache  gcc -v </dev/null >&5
Using built-in specs.
COLLECT_GCC=/usr/bin/gcc
COLLECT_LTO_WRAPPER=/usr/lib/gcc/i686-linux-gnu/5/lto-wrapper
Target: i686-linux-gnu
Configured with: ../src/configure -v --with-pkgversion='Ubuntu 5.4.0-6ubuntu1~16.04.4' --with-bugurl=file:///usr/share/doc/gcc-5/README.Bugs --enable-languages=c,ada,c++,java,go,d,fortran,objc,obj-c++ --prefix=/usr --program-suffix=-5 --enable-shared --enable-linker-build-id --libexecdir=/usr/lib --without-included-gettext --enable-threads=posix --libdir=/usr/lib --enable-nls --with-sysroot=/ --enable-clocale=gnu --enable-libstdcxx-debug --enable-libstdcxx-time=yes --with-default-libstdcxx-abi=new --enable-gnu-unique-object --disable-vtable-verify --enable-libmpx --enable-plugin --with-system-zlib --disable-browser-plugin --enable-java-awt=gtk --enable-gtk-cairo --with-java-home=/usr/lib/jvm/java-1.5.0-gcj-5-i386/jre --enable-java-home --with-jvm-root-dir=/usr/lib/jvm/java-1.5.0-gcj-5-i386 --with-jvm-jar-dir=/usr/lib/jvm-exports/java-1.5.0-gcj-5-i386 --with-arch-directory=i386 --with-ecj-jar=/usr/share/java/eclipse-ecj.jar --enable-objc-gc --enable-targets=all --enable-multiarch --disable-werror --with-arch-32=i686 --with-multilib-list=m32,m64,mx32 --enable-multilib --with-tune=generic --enable-checking=release --build=i686-linux-gnu --host=i686-linux-gnu --target=i686-linux-gnu
Thread model: posix
gcc version 5.4.0 20160609 (Ubuntu 5.4.0-6ubuntu1~16.04.4) 
configure:1630: $? = 0
configure:1632: /usr/bin/ccache  gcc -V </dev/null >&5
gcc: error: unrecognized command line option '-V'
gcc: fatal error: no input files
compilation terminated.
configure:1635: $? = 1
configure:1658: checking for C compiler default output file name
configure:1661: /usr/bin/ccache  gcc -O2 -funroll-loops -fomit-frame-pointer -m32 -march=pentium3 -mmmx -msse -mfpmath=sse -Wall -Wstrict-prototypes   conftest.c  >&5
conftest.c:11:1: warning: function declaration isn't a prototype [-Wstrict-prototypes]
 main ()
 ^
configure:1664: $? = 0
configure:1710: result: a.out
configure:1715: checking whether the C compiler works
configure:1721: ./a.out
configure:1724: $? = 0
configure:1741: result: yes
configure:1748: checking whether we are cross compiling
configure:1750: result: no
configure:1753: checking for suffix of executables
configure:1755: /usr/bin/ccache  gcc -o conftest -O2 -funroll-loops -fomit-frame-pointer -m32 -march=pentium3 -mmmx -msse -mfpmath=sse -Wall -Wstrict-prototypes   conftest.c  >&5
conftest.c:11:1: warning: function declaration isn't a prototype [-Wstrict-prototypes]
 main ()
 ^
configure:1758: $? = 0
configure:1783: result: 
configure:1789: checking for suffix of object files
configure:1810: /usr/bin/ccache  gcc -c -O2 -funroll-loops -fomit-frame-pointer -m32 -march=pentium3 -mmmx -msse -mfpmath=sse -Wall -Wstrict-prototypes  conftest.c >&5
conftest.c:11:1: warning: function declaration isn't a prototype [-Wstrict-prototypes]
 main ()
 ^
configure:1813: $? = 0
configure:1835: result: o
configure:1839: checking whether we are using the GNU C compiler
configure:1863: /usr/bin/ccache  gcc -c -O2 -funroll-loops -fomit-frame-pointer -m32 -march=pentium3 -mmmx -msse -mfpmath=sse -Wall -Wstrict-prototypes  conftest.c >&5
conftest.c:11:1: warning: function declaration isn't a prototype [-Wstrict-prototypes]
 main ()
 ^
configure:1869: $? = 0
configure:1873: test -z 
			 || test ! -s conftest.err
configure:1876: $? = 0
configure:1879: test -s conftest.o
configure:1882: $? = 0
configure:1895: result: yes
configure:1901: checking whether /usr/bin/ccache  gcc accepts -g
configure:1922: /usr/bin/ccache  gcc -c -g  conftest.c >&5
configure:1928: $? = 0
configure:1932: test -z 
			 || test ! -s conftest.err
configure:1935: $? = 0
configure:1938: test -s conftest.o
configure:1941: $? = 0
configure:1952: result: yes
configure:1969: checking for /usr/bin/ccache  gcc option to accept ANSI C
configure:2039: /usr/bin/ccache  gcc  -c -O2 -funroll-loops -fomit-frame-pointer -m32 -march=pentium3 -mmmx -msse -mfpmath=sse -Wall -Wstrict-prototypes  conftest.c >&5
conftest.c:16:14: warning: function declaration isn't a prototype [-Wstrict-prototypes]
 static char *e (p, i)
              ^
conftest.c:48:1: warning: function declaration isn't a prototype [-Wstrict-prototypes]
 main ()
 ^
configure:2045: $? = 0
configure:2049: test -z 
			 || test ! -s conftest.err
configure:2052: $? = 0
configure:2055: test -s conftest.o
configure:2058: $? = 0
configure:2076: result: none needed
configure:2094: /usr/bin/ccache  gcc -c -O2 -funroll-loops -fomit-frame-pointer -m32 -march=pentium3 -mmmx -msse -mfpmath=sse -Wall -Wstrict-prototypes  conftest.c >&5
conftest.c:2:3: error: unknown type name 'choke'
   choke me
   ^
conftest.c:2:3: error: expected '=', ',', ';', 'asm' or '__attribute__' at end of input
configure:2100: $? = 1
configure: failed program was:
| #ifndef __cplusplus
|   choke me
| #endif
configure:2234: checking for library containing strerror
configure:2264: /usr/bin/ccache  gcc -o conftest -O2 -funroll-loops -fomit-frame-pointer -m32 -march=pentium3 -mmmx -msse -mfpmath=sse -Wall -Wstrict-prototypes   conftest.c  >&5
conftest.c:16:1: warning: function declaration isn't a prototype [-Wstrict-prototypes]
 char strerror ();
 ^
conftest.c:18:1: warning: function declaration isn't a prototype [-Wstrict-prototypes]
 main ()
 ^
configure:2270: $? = 0
configure:2274: test -z 
			 || test ! -s conftest.err
configure:2277: $? = 0
configure:2280: test -s conftest
configure:2283: $? = 0
configure:2353: result: none required
configure:2365: checking how to run the C preprocessor
configure:2400: /usr/bin/ccache  gcc -E  conftest.c
configure:2406: $? = 0
configure:2438: /usr/bin/ccache  gcc -E  conftest.c
conftest.c:9:28: fatal error: ac_nonexistent.h: No such file or directory
compilation terminated.
configure:2444: $? = 1
configure: failed program was:
| /* confdefs.h.  */
| 
| #define PACKAGE_NAME ""
| #define PACKAGE_TARNAME ""
| #define PACKAGE_VERSION ""
| #define PACKAGE_STRING ""
| #define PACKAGE_BUGREPORT ""
| /* end confdefs.h.  */
| #include <ac_nonexistent.h>
configure:2483: result: /usr/bin/ccache  gcc -E
configure:2507: /usr/bin/ccache  gcc -E  conftest.c
configure:2513: $? = 0
configure:2545: /usr/bin/ccache  gcc -E  conftest.c
conftest.c:9:28: fatal error: ac_nonexistent.h: No such file or directory
compilation terminated.
configure:2551: $? = 1
configure: failed program was:
| /* confdefs.h.  */
| 
| #define PACKAGE_NAME ""
| #define PACKAGE_TARNAME ""
| #define PACKAGE_VERSION ""
| #define PACKAGE_STRING ""
| #define PACKAGE_BUGREPORT ""
| /* end confdefs.h.  */
| #include <ac_nonexistent.h>
configure:2595: checking for egrep
configure:2605: result: grep -E
configure:2611: checking for AIX
configure:2633: result: no
configure:2639: checking for ANSI C header files
configure:2664: /usr/bin/ccache  gcc -c -O2 -funroll-loops -fomit-frame-pointer -m32 -march=pentium3 -mmmx -msse -mfpmath=sse -Wall -Wstrict-prototypes  conftest.c >&5
conftest.c:15:1: warning: function declaration isn't a prototype [-Wstrict-prototypes]
 main ()
 ^
configure:2670: $? = 0
configure:2674: test -z 
			 || test ! -s conftest.err
configure:2677: $? = 0
configure:2680: test -s conftest.o
configure:2683: $? = 0
configure:2772: /usr/bin/ccache  gcc -o conftest -O2 -funroll-loops -fomit-frame-pointer -m32 -march=pentium3 -mmmx -msse -mfpmath=sse -Wall -Wstrict-prototypes   conftest.c  >&5
conftest.c:20:1: warning: function declaration isn't a prototype [-Wstrict-prototypes]
 main ()
 ^
conftest.c: In function 'main':
conftest.c:26:7: warning: implicit declaration of function 'exit' [-Wimplicit-function-declaration]
       exit(2);
       ^
conftest.c:26:7: warning: incompatible implicit declaration of built-in function 'exit'
conftest.c:26:7: note: include '<stdlib.h>' or provide a declaration of 'exit'
conftest.c:27:3: warning: incompatible implicit declaration of built-in function 'exit'
   exit (0);
   ^
conftest.c:27:3: note: include '<stdlib.h>' or provide a declaration of 'exit'
configure:2775: $? = 0
configure:2777: ./conftest
configure:2780: $? = 0
configure:2795: result: yes
configure:2819: checking for sys/types.h
configure:2835: /usr/bin/ccache  gcc -c -O2 -funroll-loops -fomit-frame-pointer -m32 -march=pentium3 -mmmx -msse -mfpmath=sse -Wall -Wstrict-prototypes  conftest.c >&5
configure:2841: $? = 0
configure:2845: test -z 
			 || test ! -s conftest.err
configure:2848: $? = 0
configure:2851: test -s conftest.o
configure:2854: $? = 0
configure:2865: result: yes
configure:2819: checking for sys/stat.h
configure:2835: /usr/bin/ccache  gcc -c -O2 -funroll-loops -fomit-frame-pointer -m32 -march=pentium3 -mmmx -msse -mfpmath=sse -Wall -Wstrict-prototypes  conftest.c >&5
configure:2841: $? = 0
configure:2845: test -z 
			 || test ! -s conftest.err
configure:2848: $? = 0
configure:2851: test -s conftest.o
configure:2854: $? = 0
configure:2865: result: yes
configure:2819: checking for stdlib.h
configure:2835: /usr/bin/ccache  gcc -c -O2 -funroll-loops -fomit-frame-pointer -m32 -march=pentium3 -mmmx -msse -mfpmath=sse -Wall -Wstrict-prototypes  conftest.c >&5
configure:2841: $? = 0
configure:2845: test -z 
			 || test ! -s conftest.err
configure:2848: $? = 0
configure:2851: test -s conftest.o
configure:2854: $? = 0
configure:2865: result: yes
configure:2819: checking for string.h
configure:2835: /usr/bin/ccache  gcc -c -O2 -funroll-loops -fomit-frame-pointer -m32 -march=pentium3 -mmmx -msse -mfpmath=sse -Wall -Wstrict-prototypes  conftest.c >&5
configure:2841: $? = 0
configure:2845: test -z 
			 || test ! -s conftest.err
configure:2848: $? = 0
configure:2851: test -s conftest.o
configure:2854: $? = 0
configure:2865: result: yes
configure:2819: checking for memory.h
configure:2835: /usr/bin/ccache  gcc -c -O2 -funroll-loops -fomit-frame-pointer -m32 -march=pentium3 -mmmx -msse -mfpmath=sse -Wall -Wstrict-prototypes  conftest.c >&5
configure:2841: $? = 0
configure:2845: test -z 
			 || test ! -s conftest.err
configure:2848: $? = 0
configure:2851: test -s conftest.o
configure:2854: $? = 0
configure:2865: result: yes
configure:2819: checking for strings.h
configure:2835: /usr/bin/ccache  gcc -c -O2 -funroll-loops -fomit-frame-pointer -m32 -march=pentium3 -mmmx -msse -mfpmath=sse -Wall -Wstrict-prototypes  conftest.c >&5
configure:2841: $? = 0
configure:2845: test -z 
			 || test ! -s conftest.err
configure:2848: $? = 0
configure:2851: test -s conftest.o
configure:2854: $? = 0
configure:2865: result: yes
configure:2819: checking for inttypes.h
configure:2835: /usr/bin/ccache  gcc -c -O2 -funroll-loops -fomit-frame-pointer -m32 -march=pentium3 -mmmx -msse -mfpmath=sse -Wall -Wstrict-prototypes  conftest.c >&5
configure:2841: $? = 0
configure:2845: test -z 
			 || test ! -s conftest.err
configure:2848: $? = 0
configure:2851: test -s conftest.o
configure:2854: $? = 0
configure:2865: result: yes
configure:2819: checking for stdint.h
configure:2835: /usr/bin/ccache  gcc -c -O2 -funroll-loops -fomit-frame-pointer -m32 -march=pentium3 -mmmx -msse -mfpmath=sse -Wall -Wstrict-prototypes  conftest.c >&5
configure:2841: $? = 0
configure:2845: test -z 
			 || test ! -s conftest.err
configure:2848: $? = 0
configure:2851: test -s conftest.o
configure:2854: $? = 0
configure:2865: result: yes
configure:2819: checking for unistd.h
configure:2835: /usr/bin/ccache  gcc -c -O2 -funroll-loops -fomit-frame-pointer -m32 -march=pentium3 -mmmx -msse -mfpmath=sse -Wall -Wstrict-prototypes  conftest.c >&5
configure:2841: $? = 0
configure:2845: test -z 
			 || test ! -s conftest.err
configure:2848: $? = 0
configure:2851: test -s conftest.o
configure:2854: $? = 0
configure:2865: result: yes
configure:2887: checking minix/config.h usability
configure:2899: /usr/bin/ccache  gcc -c -O2 -funroll-loops -fomit-frame-pointer -m32 -march=pentium3 -mmmx -msse -mfpmath=sse -Wall -Wstrict-prototypes  conftest.c >&5
conftest.c:53:26: fatal error: minix/config.h: No such file or directory
compilation terminated.
configure:2905: $? = 1
configure: failed program was:
| /* confdefs.h.  */
| 
| #define PACKAGE_NAME ""
| #define PACKAGE_TARNAME ""
| #define PACKAGE_VERSION ""
| #define PACKAGE_STRING ""
| #define PACKAGE_BUGREPORT ""
| #define STDC_HEADERS 1
| #define HAVE_SYS_TYPES_H 1
| #define HAVE_SYS_STAT_H 1
| #define HAVE_STDLIB_H 1
| #define HAVE_STRING_H 1
| #define HAVE_MEMORY_H 1
| #define HAVE_STRINGS_H 1
| #define HAVE_INTTYPES_H 1
| #define HAVE_STDINT_H 1
| #define HAVE_UNISTD_H 1
| /* end confdefs.h.  */
| #include <stdio.h>
| #if HAVE_SYS_TYPES_H
| # include <sys/types.h>
| #endif
| #if HAVE_SYS_STAT_H
| # include <sys/stat.h>
| #endif
| #if STDC_HEADERS
| # include <stdlib.h>
| # include <stddef.h>
| #else
| # if HAVE_STDLIB_H
| #  include <stdlib.h>
| # endif
| #endif
| #if HAVE_STRING_H
| # if !STDC_HEADERS && HAVE_MEMORY_H
| #  include <memory.h>
| # endif
| # include <string.h>
| #endif
| #if HAVE_STRINGS_H
| # include <strings.h>
| #endif
| #if HAVE_INTTYPES_H
| # include <inttypes.h>
| #else
| # if HAVE_STDINT_H
| #  include <stdint.h>
| # endif
| #endif
| #if HAVE_UNISTD_H
| # include <unistd.h>
| #endif
| #include <minix/config.h>
configure:2928: result: no
configure:2932: checking minix/config.h presence
configure:2942: /usr/bin/ccache  gcc -E  conftest.c
conftest.c:19:26: fatal error: minix/config.h: No such file or directory
compilation terminated.
configure:2948: $? = 1
configure: failed program was:
| /* confdefs.h.  */
| 
| #define PACKAGE_NAME ""
| #define PACKAGE_TARNAME ""
| #define PACKAGE_VERSION ""
| #define PACKAGE_STRING ""
| #define PACKAGE_BUGREPORT ""
| #define STDC_HEADERS 1
| #define HAVE_SYS_TYPES_H 1
| #define HAVE_SYS_STAT_H 1
| #define HAVE_STDLIB_H 1
| #define HAVE_STRING_H 1
| #define HAVE_MEMORY_H 1
| #define HAVE_STRINGS_H 1
| #define HAVE_INTTYPES_H 1
| #define HAVE_STDINT_H 1
| #define HAVE_UNISTD_H 1
| /* end confdefs.h.  */
| #include <minix/config.h>
configure:2968: result: no
configure:3003: checking for minix/config.h
configure:3010: result: no
configure:3085: checking for gcc
configure:3111: result: /usr/bin/ccache  gcc
configure:3355: checking for C compiler version
configure:3358: /usr/bin/ccache  gcc --version </dev/null >&5
gcc (Ubuntu 5.4.0-6ubuntu1~16.04.4) 5.4.0 20160609
Copyright (C) 2015 Free Software Foundation, Inc.
This is free software; see the source for copying conditions.  There is NO
warranty; not even for MERCHANTABILITY or FITNESS FOR A PARTICULAR PURPOSE.

configure:3361: $? = 0
configure:3363: /usr/bin/ccache  gcc -v </dev/null >&5
Using built-in specs.
COLLECT_GCC=/usr/bin/gcc
COLLECT_LTO_WRAPPER=/usr/lib/gcc/i686-linux-gnu/5/lto-wrapper
Target: i686-linux-gnu
Configured with: ../src/configure -v --with-pkgversion='Ubuntu 5.4.0-6ubuntu1~16.04.4' --with-bugurl=file:///usr/share/doc/gcc-5/README.Bugs --enable-languages=c,ada,c++,java,go,d,fortran,objc,obj-c++ --prefix=/usr --program-suffix=-5 --enable-shared --enable-linker-build-id --libexecdir=/usr/lib --without-included-gettext --enable-threads=posix --libdir=/usr/lib --enable-nls --with-sysroot=/ --enable-clocale=gnu --enable-libstdcxx-debug --enable-libstdcxx-time=yes --with-default-libstdcxx-abi=new --enable-gnu-unique-object --disable-vtable-verify --enable-libmpx --enable-plugin --with-system-zlib --disable-browser-plugin --enable-java-awt=gtk --enable-gtk-cairo --with-java-home=/usr/lib/jvm/java-1.5.0-gcj-5-i386/jre --enable-java-home --with-jvm-root-dir=/usr/lib/jvm/java-1.5.0-gcj-5-i386 --with-jvm-jar-dir=/usr/lib/jvm-exports/java-1.5.0-gcj-5-i386 --with-arch-directory=i386 --with-ecj-jar=/usr/share/java/eclipse-ecj.jar --enable-objc-gc --enable-targets=all --enable-multiarch --disable-werror --with-arch-32=i686 --with-multilib-list=m32,m64,mx32 --enable-multilib --with-tune=generic --enable-checking=release --build=i686-linux-gnu --host=i686-linux-gnu --target=i686-linux-gnu
Thread model: posix
gcc version 5.4.0 20160609 (Ubuntu 5.4.0-6ubuntu1~16.04.4) 
configure:3366: $? = 0
configure:3368: /usr/bin/ccache  gcc -V </dev/null >&5
gcc: error: unrecognized command line option '-V'
gcc: fatal error: no input files
compilation terminated.
configure:3371: $? = 1
configure:3374: checking whether we are using the GNU C compiler
configure:3430: result: yes
configure:3436: checking whether /usr/bin/ccache  gcc accepts -g
configure:3487: result: yes
configure:3504: checking for /usr/bin/ccache  gcc option to accept ANSI C
configure:3611: result: none needed
configure:3629: /usr/bin/ccache  gcc -c -O2 -funroll-loops -fomit-frame-pointer -m32 -march=pentium3 -mmmx -msse -mfpmath=sse -Wall -Wstrict-prototypes  conftest.c >&5
conftest.c:2:3: error: unknown type name 'choke'
   choke me
   ^
conftest.c:2:3: error: expected '=', ',', ';', 'asm' or '__attribute__' at end of input
configure:3635: $? = 1
configure: failed program was:
| #ifndef __cplusplus
|   choke me
| #endif
configure:3779: checking for an ANSI C-conforming const
configure:3846: /usr/bin/ccache  gcc -c -O2 -funroll-loops -fomit-frame-pointer -m32 -march=pentium3 -mmmx -msse -mfpmath=sse -Wall -Wstrict-prototypes -D_XPG4_2 -D_XOPEN_SOURCE -D__EXTENSIONS__ -D_GNU_SOURCE -D_OSF_SOURCE -D_XOPEN_SOURCE_EXTENDED  conftest.c >&5
conftest.c:21:1: warning: function declaration isn't a prototype [-Wstrict-prototypes]
 main ()
 ^
conftest.c: In function 'main':
conftest.c:46:17: warning: unused variable 's' [-Wunused-variable]
     char const *s = 0 ? (char *) 0 : (char const *) 0;
                 ^
conftest.c:66:15: warning: unused variable 'foo' [-Wunused-variable]
     const int foo = 10;
               ^
conftest.c:33:29: warning: unused variable 'zero' [-Wunused-variable]
   static struct point const zero = {0,0};
                             ^
conftest.c:27:17: warning: unused variable 'x' [-Wunused-variable]
   const charset x;
                 ^
conftest.c:48:7: warning: 't' is used uninitialized in this function [-Wuninitialized]
     *t++ = 0;
       ^
conftest.c:63:23: warning: 'b' is used uninitialized in this function [-Wuninitialized]
     struct s *b; b->j = 5;
                       ^
configure:3852: $? = 0
configure:3856: test -z 
			 || test ! -s conftest.err
configure:3859: $? = 0
configure:3862: test -s conftest.o
configure:3865: $? = 0
configure:3876: result: yes
configure:3886: checking for inline
configure:3907: /usr/bin/ccache  gcc -c -O2 -funroll-loops -fomit-frame-pointer -m32 -march=pentium3 -mmmx -msse -mfpmath=sse -Wall -Wstrict-prototypes -D_XPG4_2 -D_XOPEN_SOURCE -D__EXTENSIONS__ -D_GNU_SOURCE -D_OSF_SOURCE -D_XOPEN_SOURCE_EXTENDED  conftest.c >&5
conftest.c:21:21: warning: function declaration isn't a prototype [-Wstrict-prototypes]
 static inline foo_t static_foo () {return 0; }
                     ^
conftest.c:22:14: warning: function declaration isn't a prototype [-Wstrict-prototypes]
 inline foo_t foo () {return 0; }
              ^
configure:3913: $? = 0
configure:3917: test -z 
			 || test ! -s conftest.err
configure:3920: $? = 0
configure:3923: test -s conftest.o
configure:3926: $? = 0
configure:3938: result: inline
configure:3958: checking if /usr/bin/ccache  gcc accepts -W
configure:3978: /usr/bin/ccache  gcc -o conftest -O2 -funroll-loops -fomit-frame-pointer -m32 -march=pentium3 -mmmx -msse -mfpmath=sse -Wall -Wstrict-prototypes -D_XPG4_2 -D_XOPEN_SOURCE -D__EXTENSIONS__ -D_GNU_SOURCE -D_OSF_SOURCE -D_XOPEN_SOURCE_EXTENDED -W   conftest.c  >&5
conftest.c:21:1: warning: function declaration isn't a prototype [-Wstrict-prototypes]
 main ()
 ^
configure:3984: $? = 0
configure:3988: test -z 
			 || test ! -s conftest.err
configure:3991: $? = 0
configure:3994: test -s conftest
configure:3997: $? = 0
configure:3999: result: yes
configure:4011: checking if /usr/bin/ccache  gcc accepts -Wall
configure:4031: /usr/bin/ccache  gcc -o conftest -O2 -funroll-loops -fomit-frame-pointer -m32 -march=pentium3 -mmmx -msse -mfpmath=sse -Wall -Wstrict-prototypes -D_XPG4_2 -D_XOPEN_SOURCE -D__EXTENSIONS__ -D_GNU_SOURCE -D_OSF_SOURCE -D_XOPEN_SOURCE_EXTENDED -W -Wall   conftest.c  >&5
conftest.c:21:1: warning: function declaration isn't a prototype [-Wstrict-prototypes]
 main ()
 ^
configure:4037: $? = 0
configure:4041: test -z 
			 || test ! -s conftest.err
configure:4044: $? = 0
configure:4047: test -s conftest
configure:4050: $? = 0
configure:4052: result: yes
configure:4064: checking if /usr/bin/ccache  gcc accepts -Wpointer-arith
configure:4084: /usr/bin/ccache  gcc -o conftest -O2 -funroll-loops -fomit-frame-pointer -m32 -march=pentium3 -mmmx -msse -mfpmath=sse -Wall -Wstrict-prototypes -D_XPG4_2 -D_XOPEN_SOURCE -D__EXTENSIONS__ -D_GNU_SOURCE -D_OSF_SOURCE -D_XOPEN_SOURCE_EXTENDED -W -Wall -Wpointer-arith   conftest.c  >&5
conftest.c:21:1: warning: function declaration isn't a prototype [-Wstrict-prototypes]
 main ()
 ^
configure:4090: $? = 0
configure:4094: test -z 
			 || test ! -s conftest.err
configure:4097: $? = 0
configure:4100: test -s conftest
configure:4103: $? = 0
configure:4105: result: yes
configure:4117: checking if /usr/bin/ccache  gcc accepts -Wbad-function-cast
configure:4137: /usr/bin/ccache  gcc -o conftest -O2 -funroll-loops -fomit-frame-pointer -m32 -march=pentium3 -mmmx -msse -mfpmath=sse -Wall -Wstrict-prototypes -D_XPG4_2 -D_XOPEN_SOURCE -D__EXTENSIONS__ -D_GNU_SOURCE -D_OSF_SOURCE -D_XOPEN_SOURCE_EXTENDED -W -Wall -Wpointer-arith -Wbad-function-cast   conftest.c  >&5
conftest.c:21:1: warning: function declaration isn't a prototype [-Wstrict-prototypes]
 main ()
 ^
configure:4143: $? = 0
configure:4147: test -z 
			 || test ! -s conftest.err
configure:4150: $? = 0
configure:4153: test -s conftest
configure:4156: $? = 0
configure:4158: result: yes
configure:4170: checking if /usr/bin/ccache  gcc accepts -Wcast-equal
configure:4190: /usr/bin/ccache  gcc -o conftest -O2 -funroll-loops -fomit-frame-pointer -m32 -march=pentium3 -mmmx -msse -mfpmath=sse -Wall -Wstrict-prototypes -D_XPG4_2 -D_XOPEN_SOURCE -D__EXTENSIONS__ -D_GNU_SOURCE -D_OSF_SOURCE -D_XOPEN_SOURCE_EXTENDED -W -Wall -Wpointer-arith -Wbad-function-cast -Wcast-equal   conftest.c  >&5
gcc: error: unrecognized command line option '-Wcast-equal'
configure:4196: $? = 1
configure: failed program was:
| /* confdefs.h.  */
| 
| #define PACKAGE_NAME ""
| #define PACKAGE_TARNAME ""
| #define PACKAGE_VERSION ""
| #define PACKAGE_STRING ""
| #define PACKAGE_BUGREPORT ""
| #define STDC_HEADERS 1
| #define HAVE_SYS_TYPES_H 1
| #define HAVE_SYS_STAT_H 1
| #define HAVE_STDLIB_H 1
| #define HAVE_STRING_H 1
| #define HAVE_MEMORY_H 1
| #define HAVE_STRINGS_H 1
| #define HAVE_INTTYPES_H 1
| #define HAVE_STDINT_H 1
| #define HAVE_UNISTD_H 1
| /* end confdefs.h.  */
| #include <stdio.h>
| int
| main ()
| {
| printf("Hello, World!\n");
|   ;
|   return 0;
| }
configure:4217: result: no
configure:4223: checking if /usr/bin/ccache  gcc accepts -Wstrict-prototypes
configure:4243: /usr/bin/ccache  gcc -o conftest -O2 -funroll-loops -fomit-frame-pointer -m32 -march=pentium3 -mmmx -msse -mfpmath=sse -Wall -Wstrict-prototypes -D_XPG4_2 -D_XOPEN_SOURCE -D__EXTENSIONS__ -D_GNU_SOURCE -D_OSF_SOURCE -D_XOPEN_SOURCE_EXTENDED -W -Wall -Wpointer-arith -Wbad-function-cast -Wstrict-prototypes   conftest.c  >&5
conftest.c:21:1: warning: function declaration isn't a prototype [-Wstrict-prototypes]
 main ()
 ^
configure:4249: $? = 0
configure:4253: test -z 
			 || test ! -s conftest.err
configure:4256: $? = 0
configure:4259: test -s conftest
configure:4262: $? = 0
configure:4264: result: yes
configure:4276: checking if /usr/bin/ccache  gcc accepts -Wmissing-prototypes
configure:4296: /usr/bin/ccache  gcc -o conftest -O2 -funroll-loops -fomit-frame-pointer -m32 -march=pentium3 -mmmx -msse -mfpmath=sse -Wall -Wstrict-prototypes -D_XPG4_2 -D_XOPEN_SOURCE -D__EXTENSIONS__ -D_GNU_SOURCE -D_OSF_SOURCE -D_XOPEN_SOURCE_EXTENDED -W -Wall -Wpointer-arith -Wbad-function-cast -Wstrict-prototypes -Wmissing-prototypes   conftest.c  >&5
conftest.c:21:1: warning: function declaration isn't a prototype [-Wstrict-prototypes]
 main ()
 ^
configure:4302: $? = 0
configure:4306: test -z 
			 || test ! -s conftest.err
configure:4309: $? = 0
configure:4312: test -s conftest
configure:4315: $? = 0
configure:4317: result: yes
configure:4329: checking if /usr/bin/ccache  gcc accepts -Wmissing-declarations
configure:4349: /usr/bin/ccache  gcc -o conftest -O2 -funroll-loops -fomit-frame-pointer -m32 -march=pentium3 -mmmx -msse -mfpmath=sse -Wall -Wstrict-prototypes -D_XPG4_2 -D_XOPEN_SOURCE -D__EXTENSIONS__ -D_GNU_SOURCE -D_OSF_SOURCE -D_XOPEN_SOURCE_EXTENDED -W -Wall -Wpointer-arith -Wbad-function-cast -Wstrict-prototypes -Wmissing-prototypes -Wmissing-declarations   conftest.c  >&5
conftest.c:21:1: warning: function declaration isn't a prototype [-Wstrict-prototypes]
 main ()
 ^
configure:4355: $? = 0
configure:4359: test -z 
			 || test ! -s conftest.err
configure:4362: $? = 0
configure:4365: test -s conftest
configure:4368: $? = 0
configure:4370: result: yes
configure:4382: checking if /usr/bin/ccache  gcc accepts -Wnested-externs
configure:4402: /usr/bin/ccache  gcc -o conftest -O2 -funroll-loops -fomit-frame-pointer -m32 -march=pentium3 -mmmx -msse -mfpmath=sse -Wall -Wstrict-prototypes -D_XPG4_2 -D_XOPEN_SOURCE -D__EXTENSIONS__ -D_GNU_SOURCE -D_OSF_SOURCE -D_XOPEN_SOURCE_EXTENDED -W -Wall -Wpointer-arith -Wbad-function-cast -Wstrict-prototypes -Wmissing-prototypes -Wmissing-declarations -Wnested-externs   conftest.c  >&5
conftest.c:21:1: warning: function declaration isn't a prototype [-Wstrict-prototypes]
 main ()
 ^
configure:4408: $? = 0
configure:4412: test -z 
			 || test ! -s conftest.err
configure:4415: $? = 0
configure:4418: test -s conftest
configure:4421: $? = 0
configure:4423: result: yes
configure:4435: checking if /usr/bin/ccache  gcc accepts -Winline
configure:4455: /usr/bin/ccache  gcc -o conftest -O2 -funroll-loops -fomit-frame-pointer -m32 -march=pentium3 -mmmx -msse -mfpmath=sse -Wall -Wstrict-prototypes -D_XPG4_2 -D_XOPEN_SOURCE -D__EXTENSIONS__ -D_GNU_SOURCE -D_OSF_SOURCE -D_XOPEN_SOURCE_EXTENDED -W -Wall -Wpointer-arith -Wbad-function-cast -Wstrict-prototypes -Wmissing-prototypes -Wmissing-declarations -Wnested-externs -Winline   conftest.c  >&5
conftest.c:21:1: warning: function declaration isn't a prototype [-Wstrict-prototypes]
 main ()
 ^
configure:4461: $? = 0
configure:4465: test -z 
			 || test ! -s conftest.err
configure:4468: $? = 0
configure:4471: test -s conftest
configure:4474: $? = 0
configure:4476: result: yes
configure:4488: checking if /usr/bin/ccache  gcc accepts -Wwrite-strings
configure:4508: /usr/bin/ccache  gcc -o conftest -O2 -funroll-loops -fomit-frame-pointer -m32 -march=pentium3 -mmmx -msse -mfpmath=sse -Wall -Wstrict-prototypes -D_XPG4_2 -D_XOPEN_SOURCE -D__EXTENSIONS__ -D_GNU_SOURCE -D_OSF_SOURCE -D_XOPEN_SOURCE_EXTENDED -W -Wall -Wpointer-arith -Wbad-function-cast -Wstrict-prototypes -Wmissing-prototypes -Wmissing-declarations -Wnested-externs -Winline -Wwrite-strings   conftest.c  >&5
conftest.c:21:1: warning: function declaration isn't a prototype [-Wstrict-prototypes]
 main ()
 ^
configure:4514: $? = 0
configure:4518: test -z 
			 || test ! -s conftest.err
configure:4521: $? = 0
configure:4524: test -s conftest
configure:4527: $? = 0
configure:4529: result: yes
configure:4541: checking if /usr/bin/ccache  gcc accepts -Wundef
configure:4561: /usr/bin/ccache  gcc -o conftest -O2 -funroll-loops -fomit-frame-pointer -m32 -march=pentium3 -mmmx -msse -mfpmath=sse -Wall -Wstrict-prototypes -D_XPG4_2 -D_XOPEN_SOURCE -D__EXTENSIONS__ -D_GNU_SOURCE -D_OSF_SOURCE -D_XOPEN_SOURCE_EXTENDED -W -Wall -Wpointer-arith -Wbad-function-cast -Wstrict-prototypes -Wmissing-prototypes -Wmissing-declarations -Wnested-externs -Winline -Wwrite-strings -Wundef   conftest.c  >&5
conftest.c:21:1: warning: function declaration isn't a prototype [-Wstrict-prototypes]
 main ()
 ^
configure:4567: $? = 0
configure:4571: test -z 
			 || test ! -s conftest.err
configure:4574: $? = 0
configure:4577: test -s conftest
configure:4580: $? = 0
configure:4582: result: yes
configure:4594: checking if /usr/bin/ccache  gcc accepts -Wshadow
configure:4614: /usr/bin/ccache  gcc -o conftest -O2 -funroll-loops -fomit-frame-pointer -m32 -march=pentium3 -mmmx -msse -mfpmath=sse -Wall -Wstrict-prototypes -D_XPG4_2 -D_XOPEN_SOURCE -D__EXTENSIONS__ -D_GNU_SOURCE -D_OSF_SOURCE -D_XOPEN_SOURCE_EXTENDED -W -Wall -Wpointer-arith -Wbad-function-cast -Wstrict-prototypes -Wmissing-prototypes -Wmissing-declarations -Wnested-externs -Winline -Wwrite-strings -Wundef -Wshadow   conftest.c  >&5
conftest.c:21:1: warning: function declaration isn't a prototype [-Wstrict-prototypes]
 main ()
 ^
configure:4620: $? = 0
configure:4624: test -z 
			 || test ! -s conftest.err
configure:4627: $? = 0
configure:4630: test -s conftest
configure:4633: $? = 0
configure:4635: result: yes
configure:4647: checking if /usr/bin/ccache  gcc accepts -Wsign-compare
configure:4667: /usr/bin/ccache  gcc -o conftest -O2 -funroll-loops -fomit-frame-pointer -m32 -march=pentium3 -mmmx -msse -mfpmath=sse -Wall -Wstrict-prototypes -D_XPG4_2 -D_XOPEN_SOURCE -D__EXTENSIONS__ -D_GNU_SOURCE -D_OSF_SOURCE -D_XOPEN_SOURCE_EXTENDED -W -Wall -Wpointer-arith -Wbad-function-cast -Wstrict-prototypes -Wmissing-prototypes -Wmissing-declarations -Wnested-externs -Winline -Wwrite-strings -Wundef -Wshadow -Wsign-compare   conftest.c  >&5
conftest.c:21:1: warning: function declaration isn't a prototype [-Wstrict-prototypes]
 main ()
 ^
configure:4673: $? = 0
configure:4677: test -z 
			 || test ! -s conftest.err
configure:4680: $? = 0
configure:4683: test -s conftest
configure:4686: $? = 0
configure:4688: result: yes
configure:4700: checking if /usr/bin/ccache  gcc accepts -pipe
configure:4720: /usr/bin/ccache  gcc -o conftest -O2 -funroll-loops -fomit-frame-pointer -m32 -march=pentium3 -mmmx -msse -mfpmath=sse -Wall -Wstrict-prototypes -D_XPG4_2 -D_XOPEN_SOURCE -D__EXTENSIONS__ -D_GNU_SOURCE -D_OSF_SOURCE -D_XOPEN_SOURCE_EXTENDED -W -Wall -Wpointer-arith -Wbad-function-cast -Wstrict-prototypes -Wmissing-prototypes -Wmissing-declarations -Wnested-externs -Winline -Wwrite-strings -Wundef -Wshadow -Wsign-compare -pipe   conftest.c  >&5
conftest.c:21:1: warning: function declaration isn't a prototype [-Wstrict-prototypes]
 main ()
 ^
configure:4726: $? = 0
configure:4730: test -z 
			 || test ! -s conftest.err
configure:4733: $? = 0
configure:4736: test -s conftest
configure:4739: $? = 0
configure:4741: result: yes
configure:4753: checking if /usr/bin/ccache  gcc accepts -fno-strict-aliasing
configure:4773: /usr/bin/ccache  gcc -o conftest -O2 -funroll-loops -fomit-frame-pointer -m32 -march=pentium3 -mmmx -msse -mfpmath=sse -Wall -Wstrict-prototypes -D_XPG4_2 -D_XOPEN_SOURCE -D__EXTENSIONS__ -D_GNU_SOURCE -D_OSF_SOURCE -D_XOPEN_SOURCE_EXTENDED -W -Wall -Wpointer-arith -Wbad-function-cast -Wstrict-prototypes -Wmissing-prototypes -Wmissing-declarations -Wnested-externs -Winline -Wwrite-strings -Wundef -Wshadow -Wsign-compare -pipe -fno-strict-aliasing   conftest.c  >&5
conftest.c:21:1: warning: function declaration isn't a prototype [-Wstrict-prototypes]
 main ()
 ^
configure:4779: $? = 0
configure:4783: test -z 
			 || test ! -s conftest.err
configure:4786: $? = 0
configure:4789: test -s conftest
configure:4792: $? = 0
configure:4794: result: yes
configure:4807: checking for ANSI C header files
configure:4963: result: yes
configure:4978: checking for inttypes.h
configure:4983: result: yes
configure:5128: checking for stdint.h
configure:5133: result: yes
configure:5278: checking for inttypes.h
configure:5283: result: yes
configure:5419: checking if inttypes.h is sane
configure:5441: /usr/bin/ccache  gcc -o conftest -O2 -funroll-loops -fomit-frame-pointer -m32 -march=pentium3 -mmmx -msse -mfpmath=sse -Wall -Wstrict-prototypes -D_XPG4_2 -D_XOPEN_SOURCE -D__EXTENSIONS__ -D_GNU_SOURCE -D_OSF_SOURCE -D_XOPEN_SOURCE_EXTENDED -W -Wall -Wpointer-arith -Wbad-function-cast -Wstrict-prototypes -Wmissing-prototypes -Wmissing-declarations -Wnested-externs -Winline -Wwrite-strings -Wundef -Wshadow -Wsign-compare -pipe -fno-strict-aliasing   conftest.c  >&5
conftest.c:28:1: warning: function declaration isn't a prototype [-Wstrict-prototypes]
 main ()
 ^
configure:5447: $? = 0
configure:5451: test -z 
			 || test ! -s conftest.err
configure:5454: $? = 0
configure:5457: test -s conftest
configure:5460: $? = 0
configure:5462: result: yes
configure:5497: checking fcntl.h usability
configure:5509: /usr/bin/ccache  gcc -c -O2 -funroll-loops -fomit-frame-pointer -m32 -march=pentium3 -mmmx -msse -mfpmath=sse -Wall -Wstrict-prototypes -D_XPG4_2 -D_XOPEN_SOURCE -D__EXTENSIONS__ -D_GNU_SOURCE -D_OSF_SOURCE -D_XOPEN_SOURCE_EXTENDED -W -Wall -Wpointer-arith -Wbad-function-cast -Wstrict-prototypes -Wmissing-prototypes -Wmissing-declarations -Wnested-externs -Winline -Wwrite-strings -Wundef -Wshadow -Wsign-compare -pipe -fno-strict-aliasing  conftest.c >&5
configure:5515: $? = 0
configure:5519: test -z 
			 || test ! -s conftest.err
configure:5522: $? = 0
configure:5525: test -s conftest.o
configure:5528: $? = 0
configure:5538: result: yes
configure:5542: checking fcntl.h presence
configure:5552: /usr/bin/ccache  gcc -E  conftest.c
configure:5558: $? = 0
configure:5578: result: yes
configure:5613: checking for fcntl.h
configure:5620: result: yes
configure:5647: checking getopt.h usability
configure:5659: /usr/bin/ccache  gcc -c -O2 -funroll-loops -fomit-frame-pointer -m32 -march=pentium3 -mmmx -msse -mfpmath=sse -Wall -Wstrict-prototypes -D_XPG4_2 -D_XOPEN_SOURCE -D__EXTENSIONS__ -D_GNU_SOURCE -D_OSF_SOURCE -D_XOPEN_SOURCE_EXTENDED -W -Wall -Wpointer-arith -Wbad-function-cast -Wstrict-prototypes -Wmissing-prototypes -Wmissing-declarations -Wnested-externs -Winline -Wwrite-strings -Wundef -Wshadow -Wsign-compare -pipe -fno-strict-aliasing  conftest.c >&5
configure:5665: $? = 0
configure:5669: test -z 
			 || test ! -s conftest.err
configure:5672: $? = 0
configure:5675: test -s conftest.o
configure:5678: $? = 0
configure:5688: result: yes
configure:5692: checking getopt.h presence
configure:5702: /usr/bin/ccache  gcc -E  conftest.c
configure:5708: $? = 0
configure:5728: result: yes
configure:5763: checking for getopt.h
configure:5770: result: yes
configure:5797: checking grp.h usability
configure:5809: /usr/bin/ccache  gcc -c -O2 -funroll-loops -fomit-frame-pointer -m32 -march=pentium3 -mmmx -msse -mfpmath=sse -Wall -Wstrict-prototypes -D_XPG4_2 -D_XOPEN_SOURCE -D__EXTENSIONS__ -D_GNU_SOURCE -D_OSF_SOURCE -D_XOPEN_SOURCE_EXTENDED -W -Wall -Wpointer-arith -Wbad-function-cast -Wstrict-prototypes -Wmissing-prototypes -Wmissing-declarations -Wnested-externs -Winline -Wwrite-strings -Wundef -Wshadow -Wsign-compare -pipe -fno-strict-aliasing  conftest.c >&5
configure:5815: $? = 0
configure:5819: test -z 
			 || test ! -s conftest.err
configure:5822: $? = 0
configure:5825: test -s conftest.o
configure:5828: $? = 0
configure:5838: result: yes
configure:5842: checking grp.h presence
configure:5852: /usr/bin/ccache  gcc -E  conftest.c
configure:5858: $? = 0
configure:5878: result: yes
configure:5913: checking for grp.h
configure:5920: result: yes
configure:5947: checking libgen.h usability
configure:5959: /usr/bin/ccache  gcc -c -O2 -funroll-loops -fomit-frame-pointer -m32 -march=pentium3 -mmmx -msse -mfpmath=sse -Wall -Wstrict-prototypes -D_XPG4_2 -D_XOPEN_SOURCE -D__EXTENSIONS__ -D_GNU_SOURCE -D_OSF_SOURCE -D_XOPEN_SOURCE_EXTENDED -W -Wall -Wpointer-arith -Wbad-function-cast -Wstrict-prototypes -Wmissing-prototypes -Wmissing-declarations -Wnested-externs -Winline -Wwrite-strings -Wundef -Wshadow -Wsign-compare -pipe -fno-strict-aliasing  conftest.c >&5
configure:5965: $? = 0
configure:5969: test -z 
			 || test ! -s conftest.err
configure:5972: $? = 0
configure:5975: test -s conftest.o
configure:5978: $? = 0
configure:5988: result: yes
configure:5992: checking libgen.h presence
configure:6002: /usr/bin/ccache  gcc -E  conftest.c
configure:6008: $? = 0
configure:6028: result: yes
configure:6063: checking for libgen.h
configure:6070: result: yes
configure:6088: checking for memory.h
configure:6093: result: yes
configure:6247: checking setjmp.h usability
configure:6259: /usr/bin/ccache  gcc -c -O2 -funroll-loops -fomit-frame-pointer -m32 -march=pentium3 -mmmx -msse -mfpmath=sse -Wall -Wstrict-prototypes -D_XPG4_2 -D_XOPEN_SOURCE -D__EXTENSIONS__ -D_GNU_SOURCE -D_OSF_SOURCE -D_XOPEN_SOURCE_EXTENDED -W -Wall -Wpointer-arith -Wbad-function-cast -Wstrict-prototypes -Wmissing-prototypes -Wmissing-declarations -Wnested-externs -Winline -Wwrite-strings -Wundef -Wshadow -Wsign-compare -pipe -fno-strict-aliasing  conftest.c >&5
configure:6265: $? = 0
configure:6269: test -z 
			 || test ! -s conftest.err
configure:6272: $? = 0
configure:6275: test -s conftest.o
configure:6278: $? = 0
configure:6288: result: yes
configure:6292: checking setjmp.h presence
configure:6302: /usr/bin/ccache  gcc -E  conftest.c
configure:6308: $? = 0
configure:6328: result: yes
configure:6363: checking for setjmp.h
configure:6370: result: yes
configure:6397: checking stddef.h usability
configure:6409: /usr/bin/ccache  gcc -c -O2 -funroll-loops -fomit-frame-pointer -m32 -march=pentium3 -mmmx -msse -mfpmath=sse -Wall -Wstrict-prototypes -D_XPG4_2 -D_XOPEN_SOURCE -D__EXTENSIONS__ -D_GNU_SOURCE -D_OSF_SOURCE -D_XOPEN_SOURCE_EXTENDED -W -Wall -Wpointer-arith -Wbad-function-cast -Wstrict-prototypes -Wmissing-prototypes -Wmissing-declarations -Wnested-externs -Winline -Wwrite-strings -Wundef -Wshadow -Wsign-compare -pipe -fno-strict-aliasing  conftest.c >&5
configure:6415: $? = 0
configure:6419: test -z 
			 || test ! -s conftest.err
configure:6422: $? = 0
configure:6425: test -s conftest.o
configure:6428: $? = 0
configure:6438: result: yes
configure:6442: checking stddef.h presence
configure:6452: /usr/bin/ccache  gcc -E  conftest.c
configure:6458: $? = 0
configure:6478: result: yes
configure:6513: checking for stddef.h
configure:6520: result: yes
configure:6538: checking for stdlib.h
configure:6543: result: yes
configure:6688: checking for string.h
configure:6693: result: yes
configure:6838: checking for strings.h
configure:6843: result: yes
configure:6997: checking sysexits.h usability
configure:7009: /usr/bin/ccache  gcc -c -O2 -funroll-loops -fomit-frame-pointer -m32 -march=pentium3 -mmmx -msse -mfpmath=sse -Wall -Wstrict-prototypes -D_XPG4_2 -D_XOPEN_SOURCE -D__EXTENSIONS__ -D_GNU_SOURCE -D_OSF_SOURCE -D_XOPEN_SOURCE_EXTENDED -W -Wall -Wpointer-arith -Wbad-function-cast -Wstrict-prototypes -Wmissing-prototypes -Wmissing-declarations -Wnested-externs -Winline -Wwrite-strings -Wundef -Wshadow -Wsign-compare -pipe -fno-strict-aliasing  conftest.c >&5
configure:7015: $? = 0
configure:7019: test -z 
			 || test ! -s conftest.err
configure:7022: $? = 0
configure:7025: test -s conftest.o
configure:7028: $? = 0
configure:7038: result: yes
configure:7042: checking sysexits.h presence
configure:7052: /usr/bin/ccache  gcc -E  conftest.c
configure:7058: $? = 0
configure:7078: result: yes
configure:7113: checking for sysexits.h
configure:7120: result: yes
configure:7147: checking time.h usability
configure:7159: /usr/bin/ccache  gcc -c -O2 -funroll-loops -fomit-frame-pointer -m32 -march=pentium3 -mmmx -msse -mfpmath=sse -Wall -Wstrict-prototypes -D_XPG4_2 -D_XOPEN_SOURCE -D__EXTENSIONS__ -D_GNU_SOURCE -D_OSF_SOURCE -D_XOPEN_SOURCE_EXTENDED -W -Wall -Wpointer-arith -Wbad-function-cast -Wstrict-prototypes -Wmissing-prototypes -Wmissing-declarations -Wnested-externs -Winline -Wwrite-strings -Wundef -Wshadow -Wsign-compare -pipe -fno-strict-aliasing  conftest.c >&5
configure:7165: $? = 0
configure:7169: test -z 
			 || test ! -s conftest.err
configure:7172: $? = 0
configure:7175: test -s conftest.o
configure:7178: $? = 0
configure:7188: result: yes
configure:7192: checking time.h presence
configure:7202: /usr/bin/ccache  gcc -E  conftest.c
configure:7208: $? = 0
configure:7228: result: yes
configure:7263: checking for time.h
configure:7270: result: yes
configure:7288: checking for unistd.h
configure:7293: result: yes
configure:7447: checking sys/filio.h usability
configure:7459: /usr/bin/ccache  gcc -c -O2 -funroll-loops -fomit-frame-pointer -m32 -march=pentium3 -mmmx -msse -mfpmath=sse -Wall -Wstrict-prototypes -D_XPG4_2 -D_XOPEN_SOURCE -D__EXTENSIONS__ -D_GNU_SOURCE -D_OSF_SOURCE -D_XOPEN_SOURCE_EXTENDED -W -Wall -Wpointer-arith -Wbad-function-cast -Wstrict-prototypes -Wmissing-prototypes -Wmissing-declarations -Wnested-externs -Winline -Wwrite-strings -Wundef -Wshadow -Wsign-compare -pipe -fno-strict-aliasing  conftest.c >&5
conftest.c:71:23: fatal error: sys/filio.h: No such file or directory
compilation terminated.
configure:7465: $? = 1
configure: failed program was:
| /* confdefs.h.  */
| 
| #define PACKAGE_NAME ""
| #define PACKAGE_TARNAME ""
| #define PACKAGE_VERSION ""
| #define PACKAGE_STRING ""
| #define PACKAGE_BUGREPORT ""
| #define STDC_HEADERS 1
| #define HAVE_SYS_TYPES_H 1
| #define HAVE_SYS_STAT_H 1
| #define HAVE_STDLIB_H 1
| #define HAVE_STRING_H 1
| #define HAVE_MEMORY_H 1
| #define HAVE_STRINGS_H 1
| #define HAVE_INTTYPES_H 1
| #define HAVE_STDINT_H 1
| #define HAVE_UNISTD_H 1
| #define STDC_HEADERS 1
| #define HAVE_INTTYPES_H 1
| #define HAVE_STDINT_H 1
| #define HAVE_INTTYPES_H 1
| #define INTTYPES_H_IS_SANE 1
| #define HAVE_FCNTL_H 1
| #define HAVE_GETOPT_H 1
| #define HAVE_GRP_H 1
| #define HAVE_LIBGEN_H 1
| #define HAVE_MEMORY_H 1
| #define HAVE_SETJMP_H 1
| #define HAVE_STDDEF_H 1
| #define HAVE_STDLIB_H 1
| #define HAVE_STRING_H 1
| #define HAVE_STRINGS_H 1
| #define HAVE_SYSEXITS_H 1
| #define HAVE_TIME_H 1
| #define HAVE_UNISTD_H 1
| /* end confdefs.h.  */
| #include <stdio.h>
| #if HAVE_SYS_TYPES_H
| # include <sys/types.h>
| #endif
| #if HAVE_SYS_STAT_H
| # include <sys/stat.h>
| #endif
| #if STDC_HEADERS
| # include <stdlib.h>
| # include <stddef.h>
| #else
| # if HAVE_STDLIB_H
| #  include <stdlib.h>
| # endif
| #endif
| #if HAVE_STRING_H
| # if !STDC_HEADERS && HAVE_MEMORY_H
| #  include <memory.h>
| # endif
| # include <string.h>
| #endif
| #if HAVE_STRINGS_H
| # include <strings.h>
| #endif
| #if HAVE_INTTYPES_H
| # include <inttypes.h>
| #else
| # if HAVE_STDINT_H
| #  include <stdint.h>
| # endif
| #endif
| #if HAVE_UNISTD_H
| # include <unistd.h>
| #endif
| #include <sys/filio.h>
configure:7488: result: no
configure:7492: checking sys/filio.h presence
configure:7502: /usr/bin/ccache  gcc -E  conftest.c
conftest.c:37:23: fatal error: sys/filio.h: No such file or directory
compilation terminated.
configure:7508: $? = 1
configure: failed program was:
| /* confdefs.h.  */
| 
| #define PACKAGE_NAME ""
| #define PACKAGE_TARNAME ""
| #define PACKAGE_VERSION ""
| #define PACKAGE_STRING ""
| #define PACKAGE_BUGREPORT ""
| #define STDC_HEADERS 1
| #define HAVE_SYS_TYPES_H 1
| #define HAVE_SYS_STAT_H 1
| #define HAVE_STDLIB_H 1
| #define HAVE_STRING_H 1
| #define HAVE_MEMORY_H 1
| #define HAVE_STRINGS_H 1
| #define HAVE_INTTYPES_H 1
| #define HAVE_STDINT_H 1
| #define HAVE_UNISTD_H 1
| #define STDC_HEADERS 1
| #define HAVE_INTTYPES_H 1
| #define HAVE_STDINT_H 1
| #define HAVE_INTTYPES_H 1
| #define INTTYPES_H_IS_SANE 1
| #define HAVE_FCNTL_H 1
| #define HAVE_GETOPT_H 1
| #define HAVE_GRP_H 1
| #define HAVE_LIBGEN_H 1
| #define HAVE_MEMORY_H 1
| #define HAVE_SETJMP_H 1
| #define HAVE_STDDEF_H 1
| #define HAVE_STDLIB_H 1
| #define HAVE_STRING_H 1
| #define HAVE_STRINGS_H 1
| #define HAVE_SYSEXITS_H 1
| #define HAVE_TIME_H 1
| #define HAVE_UNISTD_H 1
| /* end confdefs.h.  */
| #include <sys/filio.h>
configure:7528: result: no
configure:7563: checking for sys/filio.h
configure:7570: result: no
configure:7588: checking for sys/stat.h
configure:7593: result: yes
configure:7747: checking sys/time.h usability
configure:7759: /usr/bin/ccache  gcc -c -O2 -funroll-loops -fomit-frame-pointer -m32 -march=pentium3 -mmmx -msse -mfpmath=sse -Wall -Wstrict-prototypes -D_XPG4_2 -D_XOPEN_SOURCE -D__EXTENSIONS__ -D_GNU_SOURCE -D_OSF_SOURCE -D_XOPEN_SOURCE_EXTENDED -W -Wall -Wpointer-arith -Wbad-function-cast -Wstrict-prototypes -Wmissing-prototypes -Wmissing-declarations -Wnested-externs -Winline -Wwrite-strings -Wundef -Wshadow -Wsign-compare -pipe -fno-strict-aliasing  conftest.c >&5
configure:7765: $? = 0
configure:7769: test -z 
			 || test ! -s conftest.err
configure:7772: $? = 0
configure:7775: test -s conftest.o
configure:7778: $? = 0
configure:7788: result: yes
configure:7792: checking sys/time.h presence
configure:7802: /usr/bin/ccache  gcc -E  conftest.c
configure:7808: $? = 0
configure:7828: result: yes
configure:7863: checking for sys/time.h
configure:7870: result: yes
configure:7888: checking for sys/types.h
configure:7893: result: yes
configure:8047: checking arpa/inet.h usability
configure:8059: /usr/bin/ccache  gcc -c -O2 -funroll-loops -fomit-frame-pointer -m32 -march=pentium3 -mmmx -msse -mfpmath=sse -Wall -Wstrict-prototypes -D_XPG4_2 -D_XOPEN_SOURCE -D__EXTENSIONS__ -D_GNU_SOURCE -D_OSF_SOURCE -D_XOPEN_SOURCE_EXTENDED -W -Wall -Wpointer-arith -Wbad-function-cast -Wstrict-prototypes -Wmissing-prototypes -Wmissing-declarations -Wnested-externs -Winline -Wwrite-strings -Wundef -Wshadow -Wsign-compare -pipe -fno-strict-aliasing  conftest.c >&5
configure:8065: $? = 0
configure:8069: test -z 
			 || test ! -s conftest.err
configure:8072: $? = 0
configure:8075: test -s conftest.o
configure:8078: $? = 0
configure:8088: result: yes
configure:8092: checking arpa/inet.h presence
configure:8102: /usr/bin/ccache  gcc -E  conftest.c
configure:8108: $? = 0
configure:8128: result: yes
configure:8163: checking for arpa/inet.h
configure:8170: result: yes
configure:8183: checking whether time.h and sys/time.h may both be included
configure:8208: /usr/bin/ccache  gcc -c -O2 -funroll-loops -fomit-frame-pointer -m32 -march=pentium3 -mmmx -msse -mfpmath=sse -Wall -Wstrict-prototypes -D_XPG4_2 -D_XOPEN_SOURCE -D__EXTENSIONS__ -D_GNU_SOURCE -D_OSF_SOURCE -D_XOPEN_SOURCE_EXTENDED -W -Wall -Wpointer-arith -Wbad-function-cast -Wstrict-prototypes -Wmissing-prototypes -Wmissing-declarations -Wnested-externs -Winline -Wwrite-strings -Wundef -Wshadow -Wsign-compare -pipe -fno-strict-aliasing  conftest.c >&5
conftest.c:46:1: warning: function declaration isn't a prototype [-Wstrict-prototypes]
 main ()
 ^
configure:8214: $? = 0
configure:8218: test -z 
			 || test ! -s conftest.err
configure:8221: $? = 0
configure:8224: test -s conftest.o
configure:8227: $? = 0
configure:8238: result: yes
configure:8262: checking machine/param.h usability
configure:8274: /usr/bin/ccache  gcc -c -O2 -funroll-loops -fomit-frame-pointer -m32 -march=pentium3 -mmmx -msse -mfpmath=sse -Wall -Wstrict-prototypes -D_XPG4_2 -D_XOPEN_SOURCE -D__EXTENSIONS__ -D_GNU_SOURCE -D_OSF_SOURCE -D_XOPEN_SOURCE_EXTENDED -W -Wall -Wpointer-arith -Wbad-function-cast -Wstrict-prototypes -Wmissing-prototypes -Wmissing-declarations -Wnested-externs -Winline -Wwrite-strings -Wundef -Wshadow -Wsign-compare -pipe -fno-strict-aliasing  conftest.c >&5
conftest.c:76:27: fatal error: machine/param.h: No such file or directory
compilation terminated.
configure:8280: $? = 1
configure: failed program was:
| /* confdefs.h.  */
| 
| #define PACKAGE_NAME ""
| #define PACKAGE_TARNAME ""
| #define PACKAGE_VERSION ""
| #define PACKAGE_STRING ""
| #define PACKAGE_BUGREPORT ""
| #define STDC_HEADERS 1
| #define HAVE_SYS_TYPES_H 1
| #define HAVE_SYS_STAT_H 1
| #define HAVE_STDLIB_H 1
| #define HAVE_STRING_H 1
| #define HAVE_MEMORY_H 1
| #define HAVE_STRINGS_H 1
| #define HAVE_INTTYPES_H 1
| #define HAVE_STDINT_H 1
| #define HAVE_UNISTD_H 1
| #define STDC_HEADERS 1
| #define HAVE_INTTYPES_H 1
| #define HAVE_STDINT_H 1
| #define HAVE_INTTYPES_H 1
| #define INTTYPES_H_IS_SANE 1
| #define HAVE_FCNTL_H 1
| #define HAVE_GETOPT_H 1
| #define HAVE_GRP_H 1
| #define HAVE_LIBGEN_H 1
| #define HAVE_MEMORY_H 1
| #define HAVE_SETJMP_H 1
| #define HAVE_STDDEF_H 1
| #define HAVE_STDLIB_H 1
| #define HAVE_STRING_H 1
| #define HAVE_STRINGS_H 1
| #define HAVE_SYSEXITS_H 1
| #define HAVE_TIME_H 1
| #define HAVE_UNISTD_H 1
| #define HAVE_SYS_STAT_H 1
| #define HAVE_SYS_TIME_H 1
| #define HAVE_SYS_TYPES_H 1
| #define HAVE_ARPA_INET_H 1
| #define TIME_WITH_SYS_TIME 1
| /* end confdefs.h.  */
| #include <stdio.h>
| #if HAVE_SYS_TYPES_H
| # include <sys/types.h>
| #endif
| #if HAVE_SYS_STAT_H
| # include <sys/stat.h>
| #endif
| #if STDC_HEADERS
| # include <stdlib.h>
| # include <stddef.h>
| #else
| # if HAVE_STDLIB_H
| #  include <stdlib.h>
| # endif
| #endif
| #if HAVE_STRING_H
| # if !STDC_HEADERS && HAVE_MEMORY_H
| #  include <memory.h>
| # endif
| # include <string.h>
| #endif
| #if HAVE_STRINGS_H
| # include <strings.h>
| #endif
| #if HAVE_INTTYPES_H
| # include <inttypes.h>
| #else
| # if HAVE_STDINT_H
| #  include <stdint.h>
| # endif
| #endif
| #if HAVE_UNISTD_H
| # include <unistd.h>
| #endif
| #include <machine/param.h>
configure:8303: result: no
configure:8307: checking machine/param.h presence
configure:8317: /usr/bin/ccache  gcc -E  conftest.c
conftest.c:42:27: fatal error: machine/param.h: No such file or directory
compilation terminated.
configure:8323: $? = 1
configure: failed program was:
| /* confdefs.h.  */
| 
| #define PACKAGE_NAME ""
| #define PACKAGE_TARNAME ""
| #define PACKAGE_VERSION ""
| #define PACKAGE_STRING ""
| #define PACKAGE_BUGREPORT ""
| #define STDC_HEADERS 1
| #define HAVE_SYS_TYPES_H 1
| #define HAVE_SYS_STAT_H 1
| #define HAVE_STDLIB_H 1
| #define HAVE_STRING_H 1
| #define HAVE_MEMORY_H 1
| #define HAVE_STRINGS_H 1
| #define HAVE_INTTYPES_H 1
| #define HAVE_STDINT_H 1
| #define HAVE_UNISTD_H 1
| #define STDC_HEADERS 1
| #define HAVE_INTTYPES_H 1
| #define HAVE_STDINT_H 1
| #define HAVE_INTTYPES_H 1
| #define INTTYPES_H_IS_SANE 1
| #define HAVE_FCNTL_H 1
| #define HAVE_GETOPT_H 1
| #define HAVE_GRP_H 1
| #define HAVE_LIBGEN_H 1
| #define HAVE_MEMORY_H 1
| #define HAVE_SETJMP_H 1
| #define HAVE_STDDEF_H 1
| #define HAVE_STDLIB_H 1
| #define HAVE_STRING_H 1
| #define HAVE_STRINGS_H 1
| #define HAVE_SYSEXITS_H 1
| #define HAVE_TIME_H 1
| #define HAVE_UNISTD_H 1
| #define HAVE_SYS_STAT_H 1
| #define HAVE_SYS_TIME_H 1
| #define HAVE_SYS_TYPES_H 1
| #define HAVE_ARPA_INET_H 1
| #define TIME_WITH_SYS_TIME 1
| /* end confdefs.h.  */
| #include <machine/param.h>
configure:8343: result: no
configure:8378: checking for machine/param.h
configure:8385: result: no
configure:8412: checking sys/socket.h usability
configure:8424: /usr/bin/ccache  gcc -c -O2 -funroll-loops -fomit-frame-pointer -m32 -march=pentium3 -mmmx -msse -mfpmath=sse -Wall -Wstrict-prototypes -D_XPG4_2 -D_XOPEN_SOURCE -D__EXTENSIONS__ -D_GNU_SOURCE -D_OSF_SOURCE -D_XOPEN_SOURCE_EXTENDED -W -Wall -Wpointer-arith -Wbad-function-cast -Wstrict-prototypes -Wmissing-prototypes -Wmissing-declarations -Wnested-externs -Winline -Wwrite-strings -Wundef -Wshadow -Wsign-compare -pipe -fno-strict-aliasing  conftest.c >&5
configure:8430: $? = 0
configure:8434: test -z 
			 || test ! -s conftest.err
configure:8437: $? = 0
configure:8440: test -s conftest.o
configure:8443: $? = 0
configure:8453: result: yes
configure:8457: checking sys/socket.h presence
configure:8467: /usr/bin/ccache  gcc -E  conftest.c
configure:8473: $? = 0
configure:8493: result: yes
configure:8528: checking for sys/socket.h
configure:8535: result: yes
configure:8562: checking winsock2.h usability
configure:8574: /usr/bin/ccache  gcc -c -O2 -funroll-loops -fomit-frame-pointer -m32 -march=pentium3 -mmmx -msse -mfpmath=sse -Wall -Wstrict-prototypes -D_XPG4_2 -D_XOPEN_SOURCE -D__EXTENSIONS__ -D_GNU_SOURCE -D_OSF_SOURCE -D_XOPEN_SOURCE_EXTENDED -W -Wall -Wpointer-arith -Wbad-function-cast -Wstrict-prototypes -Wmissing-prototypes -Wmissing-declarations -Wnested-externs -Winline -Wwrite-strings -Wundef -Wshadow -Wsign-compare -pipe -fno-strict-aliasing  conftest.c >&5
conftest.c:77:22: fatal error: winsock2.h: No such file or directory
compilation terminated.
configure:8580: $? = 1
configure: failed program was:
| /* confdefs.h.  */
| 
| #define PACKAGE_NAME ""
| #define PACKAGE_TARNAME ""
| #define PACKAGE_VERSION ""
| #define PACKAGE_STRING ""
| #define PACKAGE_BUGREPORT ""
| #define STDC_HEADERS 1
| #define HAVE_SYS_TYPES_H 1
| #define HAVE_SYS_STAT_H 1
| #define HAVE_STDLIB_H 1
| #define HAVE_STRING_H 1
| #define HAVE_MEMORY_H 1
| #define HAVE_STRINGS_H 1
| #define HAVE_INTTYPES_H 1
| #define HAVE_STDINT_H 1
| #define HAVE_UNISTD_H 1
| #define STDC_HEADERS 1
| #define HAVE_INTTYPES_H 1
| #define HAVE_STDINT_H 1
| #define HAVE_INTTYPES_H 1
| #define INTTYPES_H_IS_SANE 1
| #define HAVE_FCNTL_H 1
| #define HAVE_GETOPT_H 1
| #define HAVE_GRP_H 1
| #define HAVE_LIBGEN_H 1
| #define HAVE_MEMORY_H 1
| #define HAVE_SETJMP_H 1
| #define HAVE_STDDEF_H 1
| #define HAVE_STDLIB_H 1
| #define HAVE_STRING_H 1
| #define HAVE_STRINGS_H 1
| #define HAVE_SYSEXITS_H 1
| #define HAVE_TIME_H 1
| #define HAVE_UNISTD_H 1
| #define HAVE_SYS_STAT_H 1
| #define HAVE_SYS_TIME_H 1
| #define HAVE_SYS_TYPES_H 1
| #define HAVE_ARPA_INET_H 1
| #define TIME_WITH_SYS_TIME 1
| #define HAVE_SYS_SOCKET_H 1
| /* end confdefs.h.  */
| #include <stdio.h>
| #if HAVE_SYS_TYPES_H
| # include <sys/types.h>
| #endif
| #if HAVE_SYS_STAT_H
| # include <sys/stat.h>
| #endif
| #if STDC_HEADERS
| # include <stdlib.h>
| # include <stddef.h>
| #else
| # if HAVE_STDLIB_H
| #  include <stdlib.h>
| # endif
| #endif
| #if HAVE_STRING_H
| # if !STDC_HEADERS && HAVE_MEMORY_H
| #  include <memory.h>
| # endif
| # include <string.h>
| #endif
| #if HAVE_STRINGS_H
| # include <strings.h>
| #endif
| #if HAVE_INTTYPES_H
| # include <inttypes.h>
| #else
| # if HAVE_STDINT_H
| #  include <stdint.h>
| # endif
| #endif
| #if HAVE_UNISTD_H
| # include <unistd.h>
| #endif
| #include <winsock2.h>
configure:8603: result: no
configure:8607: checking winsock2.h presence
configure:8617: /usr/bin/ccache  gcc -E  conftest.c
conftest.c:43:22: fatal error: winsock2.h: No such file or directory
compilation terminated.
configure:8623: $? = 1
configure: failed program was:
| /* confdefs.h.  */
| 
| #define PACKAGE_NAME ""
| #define PACKAGE_TARNAME ""
| #define PACKAGE_VERSION ""
| #define PACKAGE_STRING ""
| #define PACKAGE_BUGREPORT ""
| #define STDC_HEADERS 1
| #define HAVE_SYS_TYPES_H 1
| #define HAVE_SYS_STAT_H 1
| #define HAVE_STDLIB_H 1
| #define HAVE_STRING_H 1
| #define HAVE_MEMORY_H 1
| #define HAVE_STRINGS_H 1
| #define HAVE_INTTYPES_H 1
| #define HAVE_STDINT_H 1
| #define HAVE_UNISTD_H 1
| #define STDC_HEADERS 1
| #define HAVE_INTTYPES_H 1
| #define HAVE_STDINT_H 1
| #define HAVE_INTTYPES_H 1
| #define INTTYPES_H_IS_SANE 1
| #define HAVE_FCNTL_H 1
| #define HAVE_GETOPT_H 1
| #define HAVE_GRP_H 1
| #define HAVE_LIBGEN_H 1
| #define HAVE_MEMORY_H 1
| #define HAVE_SETJMP_H 1
| #define HAVE_STDDEF_H 1
| #define HAVE_STDLIB_H 1
| #define HAVE_STRING_H 1
| #define HAVE_STRINGS_H 1
| #define HAVE_SYSEXITS_H 1
| #define HAVE_TIME_H 1
| #define HAVE_UNISTD_H 1
| #define HAVE_SYS_STAT_H 1
| #define HAVE_SYS_TIME_H 1
| #define HAVE_SYS_TYPES_H 1
| #define HAVE_ARPA_INET_H 1
| #define TIME_WITH_SYS_TIME 1
| #define HAVE_SYS_SOCKET_H 1
| /* end confdefs.h.  */
| #include <winsock2.h>
configure:8643: result: no
configure:8678: checking for winsock2.h
configure:8685: result: no
configure:8712: checking winsock.h usability
configure:8724: /usr/bin/ccache  gcc -c -O2 -funroll-loops -fomit-frame-pointer -m32 -march=pentium3 -mmmx -msse -mfpmath=sse -Wall -Wstrict-prototypes -D_XPG4_2 -D_XOPEN_SOURCE -D__EXTENSIONS__ -D_GNU_SOURCE -D_OSF_SOURCE -D_XOPEN_SOURCE_EXTENDED -W -Wall -Wpointer-arith -Wbad-function-cast -Wstrict-prototypes -Wmissing-prototypes -Wmissing-declarations -Wnested-externs -Winline -Wwrite-strings -Wundef -Wshadow -Wsign-compare -pipe -fno-strict-aliasing  conftest.c >&5
conftest.c:77:21: fatal error: winsock.h: No such file or directory
compilation terminated.
configure:8730: $? = 1
configure: failed program was:
| /* confdefs.h.  */
| 
| #define PACKAGE_NAME ""
| #define PACKAGE_TARNAME ""
| #define PACKAGE_VERSION ""
| #define PACKAGE_STRING ""
| #define PACKAGE_BUGREPORT ""
| #define STDC_HEADERS 1
| #define HAVE_SYS_TYPES_H 1
| #define HAVE_SYS_STAT_H 1
| #define HAVE_STDLIB_H 1
| #define HAVE_STRING_H 1
| #define HAVE_MEMORY_H 1
| #define HAVE_STRINGS_H 1
| #define HAVE_INTTYPES_H 1
| #define HAVE_STDINT_H 1
| #define HAVE_UNISTD_H 1
| #define STDC_HEADERS 1
| #define HAVE_INTTYPES_H 1
| #define HAVE_STDINT_H 1
| #define HAVE_INTTYPES_H 1
| #define INTTYPES_H_IS_SANE 1
| #define HAVE_FCNTL_H 1
| #define HAVE_GETOPT_H 1
| #define HAVE_GRP_H 1
| #define HAVE_LIBGEN_H 1
| #define HAVE_MEMORY_H 1
| #define HAVE_SETJMP_H 1
| #define HAVE_STDDEF_H 1
| #define HAVE_STDLIB_H 1
| #define HAVE_STRING_H 1
| #define HAVE_STRINGS_H 1
| #define HAVE_SYSEXITS_H 1
| #define HAVE_TIME_H 1
| #define HAVE_UNISTD_H 1
| #define HAVE_SYS_STAT_H 1
| #define HAVE_SYS_TIME_H 1
| #define HAVE_SYS_TYPES_H 1
| #define HAVE_ARPA_INET_H 1
| #define TIME_WITH_SYS_TIME 1
| #define HAVE_SYS_SOCKET_H 1
| /* end confdefs.h.  */
| #include <stdio.h>
| #if HAVE_SYS_TYPES_H
| # include <sys/types.h>
| #endif
| #if HAVE_SYS_STAT_H
| # include <sys/stat.h>
| #endif
| #if STDC_HEADERS
| # include <stdlib.h>
| # include <stddef.h>
| #else
| # if HAVE_STDLIB_H
| #  include <stdlib.h>
| # endif
| #endif
| #if HAVE_STRING_H
| # if !STDC_HEADERS && HAVE_MEMORY_H
| #  include <memory.h>
| # endif
| # include <string.h>
| #endif
| #if HAVE_STRINGS_H
| # include <strings.h>
| #endif
| #if HAVE_INTTYPES_H
| # include <inttypes.h>
| #else
| # if HAVE_STDINT_H
| #  include <stdint.h>
| # endif
| #endif
| #if HAVE_UNISTD_H
| # include <unistd.h>
| #endif
| #include <winsock.h>
configure:8753: result: no
configure:8757: checking winsock.h presence
configure:8767: /usr/bin/ccache  gcc -E  conftest.c
conftest.c:43:21: fatal error: winsock.h: No such file or directory
compilation terminated.
configure:8773: $? = 1
configure: failed program was:
| /* confdefs.h.  */
| 
| #define PACKAGE_NAME ""
| #define PACKAGE_TARNAME ""
| #define PACKAGE_VERSION ""
| #define PACKAGE_STRING ""
| #define PACKAGE_BUGREPORT ""
| #define STDC_HEADERS 1
| #define HAVE_SYS_TYPES_H 1
| #define HAVE_SYS_STAT_H 1
| #define HAVE_STDLIB_H 1
| #define HAVE_STRING_H 1
| #define HAVE_MEMORY_H 1
| #define HAVE_STRINGS_H 1
| #define HAVE_INTTYPES_H 1
| #define HAVE_STDINT_H 1
| #define HAVE_UNISTD_H 1
| #define STDC_HEADERS 1
| #define HAVE_INTTYPES_H 1
| #define HAVE_STDINT_H 1
| #define HAVE_INTTYPES_H 1
| #define INTTYPES_H_IS_SANE 1
| #define HAVE_FCNTL_H 1
| #define HAVE_GETOPT_H 1
| #define HAVE_GRP_H 1
| #define HAVE_LIBGEN_H 1
| #define HAVE_MEMORY_H 1
| #define HAVE_SETJMP_H 1
| #define HAVE_STDDEF_H 1
| #define HAVE_STDLIB_H 1
| #define HAVE_STRING_H 1
| #define HAVE_STRINGS_H 1
| #define HAVE_SYSEXITS_H 1
| #define HAVE_TIME_H 1
| #define HAVE_UNISTD_H 1
| #define HAVE_SYS_STAT_H 1
| #define HAVE_SYS_TIME_H 1
| #define HAVE_SYS_TYPES_H 1
| #define HAVE_ARPA_INET_H 1
| #define TIME_WITH_SYS_TIME 1
| #define HAVE_SYS_SOCKET_H 1
| /* end confdefs.h.  */
| #include <winsock.h>
configure:8793: result: no
configure:8828: checking for winsock.h
configure:8835: result: no
configure:8856: checking for special C compiler options needed for large files
configure:8955: result: no
configure:8961: checking for _FILE_OFFSET_BITS value needed for large files
configure:8992: /usr/bin/ccache  gcc -c -O2 -funroll-loops -fomit-frame-pointer -m32 -march=pentium3 -mmmx -msse -mfpmath=sse -Wall -Wstrict-prototypes -D_XPG4_2 -D_XOPEN_SOURCE -D__EXTENSIONS__ -D_GNU_SOURCE -D_OSF_SOURCE -D_XOPEN_SOURCE_EXTENDED -W -Wall -Wpointer-arith -Wbad-function-cast -Wstrict-prototypes -Wmissing-prototypes -Wmissing-declarations -Wnested-externs -Winline -Wwrite-strings -Wundef -Wshadow -Wsign-compare -pipe -fno-strict-aliasing  conftest.c >&5
conftest.c:49:34: warning: left shift count >= width of type [-Wshift-count-overflow]
   int off_t_is_large[(LARGE_OFF_T % 2147483629 == 721
                                  ^
conftest.c:49:58: warning: left shift count >= width of type [-Wshift-count-overflow]
conftest.c:50:25: warning: left shift count >= width of type [-Wshift-count-overflow]
          && LARGE_OFF_T % 2147483647 == 1)
                         ^
conftest.c:50:49: warning: left shift count >= width of type [-Wshift-count-overflow]
conftest.c:49:6: error: variably modified 'off_t_is_large' at file scope
   int off_t_is_large[(LARGE_OFF_T % 2147483629 == 721
      ^
conftest.c:53:1: warning: function declaration isn't a prototype [-Wstrict-prototypes]
 main ()
 ^
configure:8998: $? = 1
configure: failed program was:
| /* confdefs.h.  */
| 
| #define PACKAGE_NAME ""
| #define PACKAGE_TARNAME ""
| #define PACKAGE_VERSION ""
| #define PACKAGE_STRING ""
| #define PACKAGE_BUGREPORT ""
| #define STDC_HEADERS 1
| #define HAVE_SYS_TYPES_H 1
| #define HAVE_SYS_STAT_H 1
| #define HAVE_STDLIB_H 1
| #define HAVE_STRING_H 1
| #define HAVE_MEMORY_H 1
| #define HAVE_STRINGS_H 1
| #define HAVE_INTTYPES_H 1
| #define HAVE_STDINT_H 1
| #define HAVE_UNISTD_H 1
| #define STDC_HEADERS 1
| #define HAVE_INTTYPES_H 1
| #define HAVE_STDINT_H 1
| #define HAVE_INTTYPES_H 1
| #define INTTYPES_H_IS_SANE 1
| #define HAVE_FCNTL_H 1
| #define HAVE_GETOPT_H 1
| #define HAVE_GRP_H 1
| #define HAVE_LIBGEN_H 1
| #define HAVE_MEMORY_H 1
| #define HAVE_SETJMP_H 1
| #define HAVE_STDDEF_H 1
| #define HAVE_STDLIB_H 1
| #define HAVE_STRING_H 1
| #define HAVE_STRINGS_H 1
| #define HAVE_SYSEXITS_H 1
| #define HAVE_TIME_H 1
| #define HAVE_UNISTD_H 1
| #define HAVE_SYS_STAT_H 1
| #define HAVE_SYS_TIME_H 1
| #define HAVE_SYS_TYPES_H 1
| #define HAVE_ARPA_INET_H 1
| #define TIME_WITH_SYS_TIME 1
| #define HAVE_SYS_SOCKET_H 1
| /* end confdefs.h.  */
| #include <sys/types.h>
|  /* Check that off_t can represent 2**63 - 1 correctly.
|     We can't simply define LARGE_OFF_T to be 9223372036854775807,
|     since some C++ compilers masquerading as C compilers
|     incorrectly reject 9223372036854775807.  */
| #define LARGE_OFF_T (((off_t) 1 << 62) - 1 + ((off_t) 1 << 62))
|   int off_t_is_large[(LARGE_OFF_T % 2147483629 == 721
| 		       && LARGE_OFF_T % 2147483647 == 1)
| 		      ? 1 : -1];
| int
| main ()
| {
| 
|   ;
|   return 0;
| }
configure:9045: /usr/bin/ccache  gcc -c -O2 -funroll-loops -fomit-frame-pointer -m32 -march=pentium3 -mmmx -msse -mfpmath=sse -Wall -Wstrict-prototypes -D_XPG4_2 -D_XOPEN_SOURCE -D__EXTENSIONS__ -D_GNU_SOURCE -D_OSF_SOURCE -D_XOPEN_SOURCE_EXTENDED -W -Wall -Wpointer-arith -Wbad-function-cast -Wstrict-prototypes -Wmissing-prototypes -Wmissing-declarations -Wnested-externs -Winline -Wwrite-strings -Wundef -Wshadow -Wsign-compare -pipe -fno-strict-aliasing  conftest.c >&5
conftest.c:54:1: warning: function declaration isn't a prototype [-Wstrict-prototypes]
 main ()
 ^
configure:9051: $? = 0
configure:9055: test -z 
			 || test ! -s conftest.err
configure:9058: $? = 0
configure:9061: test -s conftest.o
configure:9064: $? = 0
configure:9076: result: 64
configure:9086: checking for _LARGE_FILES value needed for large files
configure:9117: /usr/bin/ccache  gcc -c -O2 -funroll-loops -fomit-frame-pointer -m32 -march=pentium3 -mmmx -msse -mfpmath=sse -Wall -Wstrict-prototypes -D_XPG4_2 -D_XOPEN_SOURCE -D__EXTENSIONS__ -D_GNU_SOURCE -D_OSF_SOURCE -D_XOPEN_SOURCE_EXTENDED -W -Wall -Wpointer-arith -Wbad-function-cast -Wstrict-prototypes -Wmissing-prototypes -Wmissing-declarations -Wnested-externs -Winline -Wwrite-strings -Wundef -Wshadow -Wsign-compare -pipe -fno-strict-aliasing  conftest.c >&5
conftest.c:54:1: warning: function declaration isn't a prototype [-Wstrict-prototypes]
 main ()
 ^
configure:9123: $? = 0
configure:9127: test -z 
			 || test ! -s conftest.err
configure:9130: $? = 0
configure:9133: test -s conftest.o
configure:9136: $? = 0
configure:9201: result: no
configure:9214: checking for off_t
configure:9238: /usr/bin/ccache  gcc -c -O2 -funroll-loops -fomit-frame-pointer -m32 -march=pentium3 -mmmx -msse -mfpmath=sse -Wall -Wstrict-prototypes -D_XPG4_2 -D_XOPEN_SOURCE -D__EXTENSIONS__ -D_GNU_SOURCE -D_OSF_SOURCE -D_XOPEN_SOURCE_EXTENDED -W -Wall -Wpointer-arith -Wbad-function-cast -Wstrict-prototypes -Wmissing-prototypes -Wmissing-declarations -Wnested-externs -Winline -Wwrite-strings -Wundef -Wshadow -Wsign-compare -pipe -fno-strict-aliasing  conftest.c >&5
conftest.c:79:1: warning: function declaration isn't a prototype [-Wstrict-prototypes]
 main ()
 ^
configure:9244: $? = 0
configure:9248: test -z 
			 || test ! -s conftest.err
configure:9251: $? = 0
configure:9254: test -s conftest.o
configure:9257: $? = 0
configure:9268: result: yes
configure:9280: checking for pid_t
configure:9304: /usr/bin/ccache  gcc -c -O2 -funroll-loops -fomit-frame-pointer -m32 -march=pentium3 -mmmx -msse -mfpmath=sse -Wall -Wstrict-prototypes -D_XPG4_2 -D_XOPEN_SOURCE -D__EXTENSIONS__ -D_GNU_SOURCE -D_OSF_SOURCE -D_XOPEN_SOURCE_EXTENDED -W -Wall -Wpointer-arith -Wbad-function-cast -Wstrict-prototypes -Wmissing-prototypes -Wmissing-declarations -Wnested-externs -Winline -Wwrite-strings -Wundef -Wshadow -Wsign-compare -pipe -fno-strict-aliasing  conftest.c >&5
conftest.c:79:1: warning: function declaration isn't a prototype [-Wstrict-prototypes]
 main ()
 ^
configure:9310: $? = 0
configure:9314: test -z 
			 || test ! -s conftest.err
configure:9317: $? = 0
configure:9320: test -s conftest.o
configure:9323: $? = 0
configure:9334: result: yes
configure:9346: checking for mode_t
configure:9370: /usr/bin/ccache  gcc -c -O2 -funroll-loops -fomit-frame-pointer -m32 -march=pentium3 -mmmx -msse -mfpmath=sse -Wall -Wstrict-prototypes -D_XPG4_2 -D_XOPEN_SOURCE -D__EXTENSIONS__ -D_GNU_SOURCE -D_OSF_SOURCE -D_XOPEN_SOURCE_EXTENDED -W -Wall -Wpointer-arith -Wbad-function-cast -Wstrict-prototypes -Wmissing-prototypes -Wmissing-declarations -Wnested-externs -Winline -Wwrite-strings -Wundef -Wshadow -Wsign-compare -pipe -fno-strict-aliasing  conftest.c >&5
conftest.c:79:1: warning: function declaration isn't a prototype [-Wstrict-prototypes]
 main ()
 ^
configure:9376: $? = 0
configure:9380: test -z 
			 || test ! -s conftest.err
configure:9383: $? = 0
configure:9386: test -s conftest.o
configure:9389: $? = 0
configure:9400: result: yes
configure:9412: checking for size_t
configure:9436: /usr/bin/ccache  gcc -c -O2 -funroll-loops -fomit-frame-pointer -m32 -march=pentium3 -mmmx -msse -mfpmath=sse -Wall -Wstrict-prototypes -D_XPG4_2 -D_XOPEN_SOURCE -D__EXTENSIONS__ -D_GNU_SOURCE -D_OSF_SOURCE -D_XOPEN_SOURCE_EXTENDED -W -Wall -Wpointer-arith -Wbad-function-cast -Wstrict-prototypes -Wmissing-prototypes -Wmissing-declarations -Wnested-externs -Winline -Wwrite-strings -Wundef -Wshadow -Wsign-compare -pipe -fno-strict-aliasing  conftest.c >&5
conftest.c:79:1: warning: function declaration isn't a prototype [-Wstrict-prototypes]
 main ()
 ^
configure:9442: $? = 0
configure:9446: test -z 
			 || test ! -s conftest.err
configure:9449: $? = 0
configure:9452: test -s conftest.o
configure:9455: $? = 0
configure:9466: result: yes
configure:9478: checking for intmax_t
configure:9502: /usr/bin/ccache  gcc -c -O2 -funroll-loops -fomit-frame-pointer -m32 -march=pentium3 -mmmx -msse -mfpmath=sse -Wall -Wstrict-prototypes -D_XPG4_2 -D_XOPEN_SOURCE -D__EXTENSIONS__ -D_GNU_SOURCE -D_OSF_SOURCE -D_XOPEN_SOURCE_EXTENDED -W -Wall -Wpointer-arith -Wbad-function-cast -Wstrict-prototypes -Wmissing-prototypes -Wmissing-declarations -Wnested-externs -Winline -Wwrite-strings -Wundef -Wshadow -Wsign-compare -pipe -fno-strict-aliasing  conftest.c >&5
conftest.c:79:1: warning: function declaration isn't a prototype [-Wstrict-prototypes]
 main ()
 ^
configure:9508: $? = 0
configure:9512: test -z 
			 || test ! -s conftest.err
configure:9515: $? = 0
configure:9518: test -s conftest.o
configure:9521: $? = 0
configure:9532: result: yes
configure:9543: checking for long long
configure:9567: /usr/bin/ccache  gcc -c -O2 -funroll-loops -fomit-frame-pointer -m32 -march=pentium3 -mmmx -msse -mfpmath=sse -Wall -Wstrict-prototypes -D_XPG4_2 -D_XOPEN_SOURCE -D__EXTENSIONS__ -D_GNU_SOURCE -D_OSF_SOURCE -D_XOPEN_SOURCE_EXTENDED -W -Wall -Wpointer-arith -Wbad-function-cast -Wstrict-prototypes -Wmissing-prototypes -Wmissing-declarations -Wnested-externs -Winline -Wwrite-strings -Wundef -Wshadow -Wsign-compare -pipe -fno-strict-aliasing  conftest.c >&5
conftest.c:80:1: warning: function declaration isn't a prototype [-Wstrict-prototypes]
 main ()
 ^
configure:9573: $? = 0
configure:9577: test -z 
			 || test ! -s conftest.err
configure:9580: $? = 0
configure:9583: test -s conftest.o
configure:9586: $? = 0
configure:9597: result: yes
configure:9608: checking for uint16_t
configure:9632: /usr/bin/ccache  gcc -c -O2 -funroll-loops -fomit-frame-pointer -m32 -march=pentium3 -mmmx -msse -mfpmath=sse -Wall -Wstrict-prototypes -D_XPG4_2 -D_XOPEN_SOURCE -D__EXTENSIONS__ -D_GNU_SOURCE -D_OSF_SOURCE -D_XOPEN_SOURCE_EXTENDED -W -Wall -Wpointer-arith -Wbad-function-cast -Wstrict-prototypes -Wmissing-prototypes -Wmissing-declarations -Wnested-externs -Winline -Wwrite-strings -Wundef -Wshadow -Wsign-compare -pipe -fno-strict-aliasing  conftest.c >&5
conftest.c:81:1: warning: function declaration isn't a prototype [-Wstrict-prototypes]
 main ()
 ^
configure:9638: $? = 0
configure:9642: test -z 
			 || test ! -s conftest.err
configure:9645: $? = 0
configure:9648: test -s conftest.o
configure:9651: $? = 0
configure:9662: result: yes
configure:9673: checking for uint32_t
configure:9697: /usr/bin/ccache  gcc -c -O2 -funroll-loops -fomit-frame-pointer -m32 -march=pentium3 -mmmx -msse -mfpmath=sse -Wall -Wstrict-prototypes -D_XPG4_2 -D_XOPEN_SOURCE -D__EXTENSIONS__ -D_GNU_SOURCE -D_OSF_SOURCE -D_XOPEN_SOURCE_EXTENDED -W -Wall -Wpointer-arith -Wbad-function-cast -Wstrict-prototypes -Wmissing-prototypes -Wmissing-declarations -Wnested-externs -Winline -Wwrite-strings -Wundef -Wshadow -Wsign-compare -pipe -fno-strict-aliasing  conftest.c >&5
conftest.c:82:1: warning: function declaration isn't a prototype [-Wstrict-prototypes]
 main ()
 ^
configure:9703: $? = 0
configure:9707: test -z 
			 || test ! -s conftest.err
configure:9710: $? = 0
configure:9713: test -s conftest.o
configure:9716: $? = 0
configure:9727: result: yes
configure:9738: checking for u_short
configure:9762: /usr/bin/ccache  gcc -c -O2 -funroll-loops -fomit-frame-pointer -m32 -march=pentium3 -mmmx -msse -mfpmath=sse -Wall -Wstrict-prototypes -D_XPG4_2 -D_XOPEN_SOURCE -D__EXTENSIONS__ -D_GNU_SOURCE -D_OSF_SOURCE -D_XOPEN_SOURCE_EXTENDED -W -Wall -Wpointer-arith -Wbad-function-cast -Wstrict-prototypes -Wmissing-prototypes -Wmissing-declarations -Wnested-externs -Winline -Wwrite-strings -Wundef -Wshadow -Wsign-compare -pipe -fno-strict-aliasing  conftest.c >&5
conftest.c:83:1: warning: function declaration isn't a prototype [-Wstrict-prototypes]
 main ()
 ^
configure:9768: $? = 0
configure:9772: test -z 
			 || test ! -s conftest.err
configure:9775: $? = 0
configure:9778: test -s conftest.o
configure:9781: $? = 0
configure:9792: result: yes
configure:9803: checking for u_long
configure:9827: /usr/bin/ccache  gcc -c -O2 -funroll-loops -fomit-frame-pointer -m32 -march=pentium3 -mmmx -msse -mfpmath=sse -Wall -Wstrict-prototypes -D_XPG4_2 -D_XOPEN_SOURCE -D__EXTENSIONS__ -D_GNU_SOURCE -D_OSF_SOURCE -D_XOPEN_SOURCE_EXTENDED -W -Wall -Wpointer-arith -Wbad-function-cast -Wstrict-prototypes -Wmissing-prototypes -Wmissing-declarations -Wnested-externs -Winline -Wwrite-strings -Wundef -Wshadow -Wsign-compare -pipe -fno-strict-aliasing  conftest.c >&5
conftest.c:84:1: warning: function declaration isn't a prototype [-Wstrict-prototypes]
 main ()
 ^
configure:9833: $? = 0
configure:9837: test -z 
			 || test ! -s conftest.err
configure:9840: $? = 0
configure:9843: test -s conftest.o
configure:9846: $? = 0
configure:9857: result: yes
configure:9869: checking for socklen_t
configure:9932: /usr/bin/ccache  gcc -c -O2 -funroll-loops -fomit-frame-pointer -m32 -march=pentium3 -mmmx -msse -mfpmath=sse -Wall -Wstrict-prototypes -D_XPG4_2 -D_XOPEN_SOURCE -D__EXTENSIONS__ -D_GNU_SOURCE -D_OSF_SOURCE -D_XOPEN_SOURCE_EXTENDED -W -Wall -Wpointer-arith -Wbad-function-cast -Wstrict-prototypes -Wmissing-prototypes -Wmissing-declarations -Wnested-externs -Winline -Wwrite-strings -Wundef -Wshadow -Wsign-compare -pipe -fno-strict-aliasing  conftest.c >&5
conftest.c:91:1: warning: function declaration isn't a prototype [-Wstrict-prototypes]
 main ()
 ^
configure:9938: $? = 0
configure:9942: test -z 
			 || test ! -s conftest.err
configure:9945: $? = 0
configure:9948: test -s conftest.o
configure:9951: $? = 0
configure:9962: result: yes
configure:9974: checking for library containing socket
configure:10004: /usr/bin/ccache  gcc -o conftest -O2 -funroll-loops -fomit-frame-pointer -m32 -march=pentium3 -mmmx -msse -mfpmath=sse -Wall -Wstrict-prototypes -D_XPG4_2 -D_XOPEN_SOURCE -D__EXTENSIONS__ -D_GNU_SOURCE -D_OSF_SOURCE -D_XOPEN_SOURCE_EXTENDED -W -Wall -Wpointer-arith -Wbad-function-cast -Wstrict-prototypes -Wmissing-prototypes -Wmissing-declarations -Wnested-externs -Winline -Wwrite-strings -Wundef -Wshadow -Wsign-compare -pipe -fno-strict-aliasing   conftest.c  >&5
conftest.c:58:1: warning: function declaration isn't a prototype [-Wstrict-prototypes]
 char socket ();
 ^
conftest.c:60:1: warning: function declaration isn't a prototype [-Wstrict-prototypes]
 main ()
 ^
configure:10010: $? = 0
configure:10014: test -z 
			 || test ! -s conftest.err
configure:10017: $? = 0
configure:10020: test -s conftest
configure:10023: $? = 0
configure:10093: result: none required
configure:10104: checking for library containing gethostbyname
configure:10134: /usr/bin/ccache  gcc -o conftest -O2 -funroll-loops -fomit-frame-pointer -m32 -march=pentium3 -mmmx -msse -mfpmath=sse -Wall -Wstrict-prototypes -D_XPG4_2 -D_XOPEN_SOURCE -D__EXTENSIONS__ -D_GNU_SOURCE -D_OSF_SOURCE -D_XOPEN_SOURCE_EXTENDED -W -Wall -Wpointer-arith -Wbad-function-cast -Wstrict-prototypes -Wmissing-prototypes -Wmissing-declarations -Wnested-externs -Winline -Wwrite-strings -Wundef -Wshadow -Wsign-compare -pipe -fno-strict-aliasing   conftest.c  >&5
conftest.c:58:1: warning: function declaration isn't a prototype [-Wstrict-prototypes]
 char gethostbyname ();
 ^
conftest.c:60:1: warning: function declaration isn't a prototype [-Wstrict-prototypes]
 main ()
 ^
configure:10140: $? = 0
configure:10144: test -z 
			 || test ! -s conftest.err
configure:10147: $? = 0
configure:10150: test -s conftest
configure:10153: $? = 0
configure:10223: result: none required
configure:10234: checking for library containing inet_aton
configure:10264: /usr/bin/ccache  gcc -o conftest -O2 -funroll-loops -fomit-frame-pointer -m32 -march=pentium3 -mmmx -msse -mfpmath=sse -Wall -Wstrict-prototypes -D_XPG4_2 -D_XOPEN_SOURCE -D__EXTENSIONS__ -D_GNU_SOURCE -D_OSF_SOURCE -D_XOPEN_SOURCE_EXTENDED -W -Wall -Wpointer-arith -Wbad-function-cast -Wstrict-prototypes -Wmissing-prototypes -Wmissing-declarations -Wnested-externs -Winline -Wwrite-strings -Wundef -Wshadow -Wsign-compare -pipe -fno-strict-aliasing   conftest.c  >&5
conftest.c:58:1: warning: function declaration isn't a prototype [-Wstrict-prototypes]
 char inet_aton ();
 ^
conftest.c:60:1: warning: function declaration isn't a prototype [-Wstrict-prototypes]
 main ()
 ^
configure:10270: $? = 0
configure:10274: test -z 
			 || test ! -s conftest.err
configure:10277: $? = 0
configure:10280: test -s conftest
configure:10283: $? = 0
configure:10353: result: none required
configure:10364: checking for library containing herror
configure:10394: /usr/bin/ccache  gcc -o conftest -O2 -funroll-loops -fomit-frame-pointer -m32 -march=pentium3 -mmmx -msse -mfpmath=sse -Wall -Wstrict-prototypes -D_XPG4_2 -D_XOPEN_SOURCE -D__EXTENSIONS__ -D_GNU_SOURCE -D_OSF_SOURCE -D_XOPEN_SOURCE_EXTENDED -W -Wall -Wpointer-arith -Wbad-function-cast -Wstrict-prototypes -Wmissing-prototypes -Wmissing-declarations -Wnested-externs -Winline -Wwrite-strings -Wundef -Wshadow -Wsign-compare -pipe -fno-strict-aliasing   conftest.c  >&5
conftest.c:58:1: warning: function declaration isn't a prototype [-Wstrict-prototypes]
 char herror ();
 ^
conftest.c:60:1: warning: function declaration isn't a prototype [-Wstrict-prototypes]
 main ()
 ^
configure:10400: $? = 0
configure:10404: test -z 
			 || test ! -s conftest.err
configure:10407: $? = 0
configure:10410: test -s conftest
configure:10413: $? = 0
configure:10483: result: none required
configure:10499: checking for fcntl
configure:10556: /usr/bin/ccache  gcc -o conftest -O2 -funroll-loops -fomit-frame-pointer -m32 -march=pentium3 -mmmx -msse -mfpmath=sse -Wall -Wstrict-prototypes -D_XPG4_2 -D_XOPEN_SOURCE -D__EXTENSIONS__ -D_GNU_SOURCE -D_OSF_SOURCE -D_XOPEN_SOURCE_EXTENDED -W -Wall -Wpointer-arith -Wbad-function-cast -Wstrict-prototypes -Wmissing-prototypes -Wmissing-declarations -Wnested-externs -Winline -Wwrite-strings -Wundef -Wshadow -Wsign-compare -pipe -fno-strict-aliasing   conftest.c  >&5
conftest.c:75:1: warning: function declaration isn't a prototype [-Wstrict-prototypes]
 char fcntl ();
 ^
conftest.c:82:1: warning: function declaration isn't a prototype [-Wstrict-prototypes]
 char (*f) () = fcntl;
 ^
conftest.c:89:1: warning: function declaration isn't a prototype [-Wstrict-prototypes]
 main ()
 ^
configure:10562: $? = 0
configure:10566: test -z 
			 || test ! -s conftest.err
configure:10569: $? = 0
configure:10572: test -s conftest
configure:10575: $? = 0
configure:10587: result: yes
configure:10601: checking for setsid
configure:10658: /usr/bin/ccache  gcc -o conftest -O2 -funroll-loops -fomit-frame-pointer -m32 -march=pentium3 -mmmx -msse -mfpmath=sse -Wall -Wstrict-prototypes -D_XPG4_2 -D_XOPEN_SOURCE -D__EXTENSIONS__ -D_GNU_SOURCE -D_OSF_SOURCE -D_XOPEN_SOURCE_EXTENDED -W -Wall -Wpointer-arith -Wbad-function-cast -Wstrict-prototypes -Wmissing-prototypes -Wmissing-declarations -Wnested-externs -Winline -Wwrite-strings -Wundef -Wshadow -Wsign-compare -pipe -fno-strict-aliasing   conftest.c  >&5
conftest.c:76:1: warning: function declaration isn't a prototype [-Wstrict-prototypes]
 char setsid ();
 ^
conftest.c:83:1: warning: function declaration isn't a prototype [-Wstrict-prototypes]
 char (*f) () = setsid;
 ^
conftest.c:90:1: warning: function declaration isn't a prototype [-Wstrict-prototypes]
 main ()
 ^
configure:10664: $? = 0
configure:10668: test -z 
			 || test ! -s conftest.err
configure:10671: $? = 0
configure:10674: test -s conftest
configure:10677: $? = 0
configure:10689: result: yes
configure:10703: checking for recvmsg
configure:10760: /usr/bin/ccache  gcc -o conftest -O2 -funroll-loops -fomit-frame-pointer -m32 -march=pentium3 -mmmx -msse -mfpmath=sse -Wall -Wstrict-prototypes -D_XPG4_2 -D_XOPEN_SOURCE -D__EXTENSIONS__ -D_GNU_SOURCE -D_OSF_SOURCE -D_XOPEN_SOURCE_EXTENDED -W -Wall -Wpointer-arith -Wbad-function-cast -Wstrict-prototypes -Wmissing-prototypes -Wmissing-declarations -Wnested-externs -Winline -Wwrite-strings -Wundef -Wshadow -Wsign-compare -pipe -fno-strict-aliasing   conftest.c  >&5
conftest.c:77:1: warning: function declaration isn't a prototype [-Wstrict-prototypes]
 char recvmsg ();
 ^
conftest.c:84:1: warning: function declaration isn't a prototype [-Wstrict-prototypes]
 char (*f) () = recvmsg;
 ^
conftest.c:91:1: warning: function declaration isn't a prototype [-Wstrict-prototypes]
 main ()
 ^
configure:10766: $? = 0
configure:10770: test -z 
			 || test ! -s conftest.err
configure:10773: $? = 0
configure:10776: test -s conftest
configure:10779: $? = 0
configure:10791: result: yes
configure:10805: checking for ftruncate
configure:10862: /usr/bin/ccache  gcc -o conftest -O2 -funroll-loops -fomit-frame-pointer -m32 -march=pentium3 -mmmx -msse -mfpmath=sse -Wall -Wstrict-prototypes -D_XPG4_2 -D_XOPEN_SOURCE -D__EXTENSIONS__ -D_GNU_SOURCE -D_OSF_SOURCE -D_XOPEN_SOURCE_EXTENDED -W -Wall -Wpointer-arith -Wbad-function-cast -Wstrict-prototypes -Wmissing-prototypes -Wmissing-declarations -Wnested-externs -Winline -Wwrite-strings -Wundef -Wshadow -Wsign-compare -pipe -fno-strict-aliasing   conftest.c  >&5
conftest.c:78:1: warning: function declaration isn't a prototype [-Wstrict-prototypes]
 char ftruncate ();
 ^
conftest.c:85:1: warning: function declaration isn't a prototype [-Wstrict-prototypes]
 char (*f) () = ftruncate;
 ^
conftest.c:92:1: warning: function declaration isn't a prototype [-Wstrict-prototypes]
 main ()
 ^
configure:10868: $? = 0
configure:10872: test -z 
			 || test ! -s conftest.err
configure:10875: $? = 0
configure:10878: test -s conftest
configure:10881: $? = 0
configure:10893: result: yes
configure:10907: checking for setreuid
configure:10964: /usr/bin/ccache  gcc -o conftest -O2 -funroll-loops -fomit-frame-pointer -m32 -march=pentium3 -mmmx -msse -mfpmath=sse -Wall -Wstrict-prototypes -D_XPG4_2 -D_XOPEN_SOURCE -D__EXTENSIONS__ -D_GNU_SOURCE -D_OSF_SOURCE -D_XOPEN_SOURCE_EXTENDED -W -Wall -Wpointer-arith -Wbad-function-cast -Wstrict-prototypes -Wmissing-prototypes -Wmissing-declarations -Wnested-externs -Winline -Wwrite-strings -Wundef -Wshadow -Wsign-compare -pipe -fno-strict-aliasing   conftest.c  >&5
conftest.c:79:1: warning: function declaration isn't a prototype [-Wstrict-prototypes]
 char setreuid ();
 ^
conftest.c:86:1: warning: function declaration isn't a prototype [-Wstrict-prototypes]
 char (*f) () = setreuid;
 ^
conftest.c:93:1: warning: function declaration isn't a prototype [-Wstrict-prototypes]
 main ()
 ^
configure:10970: $? = 0
configure:10974: test -z 
			 || test ! -s conftest.err
configure:10977: $? = 0
configure:10980: test -s conftest
configure:10983: $? = 0
configure:10995: result: yes
configure:11009: checking for setregid
configure:11066: /usr/bin/ccache  gcc -o conftest -O2 -funroll-loops -fomit-frame-pointer -m32 -march=pentium3 -mmmx -msse -mfpmath=sse -Wall -Wstrict-prototypes -D_XPG4_2 -D_XOPEN_SOURCE -D__EXTENSIONS__ -D_GNU_SOURCE -D_OSF_SOURCE -D_XOPEN_SOURCE_EXTENDED -W -Wall -Wpointer-arith -Wbad-function-cast -Wstrict-prototypes -Wmissing-prototypes -Wmissing-declarations -Wnested-externs -Winline -Wwrite-strings -Wundef -Wshadow -Wsign-compare -pipe -fno-strict-aliasing   conftest.c  >&5
conftest.c:80:1: warning: function declaration isn't a prototype [-Wstrict-prototypes]
 char setregid ();
 ^
conftest.c:87:1: warning: function declaration isn't a prototype [-Wstrict-prototypes]
 char (*f) () = setregid;
 ^
conftest.c:94:1: warning: function declaration isn't a prototype [-Wstrict-prototypes]
 main ()
 ^
configure:11072: $? = 0
configure:11076: test -z 
			 || test ! -s conftest.err
configure:11079: $? = 0
configure:11082: test -s conftest
configure:11085: $? = 0
configure:11097: result: yes
configure:11111: checking for initgroups
configure:11168: /usr/bin/ccache  gcc -o conftest -O2 -funroll-loops -fomit-frame-pointer -m32 -march=pentium3 -mmmx -msse -mfpmath=sse -Wall -Wstrict-prototypes -D_XPG4_2 -D_XOPEN_SOURCE -D__EXTENSIONS__ -D_GNU_SOURCE -D_OSF_SOURCE -D_XOPEN_SOURCE_EXTENDED -W -Wall -Wpointer-arith -Wbad-function-cast -Wstrict-prototypes -Wmissing-prototypes -Wmissing-declarations -Wnested-externs -Winline -Wwrite-strings -Wundef -Wshadow -Wsign-compare -pipe -fno-strict-aliasing   conftest.c  >&5
conftest.c:81:1: warning: function declaration isn't a prototype [-Wstrict-prototypes]
 char initgroups ();
 ^
conftest.c:88:1: warning: function declaration isn't a prototype [-Wstrict-prototypes]
 char (*f) () = initgroups;
 ^
conftest.c:95:1: warning: function declaration isn't a prototype [-Wstrict-prototypes]
 main ()
 ^
configure:11174: $? = 0
configure:11178: test -z 
			 || test ! -s conftest.err
configure:11181: $? = 0
configure:11184: test -s conftest
configure:11187: $? = 0
configure:11199: result: yes
configure:11213: checking for setgroups
configure:11270: /usr/bin/ccache  gcc -o conftest -O2 -funroll-loops -fomit-frame-pointer -m32 -march=pentium3 -mmmx -msse -mfpmath=sse -Wall -Wstrict-prototypes -D_XPG4_2 -D_XOPEN_SOURCE -D__EXTENSIONS__ -D_GNU_SOURCE -D_OSF_SOURCE -D_XOPEN_SOURCE_EXTENDED -W -Wall -Wpointer-arith -Wbad-function-cast -Wstrict-prototypes -Wmissing-prototypes -Wmissing-declarations -Wnested-externs -Winline -Wwrite-strings -Wundef -Wshadow -Wsign-compare -pipe -fno-strict-aliasing   conftest.c  >&5
conftest.c:82:1: warning: function declaration isn't a prototype [-Wstrict-prototypes]
 char setgroups ();
 ^
conftest.c:89:1: warning: function declaration isn't a prototype [-Wstrict-prototypes]
 char (*f) () = setgroups;
 ^
conftest.c:96:1: warning: function declaration isn't a prototype [-Wstrict-prototypes]
 main ()
 ^
configure:11276: $? = 0
configure:11280: test -z 
			 || test ! -s conftest.err
configure:11283: $? = 0
configure:11286: test -s conftest
configure:11289: $? = 0
configure:11301: result: yes
configure:11316: checking for strtoumax
configure:11373: /usr/bin/ccache  gcc -o conftest -O2 -funroll-loops -fomit-frame-pointer -m32 -march=pentium3 -mmmx -msse -mfpmath=sse -Wall -Wstrict-prototypes -D_XPG4_2 -D_XOPEN_SOURCE -D__EXTENSIONS__ -D_GNU_SOURCE -D_OSF_SOURCE -D_XOPEN_SOURCE_EXTENDED -W -Wall -Wpointer-arith -Wbad-function-cast -Wstrict-prototypes -Wmissing-prototypes -Wmissing-declarations -Wnested-externs -Winline -Wwrite-strings -Wundef -Wshadow -Wsign-compare -pipe -fno-strict-aliasing   conftest.c  >&5
conftest.c:83:1: warning: function declaration isn't a prototype [-Wstrict-prototypes]
 char strtoumax ();
 ^
conftest.c:90:1: warning: function declaration isn't a prototype [-Wstrict-prototypes]
 char (*f) () = strtoumax;
 ^
conftest.c:97:1: warning: function declaration isn't a prototype [-Wstrict-prototypes]
 main ()
 ^
configure:11379: $? = 0
configure:11383: test -z 
			 || test ! -s conftest.err
configure:11386: $? = 0
configure:11389: test -s conftest
configure:11392: $? = 0
configure:11404: result: yes
configure:11418: checking for strtoull
configure:11475: /usr/bin/ccache  gcc -o conftest -O2 -funroll-loops -fomit-frame-pointer -m32 -march=pentium3 -mmmx -msse -mfpmath=sse -Wall -Wstrict-prototypes -D_XPG4_2 -D_XOPEN_SOURCE -D__EXTENSIONS__ -D_GNU_SOURCE -D_OSF_SOURCE -D_XOPEN_SOURCE_EXTENDED -W -Wall -Wpointer-arith -Wbad-function-cast -Wstrict-prototypes -Wmissing-prototypes -Wmissing-declarations -Wnested-externs -Winline -Wwrite-strings -Wundef -Wshadow -Wsign-compare -pipe -fno-strict-aliasing   conftest.c  >&5
conftest.c:84:1: warning: function declaration isn't a prototype [-Wstrict-prototypes]
 char strtoull ();
 ^
conftest.c:91:1: warning: function declaration isn't a prototype [-Wstrict-prototypes]
 char (*f) () = strtoull;
 ^
conftest.c:98:1: warning: function declaration isn't a prototype [-Wstrict-prototypes]
 main ()
 ^
configure:11481: $? = 0
configure:11485: test -z 
			 || test ! -s conftest.err
configure:11488: $? = 0
configure:11491: test -s conftest
configure:11494: $? = 0
configure:11506: result: yes
configure:11517: checking for struct msghdr.msg_control
configure:11545: /usr/bin/ccache  gcc -c -O2 -funroll-loops -fomit-frame-pointer -m32 -march=pentium3 -mmmx -msse -mfpmath=sse -Wall -Wstrict-prototypes -D_XPG4_2 -D_XOPEN_SOURCE -D__EXTENSIONS__ -D_GNU_SOURCE -D_OSF_SOURCE -D_XOPEN_SOURCE_EXTENDED -W -Wall -Wpointer-arith -Wbad-function-cast -Wstrict-prototypes -Wmissing-prototypes -Wmissing-declarations -Wnested-externs -Winline -Wwrite-strings -Wundef -Wshadow -Wsign-compare -pipe -fno-strict-aliasing  conftest.c >&5
conftest.c:68:1: warning: function declaration isn't a prototype [-Wstrict-prototypes]
 main ()
 ^
configure:11551: $? = 0
configure:11555: test -z 
			 || test ! -s conftest.err
configure:11558: $? = 0
configure:11561: test -s conftest.o
configure:11564: $? = 0
configure:11626: result: yes
configure:11635: checking for definition of struct in_pktinfo
configure:11664: /usr/bin/ccache  gcc -c -O2 -funroll-loops -fomit-frame-pointer -m32 -march=pentium3 -mmmx -msse -mfpmath=sse -Wall -Wstrict-prototypes -D_XPG4_2 -D_XOPEN_SOURCE -D__EXTENSIONS__ -D_GNU_SOURCE -D_OSF_SOURCE -D_XOPEN_SOURCE_EXTENDED -W -Wall -Wpointer-arith -Wbad-function-cast -Wstrict-prototypes -Wmissing-prototypes -Wmissing-declarations -Wnested-externs -Winline -Wwrite-strings -Wundef -Wshadow -Wsign-compare -pipe -fno-strict-aliasing  conftest.c >&5
conftest.c:71:1: warning: function declaration isn't a prototype [-Wstrict-prototypes]
 main ()
 ^
conftest.c: In function 'main':
conftest.c:76:8: warning: unused variable 'quux' [-Wunused-variable]
  void *quux = (void *)(&pktinfo.ipi_addr);
        ^
conftest.c:75:6: warning: unused variable 'foo' [-Wunused-variable]
  int foo = sizeof(struct in_pktinfo);
      ^
configure:11670: $? = 0
configure:11674: test -z 
			 || test ! -s conftest.err
configure:11677: $? = 0
configure:11680: test -s conftest.o
configure:11683: $? = 0
configure:11690: result: yes
configure:11704: checking if fcntl.h defines O_NONBLOCK
configure:11732: /usr/bin/ccache  gcc -c -O2 -funroll-loops -fomit-frame-pointer -m32 -march=pentium3 -mmmx -msse -mfpmath=sse -Wall -Wstrict-prototypes -D_XPG4_2 -D_XOPEN_SOURCE -D__EXTENSIONS__ -D_GNU_SOURCE -D_OSF_SOURCE -D_XOPEN_SOURCE_EXTENDED -W -Wall -Wpointer-arith -Wbad-function-cast -Wstrict-prototypes -Wmissing-prototypes -Wmissing-declarations -Wnested-externs -Winline -Wwrite-strings -Wundef -Wshadow -Wsign-compare -pipe -fno-strict-aliasing  conftest.c >&5
conftest.c:67:1: warning: function declaration isn't a prototype [-Wstrict-prototypes]
 main ()
 ^
conftest.c: In function 'main':
conftest.c:70:5: warning: function declaration isn't a prototype [-Wstrict-prototypes]
 int main()
     ^
conftest.c:70:5: warning: 'main' is normally a non-static function [-Wmain]
conftest.c:70:5: warning: declaration of 'main' shadows a global declaration [-Wshadow]
conftest.c:67:1: note: shadowed declaration is here
 main ()
 ^
conftest.c: In function 'main':
conftest.c:72:6: warning: unused variable 'dummy' [-Wunused-variable]
  int dummy = O_NONBLOCK;
      ^
configure:11738: $? = 0
configure:11742: test -z 
			 || test ! -s conftest.err
configure:11745: $? = 0
configure:11748: test -s conftest.o
configure:11751: $? = 0
configure:11759: result: yes
configure:11772: checking if fcntl.h defines O_BINARY
configure:11800: /usr/bin/ccache  gcc -c -O2 -funroll-loops -fomit-frame-pointer -m32 -march=pentium3 -mmmx -msse -mfpmath=sse -Wall -Wstrict-prototypes -D_XPG4_2 -D_XOPEN_SOURCE -D__EXTENSIONS__ -D_GNU_SOURCE -D_OSF_SOURCE -D_XOPEN_SOURCE_EXTENDED -W -Wall -Wpointer-arith -Wbad-function-cast -Wstrict-prototypes -Wmissing-prototypes -Wmissing-declarations -Wnested-externs -Winline -Wwrite-strings -Wundef -Wshadow -Wsign-compare -pipe -fno-strict-aliasing  conftest.c >&5
conftest.c:68:1: warning: function declaration isn't a prototype [-Wstrict-prototypes]
 main ()
 ^
conftest.c: In function 'main':
conftest.c:71:5: warning: function declaration isn't a prototype [-Wstrict-prototypes]
 int main()
     ^
conftest.c:71:5: warning: 'main' is normally a non-static function [-Wmain]
conftest.c:71:5: warning: declaration of 'main' shadows a global declaration [-Wshadow]
conftest.c:68:1: note: shadowed declaration is here
 main ()
 ^
conftest.c: In function 'main':
conftest.c:73:14: error: 'O_BINARY' undeclared (first use in this function)
  int dummy = O_BINARY;
              ^
conftest.c:73:14: note: each undeclared identifier is reported only once for each function it appears in
conftest.c:73:6: warning: unused variable 'dummy' [-Wunused-variable]
  int dummy = O_BINARY;
      ^
configure:11806: $? = 1
configure: failed program was:
| /* confdefs.h.  */
| 
| #define PACKAGE_NAME ""
| #define PACKAGE_TARNAME ""
| #define PACKAGE_VERSION ""
| #define PACKAGE_STRING ""
| #define PACKAGE_BUGREPORT ""
| #define STDC_HEADERS 1
| #define HAVE_SYS_TYPES_H 1
| #define HAVE_SYS_STAT_H 1
| #define HAVE_STDLIB_H 1
| #define HAVE_STRING_H 1
| #define HAVE_MEMORY_H 1
| #define HAVE_STRINGS_H 1
| #define HAVE_INTTYPES_H 1
| #define HAVE_STDINT_H 1
| #define HAVE_UNISTD_H 1
| #define STDC_HEADERS 1
| #define HAVE_INTTYPES_H 1
| #define HAVE_STDINT_H 1
| #define HAVE_INTTYPES_H 1
| #define INTTYPES_H_IS_SANE 1
| #define HAVE_FCNTL_H 1
| #define HAVE_GETOPT_H 1
| #define HAVE_GRP_H 1
| #define HAVE_LIBGEN_H 1
| #define HAVE_MEMORY_H 1
| #define HAVE_SETJMP_H 1
| #define HAVE_STDDEF_H 1
| #define HAVE_STDLIB_H 1
| #define HAVE_STRING_H 1
| #define HAVE_STRINGS_H 1
| #define HAVE_SYSEXITS_H 1
| #define HAVE_TIME_H 1
| #define HAVE_UNISTD_H 1
| #define HAVE_SYS_STAT_H 1
| #define HAVE_SYS_TIME_H 1
| #define HAVE_SYS_TYPES_H 1
| #define HAVE_ARPA_INET_H 1
| #define TIME_WITH_SYS_TIME 1
| #define HAVE_SYS_SOCKET_H 1
| #define _FILE_OFFSET_BITS 64
| #define HAVE_INTMAX_T 1
| #define HAVE_LONG_LONG 1
| #define HAVE_UINT16_T 1
| #define HAVE_UINT32_T 1
| #define HAVE_U_SHORT 1
| #define HAVE_U_LONG 1
| #define HAVE_SOCKLEN_T 1
| #define HAVE_FCNTL 1
| #define HAVE_SETSID 1
| #define HAVE_RECVMSG 1
| #define HAVE_FTRUNCATE 1
| #define HAVE_SETREUID 1
| #define HAVE_SETREGID 1
| #define HAVE_INITGROUPS 1
| #define HAVE_SETGROUPS 1
| #define HAVE_STRTOUMAX 1
| #define HAVE_STRTOULL 1
| #define HAVE_MSGHDR_MSG_CONTROL 1
| #define HAVE_STRUCT_IN_PKTINFO 1
| #define HAVE_O_NONBLOCK_DEFINITION 1
| /* end confdefs.h.  */
| 
| #include <fcntl.h>
| 
| int
| main ()
| {
| 
| int main()
| {
| 	int dummy = O_BINARY;
| 	return 0;
| }
| 
|   ;
|   return 0;
| }
configure:11835: result: no
configure:11840: checking if fcntl.h defines O_TEXT
configure:11868: /usr/bin/ccache  gcc -c -O2 -funroll-loops -fomit-frame-pointer -m32 -march=pentium3 -mmmx -msse -mfpmath=sse -Wall -Wstrict-prototypes -D_XPG4_2 -D_XOPEN_SOURCE -D__EXTENSIONS__ -D_GNU_SOURCE -D_OSF_SOURCE -D_XOPEN_SOURCE_EXTENDED -W -Wall -Wpointer-arith -Wbad-function-cast -Wstrict-prototypes -Wmissing-prototypes -Wmissing-declarations -Wnested-externs -Winline -Wwrite-strings -Wundef -Wshadow -Wsign-compare -pipe -fno-strict-aliasing  conftest.c >&5
conftest.c:68:1: warning: function declaration isn't a prototype [-Wstrict-prototypes]
 main ()
 ^
conftest.c: In function 'main':
conftest.c:71:5: warning: function declaration isn't a prototype [-Wstrict-prototypes]
 int main()
     ^
conftest.c:71:5: warning: 'main' is normally a non-static function [-Wmain]
conftest.c:71:5: warning: declaration of 'main' shadows a global declaration [-Wshadow]
conftest.c:68:1: note: shadowed declaration is here
 main ()
 ^
conftest.c: In function 'main':
conftest.c:73:14: error: 'O_TEXT' undeclared (first use in this function)
  int dummy = O_TEXT;
              ^
conftest.c:73:14: note: each undeclared identifier is reported only once for each function it appears in
conftest.c:73:6: warning: unused variable 'dummy' [-Wunused-variable]
  int dummy = O_TEXT;
      ^
configure:11874: $? = 1
configure: failed program was:
| /* confdefs.h.  */
| 
| #define PACKAGE_NAME ""
| #define PACKAGE_TARNAME ""
| #define PACKAGE_VERSION ""
| #define PACKAGE_STRING ""
| #define PACKAGE_BUGREPORT ""
| #define STDC_HEADERS 1
| #define HAVE_SYS_TYPES_H 1
| #define HAVE_SYS_STAT_H 1
| #define HAVE_STDLIB_H 1
| #define HAVE_STRING_H 1
| #define HAVE_MEMORY_H 1
| #define HAVE_STRINGS_H 1
| #define HAVE_INTTYPES_H 1
| #define HAVE_STDINT_H 1
| #define HAVE_UNISTD_H 1
| #define STDC_HEADERS 1
| #define HAVE_INTTYPES_H 1
| #define HAVE_STDINT_H 1
| #define HAVE_INTTYPES_H 1
| #define INTTYPES_H_IS_SANE 1
| #define HAVE_FCNTL_H 1
| #define HAVE_GETOPT_H 1
| #define HAVE_GRP_H 1
| #define HAVE_LIBGEN_H 1
| #define HAVE_MEMORY_H 1
| #define HAVE_SETJMP_H 1
| #define HAVE_STDDEF_H 1
| #define HAVE_STDLIB_H 1
| #define HAVE_STRING_H 1
| #define HAVE_STRINGS_H 1
| #define HAVE_SYSEXITS_H 1
| #define HAVE_TIME_H 1
| #define HAVE_UNISTD_H 1
| #define HAVE_SYS_STAT_H 1
| #define HAVE_SYS_TIME_H 1
| #define HAVE_SYS_TYPES_H 1
| #define HAVE_ARPA_INET_H 1
| #define TIME_WITH_SYS_TIME 1
| #define HAVE_SYS_SOCKET_H 1
| #define _FILE_OFFSET_BITS 64
| #define HAVE_INTMAX_T 1
| #define HAVE_LONG_LONG 1
| #define HAVE_UINT16_T 1
| #define HAVE_UINT32_T 1
| #define HAVE_U_SHORT 1
| #define HAVE_U_LONG 1
| #define HAVE_SOCKLEN_T 1
| #define HAVE_FCNTL 1
| #define HAVE_SETSID 1
| #define HAVE_RECVMSG 1
| #define HAVE_FTRUNCATE 1
| #define HAVE_SETREUID 1
| #define HAVE_SETREGID 1
| #define HAVE_INITGROUPS 1
| #define HAVE_SETGROUPS 1
| #define HAVE_STRTOUMAX 1
| #define HAVE_STRTOULL 1
| #define HAVE_MSGHDR_MSG_CONTROL 1
| #define HAVE_STRUCT_IN_PKTINFO 1
| #define HAVE_O_NONBLOCK_DEFINITION 1
| /* end confdefs.h.  */
| 
| #include <fcntl.h>
| 
| int
| main ()
| {
| 
| int main()
| {
| 	int dummy = O_TEXT;
| 	return 0;
| }
| 
|   ;
|   return 0;
| }
configure:11903: result: no
configure:11911: checking for sigsetjmp
configure:11934: /usr/bin/ccache  gcc -o conftest -O2 -funroll-loops -fomit-frame-pointer -m32 -march=pentium3 -mmmx -msse -mfpmath=sse -Wall -Wstrict-prototypes -D_XPG4_2 -D_XOPEN_SOURCE -D__EXTENSIONS__ -D_GNU_SOURCE -D_OSF_SOURCE -D_XOPEN_SOURCE_EXTENDED -W -Wall -Wpointer-arith -Wbad-function-cast -Wstrict-prototypes -Wmissing-prototypes -Wmissing-declarations -Wnested-externs -Winline -Wwrite-strings -Wundef -Wshadow -Wsign-compare -pipe -fno-strict-aliasing   conftest.c  >&5
conftest.c:69:1: warning: function declaration isn't a prototype [-Wstrict-prototypes]
 main ()
 ^
configure:11940: $? = 0
configure:11944: test -z 
			 || test ! -s conftest.err
configure:11947: $? = 0
configure:11950: test -s conftest
configure:11953: $? = 0
configure:11955: result: yes
configure:11976: checking for library containing xmalloc
configure:12006: /usr/bin/ccache  gcc -o conftest -O2 -funroll-loops -fomit-frame-pointer -m32 -march=pentium3 -mmmx -msse -mfpmath=sse -Wall -Wstrict-prototypes -D_XPG4_2 -D_XOPEN_SOURCE -D__EXTENSIONS__ -D_GNU_SOURCE -D_OSF_SOURCE -D_XOPEN_SOURCE_EXTENDED -W -Wall -Wpointer-arith -Wbad-function-cast -Wstrict-prototypes -Wmissing-prototypes -Wmissing-declarations -Wnested-externs -Winline -Wwrite-strings -Wundef -Wshadow -Wsign-compare -pipe -fno-strict-aliasing   conftest.c  >&5
conftest.c:72:1: warning: function declaration isn't a prototype [-Wstrict-prototypes]
 char xmalloc ();
 ^
conftest.c:74:1: warning: function declaration isn't a prototype [-Wstrict-prototypes]
 main ()
 ^
/tmp/ccuVVTMb.o: In function `main':
conftest.c:(.text.startup+0x7): undefined reference to `xmalloc'
collect2: error: ld returned 1 exit status
configure:12012: $? = 1
configure: failed program was:
| /* confdefs.h.  */
| 
| #define PACKAGE_NAME ""
| #define PACKAGE_TARNAME ""
| #define PACKAGE_VERSION ""
| #define PACKAGE_STRING ""
| #define PACKAGE_BUGREPORT ""
| #define STDC_HEADERS 1
| #define HAVE_SYS_TYPES_H 1
| #define HAVE_SYS_STAT_H 1
| #define HAVE_STDLIB_H 1
| #define HAVE_STRING_H 1
| #define HAVE_MEMORY_H 1
| #define HAVE_STRINGS_H 1
| #define HAVE_INTTYPES_H 1
| #define HAVE_STDINT_H 1
| #define HAVE_UNISTD_H 1
| #define STDC_HEADERS 1
| #define HAVE_INTTYPES_H 1
| #define HAVE_STDINT_H 1
| #define HAVE_INTTYPES_H 1
| #define INTTYPES_H_IS_SANE 1
| #define HAVE_FCNTL_H 1
| #define HAVE_GETOPT_H 1
| #define HAVE_GRP_H 1
| #define HAVE_LIBGEN_H 1
| #define HAVE_MEMORY_H 1
| #define HAVE_SETJMP_H 1
| #define HAVE_STDDEF_H 1
| #define HAVE_STDLIB_H 1
| #define HAVE_STRING_H 1
| #define HAVE_STRINGS_H 1
| #define HAVE_SYSEXITS_H 1
| #define HAVE_TIME_H 1
| #define HAVE_UNISTD_H 1
| #define HAVE_SYS_STAT_H 1
| #define HAVE_SYS_TIME_H 1
| #define HAVE_SYS_TYPES_H 1
| #define HAVE_ARPA_INET_H 1
| #define TIME_WITH_SYS_TIME 1
| #define HAVE_SYS_SOCKET_H 1
| #define _FILE_OFFSET_BITS 64
| #define HAVE_INTMAX_T 1
| #define HAVE_LONG_LONG 1
| #define HAVE_UINT16_T 1
| #define HAVE_UINT32_T 1
| #define HAVE_U_SHORT 1
| #define HAVE_U_LONG 1
| #define HAVE_SOCKLEN_T 1
| #define HAVE_FCNTL 1
| #define HAVE_SETSID 1
| #define HAVE_RECVMSG 1
| #define HAVE_FTRUNCATE 1
| #define HAVE_SETREUID 1
| #define HAVE_SETREGID 1
| #define HAVE_INITGROUPS 1
| #define HAVE_SETGROUPS 1
| #define HAVE_STRTOUMAX 1
| #define HAVE_STRTOULL 1
| #define HAVE_MSGHDR_MSG_CONTROL 1
| #define HAVE_STRUCT_IN_PKTINFO 1
| #define HAVE_O_NONBLOCK_DEFINITION 1
| #define HAVE_SIGSETJMP 1
| /* end confdefs.h.  */
| 
| /* Override any gcc2 internal prototype to avoid an error.  */
| #ifdef __cplusplus
| extern "C"
| #endif
| /* We use char because int might match the return type of a gcc2
|    builtin and then its argument prototype would still apply.  */
| char xmalloc ();
| int
| main ()
| {
| xmalloc ();
|   ;
|   return 0;
| }
configure:12061: /usr/bin/ccache  gcc -o conftest -O2 -funroll-loops -fomit-frame-pointer -m32 -march=pentium3 -mmmx -msse -mfpmath=sse -Wall -Wstrict-prototypes -D_XPG4_2 -D_XOPEN_SOURCE -D__EXTENSIONS__ -D_GNU_SOURCE -D_OSF_SOURCE -D_XOPEN_SOURCE_EXTENDED -W -Wall -Wpointer-arith -Wbad-function-cast -Wstrict-prototypes -Wmissing-prototypes -Wmissing-declarations -Wnested-externs -Winline -Wwrite-strings -Wundef -Wshadow -Wsign-compare -pipe -fno-strict-aliasing   conftest.c -liberty   >&5
conftest.c:72:1: warning: function declaration isn't a prototype [-Wstrict-prototypes]
 char xmalloc ();
 ^
conftest.c:74:1: warning: function declaration isn't a prototype [-Wstrict-prototypes]
 main ()
 ^
/usr/bin/ld: cannot find -liberty
collect2: error: ld returned 1 exit status
configure:12067: $? = 1
configure: failed program was:
| /* confdefs.h.  */
| 
| #define PACKAGE_NAME ""
| #define PACKAGE_TARNAME ""
| #define PACKAGE_VERSION ""
| #define PACKAGE_STRING ""
| #define PACKAGE_BUGREPORT ""
| #define STDC_HEADERS 1
| #define HAVE_SYS_TYPES_H 1
| #define HAVE_SYS_STAT_H 1
| #define HAVE_STDLIB_H 1
| #define HAVE_STRING_H 1
| #define HAVE_MEMORY_H 1
| #define HAVE_STRINGS_H 1
| #define HAVE_INTTYPES_H 1
| #define HAVE_STDINT_H 1
| #define HAVE_UNISTD_H 1
| #define STDC_HEADERS 1
| #define HAVE_INTTYPES_H 1
| #define HAVE_STDINT_H 1
| #define HAVE_INTTYPES_H 1
| #define INTTYPES_H_IS_SANE 1
| #define HAVE_FCNTL_H 1
| #define HAVE_GETOPT_H 1
| #define HAVE_GRP_H 1
| #define HAVE_LIBGEN_H 1
| #define HAVE_MEMORY_H 1
| #define HAVE_SETJMP_H 1
| #define HAVE_STDDEF_H 1
| #define HAVE_STDLIB_H 1
| #define HAVE_STRING_H 1
| #define HAVE_STRINGS_H 1
| #define HAVE_SYSEXITS_H 1
| #define HAVE_TIME_H 1
| #define HAVE_UNISTD_H 1
| #define HAVE_SYS_STAT_H 1
| #define HAVE_SYS_TIME_H 1
| #define HAVE_SYS_TYPES_H 1
| #define HAVE_ARPA_INET_H 1
| #define TIME_WITH_SYS_TIME 1
| #define HAVE_SYS_SOCKET_H 1
| #define _FILE_OFFSET_BITS 64
| #define HAVE_INTMAX_T 1
| #define HAVE_LONG_LONG 1
| #define HAVE_UINT16_T 1
| #define HAVE_UINT32_T 1
| #define HAVE_U_SHORT 1
| #define HAVE_U_LONG 1
| #define HAVE_SOCKLEN_T 1
| #define HAVE_FCNTL 1
| #define HAVE_SETSID 1
| #define HAVE_RECVMSG 1
| #define HAVE_FTRUNCATE 1
| #define HAVE_SETREUID 1
| #define HAVE_SETREGID 1
| #define HAVE_INITGROUPS 1
| #define HAVE_SETGROUPS 1
| #define HAVE_STRTOUMAX 1
| #define HAVE_STRTOULL 1
| #define HAVE_MSGHDR_MSG_CONTROL 1
| #define HAVE_STRUCT_IN_PKTINFO 1
| #define HAVE_O_NONBLOCK_DEFINITION 1
| #define HAVE_SIGSETJMP 1
| /* end confdefs.h.  */
| 
| /* Override any gcc2 internal prototype to avoid an error.  */
| #ifdef __cplusplus
| extern "C"
| #endif
| /* We use char because int might match the return type of a gcc2
|    builtin and then its argument prototype would still apply.  */
| char xmalloc ();
| int
| main ()
| {
| xmalloc ();
|   ;
|   return 0;
| }
configure:12095: result: no
configure:12111: checking for library containing xstrdup
configure:12141: /usr/bin/ccache  gcc -o conftest -O2 -funroll-loops -fomit-frame-pointer -m32 -march=pentium3 -mmmx -msse -mfpmath=sse -Wall -Wstrict-prototypes -D_XPG4_2 -D_XOPEN_SOURCE -D__EXTENSIONS__ -D_GNU_SOURCE -D_OSF_SOURCE -D_XOPEN_SOURCE_EXTENDED -W -Wall -Wpointer-arith -Wbad-function-cast -Wstrict-prototypes -Wmissing-prototypes -Wmissing-declarations -Wnested-externs -Winline -Wwrite-strings -Wundef -Wshadow -Wsign-compare -pipe -fno-strict-aliasing   conftest.c  >&5
conftest.c:72:1: warning: function declaration isn't a prototype [-Wstrict-prototypes]
 char xstrdup ();
 ^
conftest.c:74:1: warning: function declaration isn't a prototype [-Wstrict-prototypes]
 main ()
 ^
/tmp/ccjkbHIm.o: In function `main':
conftest.c:(.text.startup+0x7): undefined reference to `xstrdup'
collect2: error: ld returned 1 exit status
configure:12147: $? = 1
configure: failed program was:
| /* confdefs.h.  */
| 
| #define PACKAGE_NAME ""
| #define PACKAGE_TARNAME ""
| #define PACKAGE_VERSION ""
| #define PACKAGE_STRING ""
| #define PACKAGE_BUGREPORT ""
| #define STDC_HEADERS 1
| #define HAVE_SYS_TYPES_H 1
| #define HAVE_SYS_STAT_H 1
| #define HAVE_STDLIB_H 1
| #define HAVE_STRING_H 1
| #define HAVE_MEMORY_H 1
| #define HAVE_STRINGS_H 1
| #define HAVE_INTTYPES_H 1
| #define HAVE_STDINT_H 1
| #define HAVE_UNISTD_H 1
| #define STDC_HEADERS 1
| #define HAVE_INTTYPES_H 1
| #define HAVE_STDINT_H 1
| #define HAVE_INTTYPES_H 1
| #define INTTYPES_H_IS_SANE 1
| #define HAVE_FCNTL_H 1
| #define HAVE_GETOPT_H 1
| #define HAVE_GRP_H 1
| #define HAVE_LIBGEN_H 1
| #define HAVE_MEMORY_H 1
| #define HAVE_SETJMP_H 1
| #define HAVE_STDDEF_H 1
| #define HAVE_STDLIB_H 1
| #define HAVE_STRING_H 1
| #define HAVE_STRINGS_H 1
| #define HAVE_SYSEXITS_H 1
| #define HAVE_TIME_H 1
| #define HAVE_UNISTD_H 1
| #define HAVE_SYS_STAT_H 1
| #define HAVE_SYS_TIME_H 1
| #define HAVE_SYS_TYPES_H 1
| #define HAVE_ARPA_INET_H 1
| #define TIME_WITH_SYS_TIME 1
| #define HAVE_SYS_SOCKET_H 1
| #define _FILE_OFFSET_BITS 64
| #define HAVE_INTMAX_T 1
| #define HAVE_LONG_LONG 1
| #define HAVE_UINT16_T 1
| #define HAVE_UINT32_T 1
| #define HAVE_U_SHORT 1
| #define HAVE_U_LONG 1
| #define HAVE_SOCKLEN_T 1
| #define HAVE_FCNTL 1
| #define HAVE_SETSID 1
| #define HAVE_RECVMSG 1
| #define HAVE_FTRUNCATE 1
| #define HAVE_SETREUID 1
| #define HAVE_SETREGID 1
| #define HAVE_INITGROUPS 1
| #define HAVE_SETGROUPS 1
| #define HAVE_STRTOUMAX 1
| #define HAVE_STRTOULL 1
| #define HAVE_MSGHDR_MSG_CONTROL 1
| #define HAVE_STRUCT_IN_PKTINFO 1
| #define HAVE_O_NONBLOCK_DEFINITION 1
| #define HAVE_SIGSETJMP 1
| /* end confdefs.h.  */
| 
| /* Override any gcc2 internal prototype to avoid an error.  */
| #ifdef __cplusplus
| extern "C"
| #endif
| /* We use char because int might match the return type of a gcc2
|    builtin and then its argument prototype would still apply.  */
| char xstrdup ();
| int
| main ()
| {
| xstrdup ();
|   ;
|   return 0;
| }
configure:12196: /usr/bin/ccache  gcc -o conftest -O2 -funroll-loops -fomit-frame-pointer -m32 -march=pentium3 -mmmx -msse -mfpmath=sse -Wall -Wstrict-prototypes -D_XPG4_2 -D_XOPEN_SOURCE -D__EXTENSIONS__ -D_GNU_SOURCE -D_OSF_SOURCE -D_XOPEN_SOURCE_EXTENDED -W -Wall -Wpointer-arith -Wbad-function-cast -Wstrict-prototypes -Wmissing-prototypes -Wmissing-declarations -Wnested-externs -Winline -Wwrite-strings -Wundef -Wshadow -Wsign-compare -pipe -fno-strict-aliasing   conftest.c -liberty   >&5
conftest.c:72:1: warning: function declaration isn't a prototype [-Wstrict-prototypes]
 char xstrdup ();
 ^
conftest.c:74:1: warning: function declaration isn't a prototype [-Wstrict-prototypes]
 main ()
 ^
/usr/bin/ld: cannot find -liberty
collect2: error: ld returned 1 exit status
configure:12202: $? = 1
configure: failed program was:
| /* confdefs.h.  */
| 
| #define PACKAGE_NAME ""
| #define PACKAGE_TARNAME ""
| #define PACKAGE_VERSION ""
| #define PACKAGE_STRING ""
| #define PACKAGE_BUGREPORT ""
| #define STDC_HEADERS 1
| #define HAVE_SYS_TYPES_H 1
| #define HAVE_SYS_STAT_H 1
| #define HAVE_STDLIB_H 1
| #define HAVE_STRING_H 1
| #define HAVE_MEMORY_H 1
| #define HAVE_STRINGS_H 1
| #define HAVE_INTTYPES_H 1
| #define HAVE_STDINT_H 1
| #define HAVE_UNISTD_H 1
| #define STDC_HEADERS 1
| #define HAVE_INTTYPES_H 1
| #define HAVE_STDINT_H 1
| #define HAVE_INTTYPES_H 1
| #define INTTYPES_H_IS_SANE 1
| #define HAVE_FCNTL_H 1
| #define HAVE_GETOPT_H 1
| #define HAVE_GRP_H 1
| #define HAVE_LIBGEN_H 1
| #define HAVE_MEMORY_H 1
| #define HAVE_SETJMP_H 1
| #define HAVE_STDDEF_H 1
| #define HAVE_STDLIB_H 1
| #define HAVE_STRING_H 1
| #define HAVE_STRINGS_H 1
| #define HAVE_SYSEXITS_H 1
| #define HAVE_TIME_H 1
| #define HAVE_UNISTD_H 1
| #define HAVE_SYS_STAT_H 1
| #define HAVE_SYS_TIME_H 1
| #define HAVE_SYS_TYPES_H 1
| #define HAVE_ARPA_INET_H 1
| #define TIME_WITH_SYS_TIME 1
| #define HAVE_SYS_SOCKET_H 1
| #define _FILE_OFFSET_BITS 64
| #define HAVE_INTMAX_T 1
| #define HAVE_LONG_LONG 1
| #define HAVE_UINT16_T 1
| #define HAVE_UINT32_T 1
| #define HAVE_U_SHORT 1
| #define HAVE_U_LONG 1
| #define HAVE_SOCKLEN_T 1
| #define HAVE_FCNTL 1
| #define HAVE_SETSID 1
| #define HAVE_RECVMSG 1
| #define HAVE_FTRUNCATE 1
| #define HAVE_SETREUID 1
| #define HAVE_SETREGID 1
| #define HAVE_INITGROUPS 1
| #define HAVE_SETGROUPS 1
| #define HAVE_STRTOUMAX 1
| #define HAVE_STRTOULL 1
| #define HAVE_MSGHDR_MSG_CONTROL 1
| #define HAVE_STRUCT_IN_PKTINFO 1
| #define HAVE_O_NONBLOCK_DEFINITION 1
| #define HAVE_SIGSETJMP 1
| /* end confdefs.h.  */
| 
| /* Override any gcc2 internal prototype to avoid an error.  */
| #ifdef __cplusplus
| extern "C"
| #endif
| /* We use char because int might match the return type of a gcc2
|    builtin and then its argument prototype would still apply.  */
| char xstrdup ();
| int
| main ()
| {
| xstrdup ();
|   ;
|   return 0;
| }
configure:12230: result: no
configure:12246: checking for library containing bsd_signal
configure:12276: /usr/bin/ccache  gcc -o conftest -O2 -funroll-loops -fomit-frame-pointer -m32 -march=pentium3 -mmmx -msse -mfpmath=sse -Wall -Wstrict-prototypes -D_XPG4_2 -D_XOPEN_SOURCE -D__EXTENSIONS__ -D_GNU_SOURCE -D_OSF_SOURCE -D_XOPEN_SOURCE_EXTENDED -W -Wall -Wpointer-arith -Wbad-function-cast -Wstrict-prototypes -Wmissing-prototypes -Wmissing-declarations -Wnested-externs -Winline -Wwrite-strings -Wundef -Wshadow -Wsign-compare -pipe -fno-strict-aliasing   conftest.c  >&5
conftest.c:72:1: warning: function declaration isn't a prototype [-Wstrict-prototypes]
 char bsd_signal ();
 ^
conftest.c:74:1: warning: function declaration isn't a prototype [-Wstrict-prototypes]
 main ()
 ^
configure:12282: $? = 0
configure:12286: test -z 
			 || test ! -s conftest.err
configure:12289: $? = 0
configure:12292: test -s conftest
configure:12295: $? = 0
configure:12365: result: none required
configure:12385: checking for daemon
configure:12442: /usr/bin/ccache  gcc -o conftest -O2 -funroll-loops -fomit-frame-pointer -m32 -march=pentium3 -mmmx -msse -mfpmath=sse -Wall -Wstrict-prototypes -D_XPG4_2 -D_XOPEN_SOURCE -D__EXTENSIONS__ -D_GNU_SOURCE -D_OSF_SOURCE -D_XOPEN_SOURCE_EXTENDED -W -Wall -Wpointer-arith -Wbad-function-cast -Wstrict-prototypes -Wmissing-prototypes -Wmissing-declarations -Wnested-externs -Winline -Wwrite-strings -Wundef -Wshadow -Wsign-compare -pipe -fno-strict-aliasing   conftest.c  >&5
conftest.c:89:1: warning: function declaration isn't a prototype [-Wstrict-prototypes]
 char daemon ();
 ^
conftest.c:96:1: warning: function declaration isn't a prototype [-Wstrict-prototypes]
 char (*f) () = daemon;
 ^
conftest.c:103:1: warning: function declaration isn't a prototype [-Wstrict-prototypes]
 main ()
 ^
configure:12448: $? = 0
configure:12452: test -z 
			 || test ! -s conftest.err
configure:12455: $? = 0
configure:12458: test -s conftest
configure:12461: $? = 0
configure:12473: result: yes
configure:12496: checking for dup2
configure:12553: /usr/bin/ccache  gcc -o conftest -O2 -funroll-loops -fomit-frame-pointer -m32 -march=pentium3 -mmmx -msse -mfpmath=sse -Wall -Wstrict-prototypes -D_XPG4_2 -D_XOPEN_SOURCE -D__EXTENSIONS__ -D_GNU_SOURCE -D_OSF_SOURCE -D_XOPEN_SOURCE_EXTENDED -W -Wall -Wpointer-arith -Wbad-function-cast -Wstrict-prototypes -Wmissing-prototypes -Wmissing-declarations -Wnested-externs -Winline -Wwrite-strings -Wundef -Wshadow -Wsign-compare -pipe -fno-strict-aliasing   conftest.c  >&5
conftest.c:90:1: warning: function declaration isn't a prototype [-Wstrict-prototypes]
 char dup2 ();
 ^
conftest.c:97:1: warning: function declaration isn't a prototype [-Wstrict-prototypes]
 char (*f) () = dup2;
 ^
conftest.c:104:1: warning: function declaration isn't a prototype [-Wstrict-prototypes]
 main ()
 ^
configure:12559: $? = 0
configure:12563: test -z 
			 || test ! -s conftest.err
configure:12566: $? = 0
configure:12569: test -s conftest
configure:12572: $? = 0
configure:12584: result: yes
configure:12611: checking if netinet/in.h defines IPPORT_TFTP
configure:12639: /usr/bin/ccache  gcc -c -O2 -funroll-loops -fomit-frame-pointer -m32 -march=pentium3 -mmmx -msse -mfpmath=sse -Wall -Wstrict-prototypes -D_XPG4_2 -D_XOPEN_SOURCE -D__EXTENSIONS__ -D_GNU_SOURCE -D_OSF_SOURCE -D_XOPEN_SOURCE_EXTENDED -W -Wall -Wpointer-arith -Wbad-function-cast -Wstrict-prototypes -Wmissing-prototypes -Wmissing-declarations -Wnested-externs -Winline -Wwrite-strings -Wundef -Wshadow -Wsign-compare -pipe -fno-strict-aliasing  conftest.c >&5
conftest.c:71:1: warning: function declaration isn't a prototype [-Wstrict-prototypes]
 main ()
 ^
conftest.c: In function 'main':
conftest.c:74:5: warning: function declaration isn't a prototype [-Wstrict-prototypes]
 int main()
     ^
conftest.c:74:5: warning: 'main' is normally a non-static function [-Wmain]
conftest.c:74:5: warning: declaration of 'main' shadows a global declaration [-Wshadow]
conftest.c:71:1: note: shadowed declaration is here
 main ()
 ^
conftest.c: In function 'main':
conftest.c:76:6: warning: unused variable 'dummy' [-Wunused-variable]
  int dummy = IPPORT_TFTP;
      ^
configure:12645: $? = 0
configure:12649: test -z 
			 || test ! -s conftest.err
configure:12652: $? = 0
configure:12655: test -s conftest.o
configure:12658: $? = 0
configure:12666: result: yes
configure:12951: checking for library containing yp_get_default_domain
configure:12981: /usr/bin/ccache  gcc -o conftest -O2 -funroll-loops -fomit-frame-pointer -m32 -march=pentium3 -mmmx -msse -mfpmath=sse -Wall -Wstrict-prototypes -D_XPG4_2 -D_XOPEN_SOURCE -D__EXTENSIONS__ -D_GNU_SOURCE -D_OSF_SOURCE -D_XOPEN_SOURCE_EXTENDED -W -Wall -Wpointer-arith -Wbad-function-cast -Wstrict-prototypes -Wmissing-prototypes -Wmissing-declarations -Wnested-externs -Winline -Wwrite-strings -Wundef -Wshadow -Wsign-compare -pipe -fno-strict-aliasing   conftest.c  >&5
conftest.c:75:1: warning: function declaration isn't a prototype [-Wstrict-prototypes]
 char yp_get_default_domain ();
 ^
conftest.c:77:1: warning: function declaration isn't a prototype [-Wstrict-prototypes]
 main ()
 ^
/tmp/ccBgL95T.o: In function `main':
conftest.c:(.text.startup+0x7): undefined reference to `yp_get_default_domain'
collect2: error: ld returned 1 exit status
configure:12987: $? = 1
configure: failed program was:
| /* confdefs.h.  */
| 
| #define PACKAGE_NAME ""
| #define PACKAGE_TARNAME ""
| #define PACKAGE_VERSION ""
| #define PACKAGE_STRING ""
| #define PACKAGE_BUGREPORT ""
| #define STDC_HEADERS 1
| #define HAVE_SYS_TYPES_H 1
| #define HAVE_SYS_STAT_H 1
| #define HAVE_STDLIB_H 1
| #define HAVE_STRING_H 1
| #define HAVE_MEMORY_H 1
| #define HAVE_STRINGS_H 1
| #define HAVE_INTTYPES_H 1
| #define HAVE_STDINT_H 1
| #define HAVE_UNISTD_H 1
| #define STDC_HEADERS 1
| #define HAVE_INTTYPES_H 1
| #define HAVE_STDINT_H 1
| #define HAVE_INTTYPES_H 1
| #define INTTYPES_H_IS_SANE 1
| #define HAVE_FCNTL_H 1
| #define HAVE_GETOPT_H 1
| #define HAVE_GRP_H 1
| #define HAVE_LIBGEN_H 1
| #define HAVE_MEMORY_H 1
| #define HAVE_SETJMP_H 1
| #define HAVE_STDDEF_H 1
| #define HAVE_STDLIB_H 1
| #define HAVE_STRING_H 1
| #define HAVE_STRINGS_H 1
| #define HAVE_SYSEXITS_H 1
| #define HAVE_TIME_H 1
| #define HAVE_UNISTD_H 1
| #define HAVE_SYS_STAT_H 1
| #define HAVE_SYS_TIME_H 1
| #define HAVE_SYS_TYPES_H 1
| #define HAVE_ARPA_INET_H 1
| #define TIME_WITH_SYS_TIME 1
| #define HAVE_SYS_SOCKET_H 1
| #define _FILE_OFFSET_BITS 64
| #define HAVE_INTMAX_T 1
| #define HAVE_LONG_LONG 1
| #define HAVE_UINT16_T 1
| #define HAVE_UINT32_T 1
| #define HAVE_U_SHORT 1
| #define HAVE_U_LONG 1
| #define HAVE_SOCKLEN_T 1
| #define HAVE_FCNTL 1
| #define HAVE_SETSID 1
| #define HAVE_RECVMSG 1
| #define HAVE_FTRUNCATE 1
| #define HAVE_SETREUID 1
| #define HAVE_SETREGID 1
| #define HAVE_INITGROUPS 1
| #define HAVE_SETGROUPS 1
| #define HAVE_STRTOUMAX 1
| #define HAVE_STRTOULL 1
| #define HAVE_MSGHDR_MSG_CONTROL 1
| #define HAVE_STRUCT_IN_PKTINFO 1
| #define HAVE_O_NONBLOCK_DEFINITION 1
| #define HAVE_SIGSETJMP 1
| #define HAVE_DAEMON 1
| #define HAVE_DUP2 1
| #define HAVE_IPPORT_TFTP_DEFINITION 1
| /* end confdefs.h.  */
| 
| /* Override any gcc2 internal prototype to avoid an error.  */
| #ifdef __cplusplus
| extern "C"
| #endif
| /* We use char because int might match the return type of a gcc2
|    builtin and then its argument prototype would still apply.  */
| char yp_get_default_domain ();
| int
| main ()
| {
| yp_get_default_domain ();
|   ;
|   return 0;
| }
configure:13036: /usr/bin/ccache  gcc -o conftest -O2 -funroll-loops -fomit-frame-pointer -m32 -march=pentium3 -mmmx -msse -mfpmath=sse -Wall -Wstrict-prototypes -D_XPG4_2 -D_XOPEN_SOURCE -D__EXTENSIONS__ -D_GNU_SOURCE -D_OSF_SOURCE -D_XOPEN_SOURCE_EXTENDED -W -Wall -Wpointer-arith -Wbad-function-cast -Wstrict-prototypes -Wmissing-prototypes -Wmissing-declarations -Wnested-externs -Winline -Wwrite-strings -Wundef -Wshadow -Wsign-compare -pipe -fno-strict-aliasing   conftest.c -lnsl   >&5
conftest.c:75:1: warning: function declaration isn't a prototype [-Wstrict-prototypes]
 char yp_get_default_domain ();
 ^
conftest.c:77:1: warning: function declaration isn't a prototype [-Wstrict-prototypes]
 main ()
 ^
configure:13042: $? = 0
configure:13046: test -z 
			 || test ! -s conftest.err
configure:13049: $? = 0
configure:13052: test -s conftest
configure:13055: $? = 0
configure:13070: result: -lnsl
configure:13078: checking for main in -lwrap
configure:13102: /usr/bin/ccache  gcc -o conftest -O2 -funroll-loops -fomit-frame-pointer -m32 -march=pentium3 -mmmx -msse -mfpmath=sse -Wall -Wstrict-prototypes -D_XPG4_2 -D_XOPEN_SOURCE -D__EXTENSIONS__ -D_GNU_SOURCE -D_OSF_SOURCE -D_XOPEN_SOURCE_EXTENDED -W -Wall -Wpointer-arith -Wbad-function-cast -Wstrict-prototypes -Wmissing-prototypes -Wmissing-declarations -Wnested-externs -Winline -Wwrite-strings -Wundef -Wshadow -Wsign-compare -pipe -fno-strict-aliasing   conftest.c -lwrap  -lnsl  >&5
conftest.c:71:1: warning: function declaration isn't a prototype [-Wstrict-prototypes]
 main ()
 ^
/usr/bin/ld: cannot find -lwrap
collect2: error: ld returned 1 exit status
configure:13108: $? = 1
configure: failed program was:
| /* confdefs.h.  */
| 
| #define PACKAGE_NAME ""
| #define PACKAGE_TARNAME ""
| #define PACKAGE_VERSION ""
| #define PACKAGE_STRING ""
| #define PACKAGE_BUGREPORT ""
| #define STDC_HEADERS 1
| #define HAVE_SYS_TYPES_H 1
| #define HAVE_SYS_STAT_H 1
| #define HAVE_STDLIB_H 1
| #define HAVE_STRING_H 1
| #define HAVE_MEMORY_H 1
| #define HAVE_STRINGS_H 1
| #define HAVE_INTTYPES_H 1
| #define HAVE_STDINT_H 1
| #define HAVE_UNISTD_H 1
| #define STDC_HEADERS 1
| #define HAVE_INTTYPES_H 1
| #define HAVE_STDINT_H 1
| #define HAVE_INTTYPES_H 1
| #define INTTYPES_H_IS_SANE 1
| #define HAVE_FCNTL_H 1
| #define HAVE_GETOPT_H 1
| #define HAVE_GRP_H 1
| #define HAVE_LIBGEN_H 1
| #define HAVE_MEMORY_H 1
| #define HAVE_SETJMP_H 1
| #define HAVE_STDDEF_H 1
| #define HAVE_STDLIB_H 1
| #define HAVE_STRING_H 1
| #define HAVE_STRINGS_H 1
| #define HAVE_SYSEXITS_H 1
| #define HAVE_TIME_H 1
| #define HAVE_UNISTD_H 1
| #define HAVE_SYS_STAT_H 1
| #define HAVE_SYS_TIME_H 1
| #define HAVE_SYS_TYPES_H 1
| #define HAVE_ARPA_INET_H 1
| #define TIME_WITH_SYS_TIME 1
| #define HAVE_SYS_SOCKET_H 1
| #define _FILE_OFFSET_BITS 64
| #define HAVE_INTMAX_T 1
| #define HAVE_LONG_LONG 1
| #define HAVE_UINT16_T 1
| #define HAVE_UINT32_T 1
| #define HAVE_U_SHORT 1
| #define HAVE_U_LONG 1
| #define HAVE_SOCKLEN_T 1
| #define HAVE_FCNTL 1
| #define HAVE_SETSID 1
| #define HAVE_RECVMSG 1
| #define HAVE_FTRUNCATE 1
| #define HAVE_SETREUID 1
| #define HAVE_SETREGID 1
| #define HAVE_INITGROUPS 1
| #define HAVE_SETGROUPS 1
| #define HAVE_STRTOUMAX 1
| #define HAVE_STRTOULL 1
| #define HAVE_MSGHDR_MSG_CONTROL 1
| #define HAVE_STRUCT_IN_PKTINFO 1
| #define HAVE_O_NONBLOCK_DEFINITION 1
| #define HAVE_SIGSETJMP 1
| #define HAVE_DAEMON 1
| #define HAVE_DUP2 1
| #define HAVE_IPPORT_TFTP_DEFINITION 1
| /* end confdefs.h.  */
| 
| 
| int
| main ()
| {
| main ();
|   ;
|   return 0;
| }
configure:13134: result: no
configure:13145: checking for tcpwrappers
configure:13169: /usr/bin/ccache  gcc -o conftest -O2 -funroll-loops -fomit-frame-pointer -m32 -march=pentium3 -mmmx -msse -mfpmath=sse -Wall -Wstrict-prototypes -D_XPG4_2 -D_XOPEN_SOURCE -D__EXTENSIONS__ -D_GNU_SOURCE -D_OSF_SOURCE -D_XOPEN_SOURCE_EXTENDED -W -Wall -Wpointer-arith -Wbad-function-cast -Wstrict-prototypes -Wmissing-prototypes -Wmissing-declarations -Wnested-externs -Winline -Wwrite-strings -Wundef -Wshadow -Wsign-compare -pipe -fno-strict-aliasing   conftest.c -lnsl  >&5
conftest.c:69:18: fatal error: tcpd.h: No such file or directory
compilation terminated.
configure:13175: $? = 1
configure: failed program was:
| /* confdefs.h.  */
| 
| #define PACKAGE_NAME ""
| #define PACKAGE_TARNAME ""
| #define PACKAGE_VERSION ""
| #define PACKAGE_STRING ""
| #define PACKAGE_BUGREPORT ""
| #define STDC_HEADERS 1
| #define HAVE_SYS_TYPES_H 1
| #define HAVE_SYS_STAT_H 1
| #define HAVE_STDLIB_H 1
| #define HAVE_STRING_H 1
| #define HAVE_MEMORY_H 1
| #define HAVE_STRINGS_H 1
| #define HAVE_INTTYPES_H 1
| #define HAVE_STDINT_H 1
| #define HAVE_UNISTD_H 1
| #define STDC_HEADERS 1
| #define HAVE_INTTYPES_H 1
| #define HAVE_STDINT_H 1
| #define HAVE_INTTYPES_H 1
| #define INTTYPES_H_IS_SANE 1
| #define HAVE_FCNTL_H 1
| #define HAVE_GETOPT_H 1
| #define HAVE_GRP_H 1
| #define HAVE_LIBGEN_H 1
| #define HAVE_MEMORY_H 1
| #define HAVE_SETJMP_H 1
| #define HAVE_STDDEF_H 1
| #define HAVE_STDLIB_H 1
| #define HAVE_STRING_H 1
| #define HAVE_STRINGS_H 1
| #define HAVE_SYSEXITS_H 1
| #define HAVE_TIME_H 1
| #define HAVE_UNISTD_H 1
| #define HAVE_SYS_STAT_H 1
| #define HAVE_SYS_TIME_H 1
| #define HAVE_SYS_TYPES_H 1
| #define HAVE_ARPA_INET_H 1
| #define TIME_WITH_SYS_TIME 1
| #define HAVE_SYS_SOCKET_H 1
| #define _FILE_OFFSET_BITS 64
| #define HAVE_INTMAX_T 1
| #define HAVE_LONG_LONG 1
| #define HAVE_UINT16_T 1
| #define HAVE_UINT32_T 1
| #define HAVE_U_SHORT 1
| #define HAVE_U_LONG 1
| #define HAVE_SOCKLEN_T 1
| #define HAVE_FCNTL 1
| #define HAVE_SETSID 1
| #define HAVE_RECVMSG 1
| #define HAVE_FTRUNCATE 1
| #define HAVE_SETREUID 1
| #define HAVE_SETREGID 1
| #define HAVE_INITGROUPS 1
| #define HAVE_SETGROUPS 1
| #define HAVE_STRTOUMAX 1
| #define HAVE_STRTOULL 1
| #define HAVE_MSGHDR_MSG_CONTROL 1
| #define HAVE_STRUCT_IN_PKTINFO 1
| #define HAVE_O_NONBLOCK_DEFINITION 1
| #define HAVE_SIGSETJMP 1
| #define HAVE_DAEMON 1
| #define HAVE_DUP2 1
| #define HAVE_IPPORT_TFTP_DEFINITION 1
| /* end confdefs.h.  */
| 
| #include <tcpd.h>
| int allow_severity = 0;
| int deny_severity = 0;
| 
| int
| main ()
| {
| 
| 	hosts_ctl("sample_daemon", STRING_UNKNOWN, STRING_UNKNOWN, STRING_UNKNOWN);
| 
|   ;
|   return 0;
| }
configure:13203: result: no
configure:13517: checking regex.h usability
configure:13529: /usr/bin/ccache  gcc -c -O2 -funroll-loops -fomit-frame-pointer -m32 -march=pentium3 -mmmx -msse -mfpmath=sse -Wall -Wstrict-prototypes -D_XPG4_2 -D_XOPEN_SOURCE -D__EXTENSIONS__ -D_GNU_SOURCE -D_OSF_SOURCE -D_XOPEN_SOURCE_EXTENDED -W -Wall -Wpointer-arith -Wbad-function-cast -Wstrict-prototypes -Wmissing-prototypes -Wmissing-declarations -Wnested-externs -Winline -Wwrite-strings -Wundef -Wshadow -Wsign-compare -pipe -fno-strict-aliasing  conftest.c >&5
configure:13535: $? = 0
configure:13539: test -z 
			 || test ! -s conftest.err
configure:13542: $? = 0
configure:13545: test -s conftest.o
configure:13548: $? = 0
configure:13558: result: yes
configure:13562: checking regex.h presence
configure:13572: /usr/bin/ccache  gcc -E  conftest.c
configure:13578: $? = 0
configure:13598: result: yes
configure:13633: checking for regex.h
configure:13640: result: yes
configure:13646: checking for library containing regcomp
configure:13676: /usr/bin/ccache  gcc -o conftest -O2 -funroll-loops -fomit-frame-pointer -m32 -march=pentium3 -mmmx -msse -mfpmath=sse -Wall -Wstrict-prototypes -D_XPG4_2 -D_XOPEN_SOURCE -D__EXTENSIONS__ -D_GNU_SOURCE -D_OSF_SOURCE -D_XOPEN_SOURCE_EXTENDED -W -Wall -Wpointer-arith -Wbad-function-cast -Wstrict-prototypes -Wmissing-prototypes -Wmissing-declarations -Wnested-externs -Winline -Wwrite-strings -Wundef -Wshadow -Wsign-compare -pipe -fno-strict-aliasing   conftest.c -lnsl  >&5
conftest.c:75:1: warning: function declaration isn't a prototype [-Wstrict-prototypes]
 char regcomp ();
 ^
conftest.c:77:1: warning: function declaration isn't a prototype [-Wstrict-prototypes]
 main ()
 ^
configure:13682: $? = 0
configure:13686: test -z 
			 || test ! -s conftest.err
configure:13689: $? = 0
configure:13692: test -s conftest
configure:13695: $? = 0
configure:13765: result: none required
configure:14369: checking readline/readline.h usability
configure:14381: /usr/bin/ccache  gcc -c -O2 -funroll-loops -fomit-frame-pointer -m32 -march=pentium3 -mmmx -msse -mfpmath=sse -Wall -Wstrict-prototypes -D_XPG4_2 -D_XOPEN_SOURCE -D__EXTENSIONS__ -D_GNU_SOURCE -D_OSF_SOURCE -D_XOPEN_SOURCE_EXTENDED -W -Wall -Wpointer-arith -Wbad-function-cast -Wstrict-prototypes -Wmissing-prototypes -Wmissing-declarations -Wnested-externs -Winline -Wwrite-strings -Wundef -Wshadow -Wsign-compare -pipe -fno-strict-aliasing  conftest.c >&5
conftest.c:103:31: fatal error: readline/readline.h: No such file or directory
compilation terminated.
configure:14387: $? = 1
configure: failed program was:
| /* confdefs.h.  */
| 
| #define PACKAGE_NAME ""
| #define PACKAGE_TARNAME ""
| #define PACKAGE_VERSION ""
| #define PACKAGE_STRING ""
| #define PACKAGE_BUGREPORT ""
| #define STDC_HEADERS 1
| #define HAVE_SYS_TYPES_H 1
| #define HAVE_SYS_STAT_H 1
| #define HAVE_STDLIB_H 1
| #define HAVE_STRING_H 1
| #define HAVE_MEMORY_H 1
| #define HAVE_STRINGS_H 1
| #define HAVE_INTTYPES_H 1
| #define HAVE_STDINT_H 1
| #define HAVE_UNISTD_H 1
| #define STDC_HEADERS 1
| #define HAVE_INTTYPES_H 1
| #define HAVE_STDINT_H 1
| #define HAVE_INTTYPES_H 1
| #define INTTYPES_H_IS_SANE 1
| #define HAVE_FCNTL_H 1
| #define HAVE_GETOPT_H 1
| #define HAVE_GRP_H 1
| #define HAVE_LIBGEN_H 1
| #define HAVE_MEMORY_H 1
| #define HAVE_SETJMP_H 1
| #define HAVE_STDDEF_H 1
| #define HAVE_STDLIB_H 1
| #define HAVE_STRING_H 1
| #define HAVE_STRINGS_H 1
| #define HAVE_SYSEXITS_H 1
| #define HAVE_TIME_H 1
| #define HAVE_UNISTD_H 1
| #define HAVE_SYS_STAT_H 1
| #define HAVE_SYS_TIME_H 1
| #define HAVE_SYS_TYPES_H 1
| #define HAVE_ARPA_INET_H 1
| #define TIME_WITH_SYS_TIME 1
| #define HAVE_SYS_SOCKET_H 1
| #define _FILE_OFFSET_BITS 64
| #define HAVE_INTMAX_T 1
| #define HAVE_LONG_LONG 1
| #define HAVE_UINT16_T 1
| #define HAVE_UINT32_T 1
| #define HAVE_U_SHORT 1
| #define HAVE_U_LONG 1
| #define HAVE_SOCKLEN_T 1
| #define HAVE_FCNTL 1
| #define HAVE_SETSID 1
| #define HAVE_RECVMSG 1
| #define HAVE_FTRUNCATE 1
| #define HAVE_SETREUID 1
| #define HAVE_SETREGID 1
| #define HAVE_INITGROUPS 1
| #define HAVE_SETGROUPS 1
| #define HAVE_STRTOUMAX 1
| #define HAVE_STRTOULL 1
| #define HAVE_MSGHDR_MSG_CONTROL 1
| #define HAVE_STRUCT_IN_PKTINFO 1
| #define HAVE_O_NONBLOCK_DEFINITION 1
| #define HAVE_SIGSETJMP 1
| #define HAVE_DAEMON 1
| #define HAVE_DUP2 1
| #define HAVE_IPPORT_TFTP_DEFINITION 1
| #define WITH_REGEX 1
| /* end confdefs.h.  */
| #include <stdio.h>
| #if HAVE_SYS_TYPES_H
| # include <sys/types.h>
| #endif
| #if HAVE_SYS_STAT_H
| # include <sys/stat.h>
| #endif
| #if STDC_HEADERS
| # include <stdlib.h>
| # include <stddef.h>
| #else
| # if HAVE_STDLIB_H
| #  include <stdlib.h>
| # endif
| #endif
| #if HAVE_STRING_H
| # if !STDC_HEADERS && HAVE_MEMORY_H
| #  include <memory.h>
| # endif
| # include <string.h>
| #endif
| #if HAVE_STRINGS_H
| # include <strings.h>
| #endif
| #if HAVE_INTTYPES_H
| # include <inttypes.h>
| #else
| # if HAVE_STDINT_H
| #  include <stdint.h>
| # endif
| #endif
| #if HAVE_UNISTD_H
| # include <unistd.h>
| #endif
| #include <readline/readline.h>
configure:14410: result: no
configure:14414: checking readline/readline.h presence
configure:14424: /usr/bin/ccache  gcc -E  conftest.c
conftest.c:69:31: fatal error: readline/readline.h: No such file or directory
compilation terminated.
configure:14430: $? = 1
configure: failed program was:
| /* confdefs.h.  */
| 
| #define PACKAGE_NAME ""
| #define PACKAGE_TARNAME ""
| #define PACKAGE_VERSION ""
| #define PACKAGE_STRING ""
| #define PACKAGE_BUGREPORT ""
| #define STDC_HEADERS 1
| #define HAVE_SYS_TYPES_H 1
| #define HAVE_SYS_STAT_H 1
| #define HAVE_STDLIB_H 1
| #define HAVE_STRING_H 1
| #define HAVE_MEMORY_H 1
| #define HAVE_STRINGS_H 1
| #define HAVE_INTTYPES_H 1
| #define HAVE_STDINT_H 1
| #define HAVE_UNISTD_H 1
| #define STDC_HEADERS 1
| #define HAVE_INTTYPES_H 1
| #define HAVE_STDINT_H 1
| #define HAVE_INTTYPES_H 1
| #define INTTYPES_H_IS_SANE 1
| #define HAVE_FCNTL_H 1
| #define HAVE_GETOPT_H 1
| #define HAVE_GRP_H 1
| #define HAVE_LIBGEN_H 1
| #define HAVE_MEMORY_H 1
| #define HAVE_SETJMP_H 1
| #define HAVE_STDDEF_H 1
| #define HAVE_STDLIB_H 1
| #define HAVE_STRING_H 1
| #define HAVE_STRINGS_H 1
| #define HAVE_SYSEXITS_H 1
| #define HAVE_TIME_H 1
| #define HAVE_UNISTD_H 1
| #define HAVE_SYS_STAT_H 1
| #define HAVE_SYS_TIME_H 1
| #define HAVE_SYS_TYPES_H 1
| #define HAVE_ARPA_INET_H 1
| #define TIME_WITH_SYS_TIME 1
| #define HAVE_SYS_SOCKET_H 1
| #define _FILE_OFFSET_BITS 64
| #define HAVE_INTMAX_T 1
| #define HAVE_LONG_LONG 1
| #define HAVE_UINT16_T 1
| #define HAVE_UINT32_T 1
| #define HAVE_U_SHORT 1
| #define HAVE_U_LONG 1
| #define HAVE_SOCKLEN_T 1
| #define HAVE_FCNTL 1
| #define HAVE_SETSID 1
| #define HAVE_RECVMSG 1
| #define HAVE_FTRUNCATE 1
| #define HAVE_SETREUID 1
| #define HAVE_SETREGID 1
| #define HAVE_INITGROUPS 1
| #define HAVE_SETGROUPS 1
| #define HAVE_STRTOUMAX 1
| #define HAVE_STRTOULL 1
| #define HAVE_MSGHDR_MSG_CONTROL 1
| #define HAVE_STRUCT_IN_PKTINFO 1
| #define HAVE_O_NONBLOCK_DEFINITION 1
| #define HAVE_SIGSETJMP 1
| #define HAVE_DAEMON 1
| #define HAVE_DUP2 1
| #define HAVE_IPPORT_TFTP_DEFINITION 1
| #define WITH_REGEX 1
| /* end confdefs.h.  */
| #include <readline/readline.h>
configure:14450: result: no
configure:14485: checking for readline/readline.h
configure:14492: result: no
configure:14926: checking whether ln -s works
configure:14930: result: yes
configure:14978: checking for ranlib
configure:14994: found /usr/bin/ranlib
configure:15005: result: ranlib
configure:15056: checking for a BSD-compatible install
configure:15111: result: /usr/bin/install -c
configure:15224: creating ./config.status

## ---------------------- ##
## Running config.status. ##
## ---------------------- ##

This file was extended by config.status, which was
generated by GNU Autoconf 2.59.  Invocation command line was

  CONFIG_FILES    = 
  CONFIG_HEADERS  = 
  CONFIG_LINKS    = 
  CONFIG_COMMANDS = 
  $ ./config.status 

on ReelBox61

config.status:657: creating MCONFIG
config.status:761: creating aconfig.h

## ---------------- ##
## Cache variables. ##
## ---------------- ##

ac_cv_c_compiler_gnu=yes
ac_cv_c_const=yes
ac_cv_c_inline=inline
ac_cv_env_CC_set=set
ac_cv_env_CC_value='/usr/bin/ccache  gcc'
ac_cv_env_CFLAGS_set=set
ac_cv_env_CFLAGS_value='-O2 -funroll-loops -fomit-frame-pointer -m32 -march=pentium3 -mmmx -msse -mfpmath=sse -Wall -Wstrict-prototypes'
ac_cv_env_CPPFLAGS_set=
ac_cv_env_CPPFLAGS_value=
ac_cv_env_CPP_set=
ac_cv_env_CPP_value=
ac_cv_env_LDFLAGS_set=
ac_cv_env_LDFLAGS_value=
ac_cv_env_build_alias_set=
ac_cv_env_build_alias_value=
ac_cv_env_host_alias_set=
ac_cv_env_host_alias_value=
ac_cv_env_target_alias_set=
ac_cv_env_target_alias_value=
ac_cv_exeext=
ac_cv_func_daemon=yes
ac_cv_func_dup2=yes
ac_cv_func_fcntl=yes
ac_cv_func_ftruncate=yes
ac_cv_func_initgroups=yes
ac_cv_func_recvmsg=yes
ac_cv_func_setgroups=yes
ac_cv_func_setregid=yes
ac_cv_func_setreuid=yes
ac_cv_func_setsid=yes
ac_cv_func_strtoull=yes
ac_cv_func_strtoumax=yes
ac_cv_header_arpa_inet_h=yes
ac_cv_header_fcntl_h=yes
ac_cv_header_getopt_h=yes
ac_cv_header_grp_h=yes
ac_cv_header_inttypes_h=yes
ac_cv_header_libgen_h=yes
ac_cv_header_machine_param_h=no
ac_cv_header_memory_h=yes
ac_cv_header_minix_config_h=no
ac_cv_header_readline_readline_h=no
ac_cv_header_regex_h=yes
ac_cv_header_setjmp_h=yes
ac_cv_header_stdc=yes
ac_cv_header_stddef_h=yes
ac_cv_header_stdint_h=yes
ac_cv_header_stdlib_h=yes
ac_cv_header_string_h=yes
ac_cv_header_strings_h=yes
ac_cv_header_sys_filio_h=no
ac_cv_header_sys_socket_h=yes
ac_cv_header_sys_stat_h=yes
ac_cv_header_sys_time_h=yes
ac_cv_header_sys_types_h=yes
ac_cv_header_sysexits_h=yes
ac_cv_header_time=yes
ac_cv_header_time_h=yes
ac_cv_header_unistd_h=yes
ac_cv_header_winsock2_h=no
ac_cv_header_winsock_h=no
ac_cv_lib_wrap_main=no
ac_cv_member_struct_msghdr_msg_control=yes
ac_cv_objext=o
ac_cv_path_install='/usr/bin/install -c'
ac_cv_prog_CPP='/usr/bin/ccache  gcc -E'
ac_cv_prog_ac_ct_CC='/usr/bin/ccache  gcc'
ac_cv_prog_ac_ct_RANLIB=ranlib
ac_cv_prog_cc_g=yes
ac_cv_prog_cc_stdc=
ac_cv_prog_egrep='grep -E'
ac_cv_search_bsd_signal='none required'
ac_cv_search_gethostbyname='none required'
ac_cv_search_herror='none required'
ac_cv_search_inet_aton='none required'
ac_cv_search_regcomp='none required'
ac_cv_search_socket='none required'
ac_cv_search_strerror='none required'
ac_cv_search_xmalloc=no
ac_cv_search_xstrdup=no
ac_cv_search_yp_get_default_domain=-lnsl
ac_cv_sys_file_offset_bits=64
ac_cv_sys_large_files=no
ac_cv_sys_largefile_CC=no
ac_cv_type_intmax_t=yes
ac_cv_type_long_long=yes
ac_cv_type_mode_t=yes
ac_cv_type_off_t=yes
ac_cv_type_pid_t=yes
ac_cv_type_size_t=yes
ac_cv_type_socklen_t=yes
ac_cv_type_u_long=yes
ac_cv_type_u_short=yes
ac_cv_type_uint16_t=yes
ac_cv_type_uint32_t=yes

## ----------------- ##
## Output variables. ##
## ----------------- ##

CC='/usr/bin/ccache  gcc'
CFLAGS='-O2 -funroll-loops -fomit-frame-pointer -m32 -march=pentium3 -mmmx -msse -mfpmath=sse -Wall -Wstrict-prototypes -D_XPG4_2 -D_XOPEN_SOURCE -D__EXTENSIONS__ -D_GNU_SOURCE -D_OSF_SOURCE -D_XOPEN_SOURCE_EXTENDED -W -Wall -Wpointer-arith -Wbad-function-cast -Wstrict-prototypes -Wmissing-prototypes -Wmissing-declarations -Wnested-externs -Winline -Wwrite-strings -Wundef -Wshadow -Wsign-compare -pipe -fno-strict-aliasing'
CPP='/usr/bin/ccache  gcc -E'
CPPFLAGS=''
DEFS='-DHAVE_CONFIG_H'
ECHO_C=''
ECHO_N='-n'
ECHO_T=''
EGREP='grep -E'
EXEEXT=''
INSTALL_DATA='${INSTALL} -m 644'
INSTALL_PROGRAM='${INSTALL}'
INSTALL_SCRIPT='${INSTALL}'
LDFLAGS=''
LIBOBJS=' xmalloc$U.o xstrdup$U.o'
LIBS=''
LN_S='ln -s'
LTLIBOBJS=' xmalloc$U.lo xstrdup$U.lo'
OBJEXT='o'
OBJROOT='/usr/src/reelbox/testing/packages/tftp-hpa/tftp-hpa-0.48'
PACKAGE_BUGREPORT=''
PACKAGE_NAME=''
PACKAGE_STRING=''
PACKAGE_TARNAME=''
PACKAGE_VERSION=''
PATH_SEPARATOR=':'
RANLIB='ranlib'
SHELL='/bin/bash'
SRCROOT='/usr/src/reelbox/testing/packages/tftp-hpa/tftp-hpa-0.48'
TFTPDOBJS='remap.o '
TFTPD_LIBS='-lnsl  /usr/src/reelbox/testing/packages/tftp-hpa/tftp-hpa-0.48/lib/libxtra.a '
TFTP_LIBS=' /usr/src/reelbox/testing/packages/tftp-hpa/tftp-hpa-0.48/lib/libxtra.a '
ac_ct_CC='/usr/bin/ccache  gcc'
ac_ct_RANLIB='ranlib'
bindir='${exec_prefix}/bin'
build_alias=''
datadir='${prefix}/share'
exec_prefix='${prefix}'
host_alias=''
includedir='${prefix}/include'
infodir='${prefix}/info'
libdir='${exec_prefix}/lib'
libexecdir='${exec_prefix}/libexec'
localstatedir='${prefix}/var'
mandir='${prefix}/man'
oldincludedir='/usr/include'
prefix='/usr'
program_transform_name='s,x,x,'
sbindir='${exec_prefix}/sbin'
sharedstatedir='${prefix}/com'
sysconfdir='${prefix}/etc'
target_alias=''

## ----------- ##
## confdefs.h. ##
## ----------- ##

#define HAVE_ARPA_INET_H 1
#define HAVE_DAEMON 1
#define HAVE_DUP2 1
#define HAVE_FCNTL 1
#define HAVE_FCNTL_H 1
#define HAVE_FTRUNCATE 1
#define HAVE_GETOPT_H 1
#define HAVE_GRP_H 1
#define HAVE_INITGROUPS 1
#define HAVE_INTMAX_T 1
#define HAVE_INTTYPES_H 1
#define HAVE_INTTYPES_H 1
#define HAVE_INTTYPES_H 1
#define HAVE_IPPORT_TFTP_DEFINITION 1
#define HAVE_LIBGEN_H 1
#define HAVE_LONG_LONG 1
#define HAVE_MEMORY_H 1
#define HAVE_MEMORY_H 1
#define HAVE_MSGHDR_MSG_CONTROL 1
#define HAVE_O_NONBLOCK_DEFINITION 1
#define HAVE_RECVMSG 1
#define HAVE_SETGROUPS 1
#define HAVE_SETJMP_H 1
#define HAVE_SETREGID 1
#define HAVE_SETREUID 1
#define HAVE_SETSID 1
#define HAVE_SIGSETJMP 1
#define HAVE_SOCKLEN_T 1
#define HAVE_STDDEF_H 1
#define HAVE_STDINT_H 1
#define HAVE_STDINT_H 1
#define HAVE_STDLIB_H 1
#define HAVE_STDLIB_H 1
#define HAVE_STRINGS_H 1
#define HAVE_STRINGS_H 1
#define HAVE_STRING_H 1
#define HAVE_STRING_H 1
#define HAVE_STRTOULL 1
#define HAVE_STRTOUMAX 1
#define HAVE_STRUCT_IN_PKTINFO 1
#define HAVE_SYSEXITS_H 1
#define HAVE_SYS_SOCKET_H 1
#define HAVE_SYS_STAT_H 1
#define HAVE_SYS_STAT_H 1
#define HAVE_SYS_TIME_H 1
#define HAVE_SYS_TYPES_H 1
#define HAVE_SYS_TYPES_H 1
#define HAVE_TIME_H 1
#define HAVE_UINT16_T 1
#define HAVE_UINT32_T 1
#define HAVE_UNISTD_H 1
#define HAVE_UNISTD_H 1
#define HAVE_U_LONG 1
#define HAVE_U_SHORT 1
#define INTTYPES_H_IS_SANE 1
#define PACKAGE_BUGREPORT ""
#define PACKAGE_NAME ""
#define PACKAGE_STRING ""
#define PACKAGE_TARNAME ""
#define PACKAGE_VERSION ""
#define STDC_HEADERS 1
#define STDC_HEADERS 1
#define TIME_WITH_SYS_TIME 1
#define WITH_REGEX 1
#define _FILE_OFFSET_BITS 64

configure: exit 0
