This file contains any messages produced by compilers while
running configure, to aid debugging if configure makes a mistake.

configure:618: checking for a BSD compatible install
configure:671: checking whether build environment is sane
configure:728: checking whether make sets ${MAKE}
configure:774: checking for working aclocal-1.4
configure:787: checking for working autoconf
configure:800: checking for working automake-1.4
configure:813: checking for working autoheader
configure:826: checking for working makeinfo
configure:852: checking for gcc
configure:965: checking whether the C compiler (/usr/bin/ccache  gcc -O2 -funroll-loops -fomit-frame-pointer -m32 -march=pentium3 -mmmx -msse -mfpmath=sse -Wall -Wstrict-prototypes ) works
configure:981: /usr/bin/ccache  gcc -o conftest -O2 -funroll-loops -fomit-frame-pointer -m32 -march=pentium3 -mmmx -msse -mfpmath=sse -Wall -Wstrict-prototypes   conftest.c  1>&5
configure:978:1: warning: return type defaults to 'int' [-Wreturn-type]
 #include "confdefs.h"
 ^
configure:978:1: warning: function declaration isn't a prototype [-Wstrict-prototypes]
configure:1007: checking whether the C compiler (/usr/bin/ccache  gcc -O2 -funroll-loops -fomit-frame-pointer -m32 -march=pentium3 -mmmx -msse -mfpmath=sse -Wall -Wstrict-prototypes ) is a cross-compiler
configure:1012: checking whether we are using GNU C
configure:1021: /usr/bin/ccache  gcc -E conftest.c
configure:1040: checking whether /usr/bin/ccache  gcc accepts -g
configure:1086: checking how to run the C preprocessor
configure:1107: /usr/bin/ccache  gcc -E  conftest.c >/dev/null 2>conftest.out
configure:1166: checking for ANSI C header files
configure:1179: /usr/bin/ccache  gcc -E  conftest.c >/dev/null 2>conftest.out
configure:1246: /usr/bin/ccache  gcc -o conftest -O2 -funroll-loops -fomit-frame-pointer -m32 -march=pentium3 -mmmx -msse -mfpmath=sse -Wall -Wstrict-prototypes   conftest.c  1>&5
configure:1240:5: warning: function declaration isn't a prototype [-Wstrict-prototypes]
 #define TOUPPER(c) (ISLOWER(c) ? 'A' + ((c) - 'a') : (c))
     ^
configure: In function 'main':
configure:1241:1: warning: implicit declaration of function 'exit' [-Wimplicit-function-declaration]
 #define XOR(e, f) (((e) && !(f)) || (!(e) && (f)))
 ^
configure:1241:67: warning: incompatible implicit declaration of built-in function 'exit' [enabled by default]
 #define XOR(e, f) (((e) && !(f)) || (!(e) && (f)))
                                                                   ^
configure:1271: checking whether /usr/bin/ccache  gcc needs -traditional
configure:1319: checking for EMX
configure:1333: /usr/bin/ccache  gcc -c -O2 -funroll-loops -fomit-frame-pointer -m32 -march=pentium3 -mmmx -msse -mfpmath=sse -Wall -Wstrict-prototypes  conftest.c 1>&5
configure:1326:5: warning: function declaration isn't a prototype [-Wstrict-prototypes]
 #include "confdefs.h"
     ^
configure: In function 'main':
configure:1328:2: error: unknown type name 'kill'
 int main() {
  ^
configure:1328:9: error: expected '=', ',', ';', 'asm' or '__attribute__' before '!' token
 int main() {
         ^
configure: failed program was:
#line 1324 "configure"
#include "confdefs.h"

int main() {
#ifndef __EMX__
	kill me!
	#endif 
; return 0; }
configure:1351: checking for OpenWatcom
configure:1365: /usr/bin/ccache  gcc -c -O2 -funroll-loops -fomit-frame-pointer -m32 -march=pentium3 -mmmx -msse -mfpmath=sse -Wall -Wstrict-prototypes  conftest.c 1>&5
configure:1358:5: warning: function declaration isn't a prototype [-Wstrict-prototypes]
 #include "confdefs.h"
     ^
configure: In function 'main':
configure:1360:2: error: unknown type name 'kill'
 int main() {
  ^
configure:1360:9: error: expected '=', ',', ';', 'asm' or '__attribute__' before '!' token
 int main() {
         ^
configure: failed program was:
#line 1356 "configure"
#include "confdefs.h"

int main() {
#ifndef __WATCOMC__
	kill me!
	#endif 
; return 0; }
configure:1382: checking for DJGPP
configure:1396: /usr/bin/ccache  gcc -c -O2 -funroll-loops -fomit-frame-pointer -m32 -march=pentium3 -mmmx -msse -mfpmath=sse -Wall -Wstrict-prototypes  conftest.c 1>&5
configure:1389:5: warning: function declaration isn't a prototype [-Wstrict-prototypes]
 #include "confdefs.h"
     ^
configure: In function 'main':
configure:1391:2: error: unknown type name 'kill'
 int main() {
  ^
configure:1391:9: error: expected '=', ',', ';', 'asm' or '__attribute__' before '!' token
 int main() {
         ^
configure: failed program was:
#line 1387 "configure"
#include "confdefs.h"

int main() {
#ifndef __DJGPP
	kill me!
	#endif 
; return 0; }
configure:1418: checking for typeof
configure:1431: /usr/bin/ccache  gcc -c -O2 -funroll-loops -fomit-frame-pointer -m32 -march=pentium3 -mmmx -msse -mfpmath=sse -Wall -Wstrict-prototypes  conftest.c 1>&5
configure:1425:5: warning: function declaration isn't a prototype [-Wstrict-prototypes]
 #include "confdefs.h"
     ^
configure: In function 'main':
configure:1427:12: warning: unused variable 'b' [-Wunused-variable]
 int main() {
            ^
configure:1451: checking for volatile
configure:1466: /usr/bin/ccache  gcc -c -O2 -funroll-loops -fomit-frame-pointer -m32 -march=pentium3 -mmmx -msse -mfpmath=sse -Wall -Wstrict-prototypes  conftest.c 1>&5
configure:1458:5: warning: function declaration isn't a prototype [-Wstrict-prototypes]
 #include "confdefs.h"
     ^
configure:1488: checking for long long
configure:1500: /usr/bin/ccache  gcc -c -O2 -funroll-loops -fomit-frame-pointer -m32 -march=pentium3 -mmmx -msse -mfpmath=sse -Wall -Wstrict-prototypes  conftest.c 1>&5
configure:1495:5: warning: function declaration isn't a prototype [-Wstrict-prototypes]
 #include "confdefs.h"
     ^
configure: In function 'main':
configure:1496:20: warning: unused variable 'a' [-Wunused-variable]
 
                    ^
configure:1520: checking for pointer comparison bug
configure:1543: /usr/bin/ccache  gcc -o conftest -O2 -funroll-loops -fomit-frame-pointer -m32 -march=pentium3 -mmmx -msse -mfpmath=sse -Wall -Wstrict-prototypes   conftest.c  1>&5
configure:1535:6: warning: function declaration isn't a prototype [-Wstrict-prototypes]
 #include "confdefs.h"
      ^
configure:1566: checking for maxint conversion bug
configure:1589: /usr/bin/ccache  gcc -o conftest -O2 -funroll-loops -fomit-frame-pointer -m32 -march=pentium3 -mmmx -msse -mfpmath=sse -Wall -Wstrict-prototypes   conftest.c  1>&5
configure:1581:7: warning: function declaration isn't a prototype [-Wstrict-prototypes]
 #include "confdefs.h"
       ^
configure:1613: checking for stdlib.h
configure:1625: /usr/bin/ccache  gcc -c -O2 -funroll-loops -fomit-frame-pointer -m32 -march=pentium3 -mmmx -msse -mfpmath=sse -Wall -Wstrict-prototypes  conftest.c 1>&5
configure:1620:5: warning: function declaration isn't a prototype [-Wstrict-prototypes]
 #include "confdefs.h"
     ^
configure:1652: checking for dirent.h that defines DIR
configure:1665: /usr/bin/ccache  gcc -c -O2 -funroll-loops -fomit-frame-pointer -m32 -march=pentium3 -mmmx -msse -mfpmath=sse -Wall -Wstrict-prototypes  conftest.c 1>&5
configure:1660:5: warning: function declaration isn't a prototype [-Wstrict-prototypes]
 #include <sys/types.h>
     ^
configure: In function 'main':
configure:1661:6: warning: unused variable 'dirp' [-Wunused-variable]
 #include <$ac_hdr>
      ^
configure:1690: checking for opendir in -ldir
configure:1709: /usr/bin/ccache  gcc -o conftest -O2 -funroll-loops -fomit-frame-pointer -m32 -march=pentium3 -mmmx -msse -mfpmath=sse -Wall -Wstrict-prototypes   conftest.c -ldir   1>&5
configure:1702:1: warning: function declaration isn't a prototype [-Wstrict-prototypes]
 /* We use char because int might match the return type of a gcc2
 ^
configure:1704:5: warning: function declaration isn't a prototype [-Wstrict-prototypes]
 char opendir();
     ^
/usr/bin/ld: cannot find -ldir
collect2: error: ld returned 1 exit status
configure: failed program was:
#line 1698 "configure"
#include "confdefs.h"
/* Override any gcc2 internal prototype to avoid an error.  */
/* We use char because int might match the return type of a gcc2
    builtin and then its argument prototype would still apply.  */
char opendir();

int main() {
opendir()
; return 0; }
configure:1773: checking for sys/wait.h that is POSIX.1 compatible
configure:1794: /usr/bin/ccache  gcc -c -O2 -funroll-loops -fomit-frame-pointer -m32 -march=pentium3 -mmmx -msse -mfpmath=sse -Wall -Wstrict-prototypes  conftest.c 1>&5
configure:1787:5: warning: function declaration isn't a prototype [-Wstrict-prototypes]
 #define WIFEXITED(stat_val) (((stat_val) & 255) == 0)
     ^
configure:1818: checking for alloca.h
configure:1828: /usr/bin/ccache  gcc -E  conftest.c >/dev/null 2>conftest.out
configure:1818: checking for arpa/inet.h
configure:1828: /usr/bin/ccache  gcc -E  conftest.c >/dev/null 2>conftest.out
configure:1818: checking for cygwin/process.h
configure:1828: /usr/bin/ccache  gcc -E  conftest.c >/dev/null 2>conftest.out
configure:1824:28: fatal error: cygwin/process.h: No such file or directory
 #line 1823 "configure"
                            ^
compilation terminated.
configure: failed program was:
#line 1823 "configure"
#include "confdefs.h"
#include <cygwin/process.h>
configure:1818: checking for cygwin/version.h
configure:1828: /usr/bin/ccache  gcc -E  conftest.c >/dev/null 2>conftest.out
configure:1824:28: fatal error: cygwin/version.h: No such file or directory
 #line 1823 "configure"
                            ^
compilation terminated.
configure: failed program was:
#line 1823 "configure"
#include "confdefs.h"
#include <cygwin/version.h>
configure:1818: checking for endian.h
configure:1828: /usr/bin/ccache  gcc -E  conftest.c >/dev/null 2>conftest.out
configure:1818: checking for fcntl.h
configure:1828: /usr/bin/ccache  gcc -E  conftest.c >/dev/null 2>conftest.out
configure:1818: checking for grp.h
configure:1828: /usr/bin/ccache  gcc -E  conftest.c >/dev/null 2>conftest.out
configure:1818: checking for ieee.h
configure:1828: /usr/bin/ccache  gcc -E  conftest.c >/dev/null 2>conftest.out
configure:1824:18: fatal error: ieee.h: No such file or directory
 #line 1823 "configure"
                  ^
compilation terminated.
configure: failed program was:
#line 1823 "configure"
#include "confdefs.h"
#include <ieee.h>
configure:1818: checking for interix/interix.h
configure:1828: /usr/bin/ccache  gcc -E  conftest.c >/dev/null 2>conftest.out
configure:1824:29: fatal error: interix/interix.h: No such file or directory
 #line 1823 "configure"
                             ^
compilation terminated.
configure: failed program was:
#line 1823 "configure"
#include "confdefs.h"
#include <interix/interix.h>
configure:1818: checking for inttypes.h
configure:1828: /usr/bin/ccache  gcc -E  conftest.c >/dev/null 2>conftest.out
configure:1818: checking for io.h
configure:1828: /usr/bin/ccache  gcc -E  conftest.c >/dev/null 2>conftest.out
configure:1824:16: fatal error: io.h: No such file or directory
 #line 1823 "configure"
                ^
compilation terminated.
configure: failed program was:
#line 1823 "configure"
#include "confdefs.h"
#include <io.h>
configure:1818: checking for langinfo.h
configure:1828: /usr/bin/ccache  gcc -E  conftest.c >/dev/null 2>conftest.out
configure:1818: checking for limits.h
configure:1828: /usr/bin/ccache  gcc -E  conftest.c >/dev/null 2>conftest.out
configure:1818: checking for linux/falloc.h
configure:1828: /usr/bin/ccache  gcc -E  conftest.c >/dev/null 2>conftest.out
configure:1818: checking for malloc.h
configure:1828: /usr/bin/ccache  gcc -E  conftest.c >/dev/null 2>conftest.out
configure:1818: checking for math.h
configure:1828: /usr/bin/ccache  gcc -E  conftest.c >/dev/null 2>conftest.out
configure:1818: checking for net/socket.h
configure:1828: /usr/bin/ccache  gcc -E  conftest.c >/dev/null 2>conftest.out
configure:1824:24: fatal error: net/socket.h: No such file or directory
 #line 1823 "configure"
                        ^
compilation terminated.
configure: failed program was:
#line 1823 "configure"
#include "confdefs.h"
#include <net/socket.h>
configure:1818: checking for netinet/dhcp.h
configure:1828: /usr/bin/ccache  gcc -E  conftest.c >/dev/null 2>conftest.out
configure:1824:26: fatal error: netinet/dhcp.h: No such file or directory
 #line 1823 "configure"
                          ^
compilation terminated.
configure: failed program was:
#line 1823 "configure"
#include "confdefs.h"
#include <netinet/dhcp.h>
configure:1818: checking for netinet/in_system.h
configure:1828: /usr/bin/ccache  gcc -E  conftest.c >/dev/null 2>conftest.out
configure:1824:31: fatal error: netinet/in_system.h: No such file or directory
 #line 1823 "configure"
                               ^
compilation terminated.
configure: failed program was:
#line 1823 "configure"
#include "confdefs.h"
#include <netinet/in_system.h>
configure:1818: checking for netinet/in_systm.h
configure:1828: /usr/bin/ccache  gcc -E  conftest.c >/dev/null 2>conftest.out
configure:1818: checking for netinet/ip.h
configure:1828: /usr/bin/ccache  gcc -E  conftest.c >/dev/null 2>conftest.out
configure:1818: checking for poll.h
configure:1828: /usr/bin/ccache  gcc -E  conftest.c >/dev/null 2>conftest.out
configure:1818: checking for process.h
configure:1828: /usr/bin/ccache  gcc -E  conftest.c >/dev/null 2>conftest.out
configure:1824:21: fatal error: process.h: No such file or directory
 #line 1823 "configure"
                     ^
compilation terminated.
configure: failed program was:
#line 1823 "configure"
#include "confdefs.h"
#include <process.h>
configure:1818: checking for pwd.h
configure:1828: /usr/bin/ccache  gcc -E  conftest.c >/dev/null 2>conftest.out
configure:1818: checking for setjmp.h
configure:1828: /usr/bin/ccache  gcc -E  conftest.c >/dev/null 2>conftest.out
configure:1818: checking for sgtty.h
configure:1828: /usr/bin/ccache  gcc -E  conftest.c >/dev/null 2>conftest.out
configure:1818: checking for stdarg.h
configure:1828: /usr/bin/ccache  gcc -E  conftest.c >/dev/null 2>conftest.out
configure:1818: checking for string.h
configure:1828: /usr/bin/ccache  gcc -E  conftest.c >/dev/null 2>conftest.out
configure:1818: checking for strings.h
configure:1828: /usr/bin/ccache  gcc -E  conftest.c >/dev/null 2>conftest.out
configure:1818: checking for sys/cygwin.h
configure:1828: /usr/bin/ccache  gcc -E  conftest.c >/dev/null 2>conftest.out
configure:1824:24: fatal error: sys/cygwin.h: No such file or directory
 #line 1823 "configure"
                        ^
compilation terminated.
configure: failed program was:
#line 1823 "configure"
#include "confdefs.h"
#include <sys/cygwin.h>
configure:1818: checking for sys/file.h
configure:1828: /usr/bin/ccache  gcc -E  conftest.c >/dev/null 2>conftest.out
configure:1818: checking for sys/fmutex.h
configure:1828: /usr/bin/ccache  gcc -E  conftest.c >/dev/null 2>conftest.out
configure:1824:24: fatal error: sys/fmutex.h: No such file or directory
 #line 1823 "configure"
                        ^
compilation terminated.
configure: failed program was:
#line 1823 "configure"
#include "confdefs.h"
#include <sys/fmutex.h>
configure:1818: checking for sys/ioctl.h
configure:1828: /usr/bin/ccache  gcc -E  conftest.c >/dev/null 2>conftest.out
configure:1818: checking for sys/resource.h
configure:1828: /usr/bin/ccache  gcc -E  conftest.c >/dev/null 2>conftest.out
configure:1818: checking for sys/select.h
configure:1828: /usr/bin/ccache  gcc -E  conftest.c >/dev/null 2>conftest.out
configure:1818: checking for sys/time.h
configure:1828: /usr/bin/ccache  gcc -E  conftest.c >/dev/null 2>conftest.out
configure:1818: checking for sys/un.h
configure:1828: /usr/bin/ccache  gcc -E  conftest.c >/dev/null 2>conftest.out
configure:1818: checking for sys/utsname.h
configure:1828: /usr/bin/ccache  gcc -E  conftest.c >/dev/null 2>conftest.out
configure:1818: checking for termios.h
configure:1828: /usr/bin/ccache  gcc -E  conftest.c >/dev/null 2>conftest.out
configure:1818: checking for time.h
configure:1828: /usr/bin/ccache  gcc -E  conftest.c >/dev/null 2>conftest.out
configure:1818: checking for umalloc.h
configure:1828: /usr/bin/ccache  gcc -E  conftest.c >/dev/null 2>conftest.out
configure:1824:21: fatal error: umalloc.h: No such file or directory
 #line 1823 "configure"
                     ^
compilation terminated.
configure: failed program was:
#line 1823 "configure"
#include "confdefs.h"
#include <umalloc.h>
configure:1818: checking for unistd.h
configure:1828: /usr/bin/ccache  gcc -E  conftest.c >/dev/null 2>conftest.out
configure:1818: checking for unixlib.h
configure:1828: /usr/bin/ccache  gcc -E  conftest.c >/dev/null 2>conftest.out
configure:1824:21: fatal error: unixlib.h: No such file or directory
 #line 1823 "configure"
                     ^
compilation terminated.
configure: failed program was:
#line 1823 "configure"
#include "confdefs.h"
#include <unixlib.h>
configure:1818: checking for utime.h
configure:1828: /usr/bin/ccache  gcc -E  conftest.c >/dev/null 2>conftest.out
configure:1818: checking for uwin.h
configure:1828: /usr/bin/ccache  gcc -E  conftest.c >/dev/null 2>conftest.out
configure:1824:18: fatal error: uwin.h: No such file or directory
 #line 1823 "configure"
                  ^
compilation terminated.
configure: failed program was:
#line 1823 "configure"
#include "confdefs.h"
#include <uwin.h>
configure:1818: checking for values.h
configure:1828: /usr/bin/ccache  gcc -E  conftest.c >/dev/null 2>conftest.out
configure:1860: checking for working const
configure:1914: /usr/bin/ccache  gcc -c -O2 -funroll-loops -fomit-frame-pointer -m32 -march=pentium3 -mmmx -msse -mfpmath=sse -Wall -Wstrict-prototypes  conftest.c 1>&5
configure:1867:5: warning: function declaration isn't a prototype [-Wstrict-prototypes]
 #include "confdefs.h"
     ^
configure: In function 'main':
configure:1888:15: warning: unused variable 's' [-Wunused-variable]
 { /* SCO 3.2v4 cc rejects this.  */
               ^
configure:1908:13: warning: unused variable 'foo' [-Wunused-variable]
 }
             ^
configure:1876:27: warning: unused variable 'zero' [-Wunused-variable]
 /* NEC SVR4.0.2 mips cc rejects this.  */
                           ^
configure:1870:39: warning: unused variable 'x' [-Wunused-variable]
 
                                       ^
configure:1890:5: warning: 't' is used uninitialized in this function [-Wuninitialized]
   char const *s = 0 ? (char *) 0 : (char const *) 0;
     ^
configure:1905:21: warning: 'b' is used uninitialized in this function [-Wuninitialized]
      "k.c", line 2.27: 1506-025 (S) Operand must be a modifiable lvalue. */
                     ^
configure:1935: checking for inline
configure:1949: /usr/bin/ccache  gcc -c -O2 -funroll-loops -fomit-frame-pointer -m32 -march=pentium3 -mmmx -msse -mfpmath=sse -Wall -Wstrict-prototypes  conftest.c 1>&5
configure:1944:5: warning: function declaration isn't a prototype [-Wstrict-prototypes]
 #include "confdefs.h"
     ^
configure:1945:10: warning: return type defaults to 'int' [-Wreturn-type]
 
          ^
configure:1945:10: warning: function declaration isn't a prototype [-Wstrict-prototypes]
configure: In function 'main':
configure:1945:1: warning: control reaches end of non-void function [-Wreturn-type]
 
 ^
configure:1975: checking for size_t
configure:2008: checking for pid_t
configure:2041: checking for socklen_t
configure:2059: /usr/bin/ccache  gcc -c -O2 -funroll-loops -fomit-frame-pointer -m32 -march=pentium3 -mmmx -msse -mfpmath=sse -Wall -Wstrict-prototypes  conftest.c 1>&5
configure:2051:5: warning: function declaration isn't a prototype [-Wstrict-prototypes]
  #include <sys/socket.h>
     ^
configure:2080: checking for errno
configure:2097: /usr/bin/ccache  gcc -c -O2 -funroll-loops -fomit-frame-pointer -m32 -march=pentium3 -mmmx -msse -mfpmath=sse -Wall -Wstrict-prototypes  conftest.c 1>&5
configure:2089:5: warning: function declaration isn't a prototype [-Wstrict-prototypes]
  #include <errno.h>
     ^
configure:2119: checking whether time.h and sys/time.h may both be included
configure:2133: /usr/bin/ccache  gcc -c -O2 -funroll-loops -fomit-frame-pointer -m32 -march=pentium3 -mmmx -msse -mfpmath=sse -Wall -Wstrict-prototypes  conftest.c 1>&5
configure:2128:5: warning: function declaration isn't a prototype [-Wstrict-prototypes]
 #include <sys/time.h>
     ^
configure: In function 'main':
configure:2129:12: warning: unused variable 'tp' [-Wunused-variable]
 #include <time.h>
            ^
configure:2154: checking whether struct tm is in sys/time.h or time.h
configure:2167: /usr/bin/ccache  gcc -c -O2 -funroll-loops -fomit-frame-pointer -m32 -march=pentium3 -mmmx -msse -mfpmath=sse -Wall -Wstrict-prototypes  conftest.c 1>&5
configure:2162:5: warning: function declaration isn't a prototype [-Wstrict-prototypes]
 #include <sys/types.h>
     ^
configure: In function 'main':
configure:2163:16: warning: statement with no effect [-Wunused-value]
 #include <time.h>
                ^
configure:2201: checking size of unsigned short
configure:2221: /usr/bin/ccache  gcc -o conftest -O2 -funroll-loops -fomit-frame-pointer -m32 -march=pentium3 -mmmx -msse -mfpmath=sse -Wall -Wstrict-prototypes   conftest.c  1>&5
configure:2212:1: warning: return type defaults to 'int' [-Wreturn-type]
 #include <stdio.h>
 ^
configure:2212:1: warning: function declaration isn't a prototype [-Wstrict-prototypes]
configure: In function 'main':
configure:2215:3: warning: implicit declaration of function 'exit' [-Wimplicit-function-declaration]
 {
   ^
configure:2215:11: warning: incompatible implicit declaration of built-in function 'exit' [enabled by default]
 {
           ^
configure:2241: checking size of unsigned
configure:2261: /usr/bin/ccache  gcc -o conftest -O2 -funroll-loops -fomit-frame-pointer -m32 -march=pentium3 -mmmx -msse -mfpmath=sse -Wall -Wstrict-prototypes   conftest.c  1>&5
configure:2252:1: warning: return type defaults to 'int' [-Wreturn-type]
 #include <stdio.h>
 ^
configure:2252:1: warning: function declaration isn't a prototype [-Wstrict-prototypes]
configure: In function 'main':
configure:2255:3: warning: implicit declaration of function 'exit' [-Wimplicit-function-declaration]
 {
   ^
configure:2255:11: warning: incompatible implicit declaration of built-in function 'exit' [enabled by default]
 {
           ^
configure:2281: checking size of unsigned long
configure:2301: /usr/bin/ccache  gcc -o conftest -O2 -funroll-loops -fomit-frame-pointer -m32 -march=pentium3 -mmmx -msse -mfpmath=sse -Wall -Wstrict-prototypes   conftest.c  1>&5
configure:2292:1: warning: return type defaults to 'int' [-Wreturn-type]
 #include <stdio.h>
 ^
configure:2292:1: warning: function declaration isn't a prototype [-Wstrict-prototypes]
configure: In function 'main':
configure:2295:3: warning: implicit declaration of function 'exit' [-Wimplicit-function-declaration]
 {
   ^
configure:2295:11: warning: incompatible implicit declaration of built-in function 'exit' [enabled by default]
 {
           ^
configure:2322: checking size of unsigned long long
configure:2342: /usr/bin/ccache  gcc -o conftest -O2 -funroll-loops -fomit-frame-pointer -m32 -march=pentium3 -mmmx -msse -mfpmath=sse -Wall -Wstrict-prototypes   conftest.c  1>&5
configure:2333:1: warning: return type defaults to 'int' [-Wreturn-type]
 #include <stdio.h>
 ^
configure:2333:1: warning: function declaration isn't a prototype [-Wstrict-prototypes]
configure: In function 'main':
configure:2336:3: warning: implicit declaration of function 'exit' [-Wimplicit-function-declaration]
 {
   ^
configure:2336:11: warning: incompatible implicit declaration of built-in function 'exit' [enabled by default]
 {
           ^
configure:2366: checking for big endian
configure:2386: /usr/bin/ccache  gcc -o conftest -O2 -funroll-loops -fomit-frame-pointer -m32 -march=pentium3 -mmmx -msse -mfpmath=sse -Wall -Wstrict-prototypes   conftest.c  1>&5
configure:2378:6: warning: function declaration isn't a prototype [-Wstrict-prototypes]
  long l;
      ^
configure: failed program was:
#line 2374 "configure"
#include "confdefs.h"

	long l;
	char *c = (char *)&l;
	int main()
	{
		l = 0x12345678L;
		return !(c[sizeof(long) - 1] == 0x78 && c[sizeof(long) - 2] == 0x56 && c[sizeof(long) - 3] == 0x34 && c[sizeof(long) - 4] == 0x12);
	}
	
configure:2403: checking for little endian
configure:2423: /usr/bin/ccache  gcc -o conftest -O2 -funroll-loops -fomit-frame-pointer -m32 -march=pentium3 -mmmx -msse -mfpmath=sse -Wall -Wstrict-prototypes   conftest.c  1>&5
configure:2415:6: warning: function declaration isn't a prototype [-Wstrict-prototypes]
  long l;
      ^
configure:2454: checking if rename can replace existing files
configure:2481: /usr/bin/ccache  gcc -o conftest -O2 -funroll-loops -fomit-frame-pointer -m32 -march=pentium3 -mmmx -msse -mfpmath=sse -Wall -Wstrict-prototypes   conftest.c  1>&5
configure:2468:6: warning: function declaration isn't a prototype [-Wstrict-prototypes]
  #include <unistd.h>
      ^
configure:2506: checking return type of signal handlers
configure:2528: /usr/bin/ccache  gcc -c -O2 -funroll-loops -fomit-frame-pointer -m32 -march=pentium3 -mmmx -msse -mfpmath=sse -Wall -Wstrict-prototypes  conftest.c 1>&5
configure:2520:1: warning: function declaration isn't a prototype [-Wstrict-prototypes]
 extern "C" void (*signal (int, void (*)(int)))(int);
 ^
configure:2520:1: warning: function declaration isn't a prototype [-Wstrict-prototypes]
configure:2523:5: warning: function declaration isn't a prototype [-Wstrict-prototypes]
 #endif
     ^
configure: In function 'main':
configure:2524:5: warning: unused variable 'i' [-Wunused-variable]
 
     ^
configure:2547: checking for strftime
configure:2575: /usr/bin/ccache  gcc -o conftest -O2 -funroll-loops -fomit-frame-pointer -m32 -march=pentium3 -mmmx -msse -mfpmath=sse -Wall -Wstrict-prototypes   conftest.c  1>&5
configure:2559:1: warning: function declaration isn't a prototype [-Wstrict-prototypes]
 /* We use char because int might match the return type of a gcc2
 ^
configure:2559:6: warning: conflicting types for built-in function 'strftime' [enabled by default]
 /* We use char because int might match the return type of a gcc2
      ^
configure:2561:5: warning: function declaration isn't a prototype [-Wstrict-prototypes]
 char strftime();
     ^
configure:2643: checking for vprintf
configure:2671: /usr/bin/ccache  gcc -o conftest -O2 -funroll-loops -fomit-frame-pointer -m32 -march=pentium3 -mmmx -msse -mfpmath=sse -Wall -Wstrict-prototypes   conftest.c  1>&5
configure:2655:1: warning: function declaration isn't a prototype [-Wstrict-prototypes]
 /* We use char because int might match the return type of a gcc2
 ^
configure:2655:6: warning: conflicting types for built-in function 'vprintf' [enabled by default]
 /* We use char because int might match the return type of a gcc2
      ^
configure:2657:5: warning: function declaration isn't a prototype [-Wstrict-prototypes]
 char vprintf();
     ^
configure:2750: checking for bcmp
configure:2778: /usr/bin/ccache  gcc -o conftest -O2 -funroll-loops -fomit-frame-pointer -m32 -march=pentium3 -mmmx -msse -mfpmath=sse -Wall -Wstrict-prototypes   conftest.c  1>&5
configure:2762:1: warning: function declaration isn't a prototype [-Wstrict-prototypes]
 /* We use char because int might match the return type of a gcc2
 ^
configure:2762:6: warning: conflicting types for built-in function 'bcmp' [enabled by default]
 /* We use char because int might match the return type of a gcc2
      ^
configure:2764:5: warning: function declaration isn't a prototype [-Wstrict-prototypes]
 char $ac_func();
     ^
configure:2750: checking for bcopy
configure:2778: /usr/bin/ccache  gcc -o conftest -O2 -funroll-loops -fomit-frame-pointer -m32 -march=pentium3 -mmmx -msse -mfpmath=sse -Wall -Wstrict-prototypes   conftest.c  1>&5
configure:2762:1: warning: function declaration isn't a prototype [-Wstrict-prototypes]
 /* We use char because int might match the return type of a gcc2
 ^
configure:2762:6: warning: conflicting types for built-in function 'bcopy' [enabled by default]
 /* We use char because int might match the return type of a gcc2
      ^
configure:2764:5: warning: function declaration isn't a prototype [-Wstrict-prototypes]
 char $ac_func();
     ^
configure:2750: checking for bzero
configure:2778: /usr/bin/ccache  gcc -o conftest -O2 -funroll-loops -fomit-frame-pointer -m32 -march=pentium3 -mmmx -msse -mfpmath=sse -Wall -Wstrict-prototypes   conftest.c  1>&5
configure:2762:1: warning: function declaration isn't a prototype [-Wstrict-prototypes]
 /* We use char because int might match the return type of a gcc2
 ^
configure:2762:6: warning: conflicting types for built-in function 'bzero' [enabled by default]
 /* We use char because int might match the return type of a gcc2
      ^
configure:2764:5: warning: function declaration isn't a prototype [-Wstrict-prototypes]
 char $ac_func();
     ^
configure:2750: checking for calloc
configure:2778: /usr/bin/ccache  gcc -o conftest -O2 -funroll-loops -fomit-frame-pointer -m32 -march=pentium3 -mmmx -msse -mfpmath=sse -Wall -Wstrict-prototypes   conftest.c  1>&5
configure:2762:1: warning: function declaration isn't a prototype [-Wstrict-prototypes]
 /* We use char because int might match the return type of a gcc2
 ^
configure:2762:6: warning: conflicting types for built-in function 'calloc' [enabled by default]
 /* We use char because int might match the return type of a gcc2
      ^
configure:2764:5: warning: function declaration isn't a prototype [-Wstrict-prototypes]
 char $ac_func();
     ^
configure:2750: checking for cfmakeraw
configure:2778: /usr/bin/ccache  gcc -o conftest -O2 -funroll-loops -fomit-frame-pointer -m32 -march=pentium3 -mmmx -msse -mfpmath=sse -Wall -Wstrict-prototypes   conftest.c  1>&5
configure:2762:1: warning: function declaration isn't a prototype [-Wstrict-prototypes]
 /* We use char because int might match the return type of a gcc2
 ^
configure:2764:5: warning: function declaration isn't a prototype [-Wstrict-prototypes]
 char $ac_func();
     ^
configure:2750: checking for chmod
configure:2778: /usr/bin/ccache  gcc -o conftest -O2 -funroll-loops -fomit-frame-pointer -m32 -march=pentium3 -mmmx -msse -mfpmath=sse -Wall -Wstrict-prototypes   conftest.c  1>&5
configure:2762:1: warning: function declaration isn't a prototype [-Wstrict-prototypes]
 /* We use char because int might match the return type of a gcc2
 ^
configure:2764:5: warning: function declaration isn't a prototype [-Wstrict-prototypes]
 char $ac_func();
     ^
configure:2750: checking for cygwin_conv_path
configure:2778: /usr/bin/ccache  gcc -o conftest -O2 -funroll-loops -fomit-frame-pointer -m32 -march=pentium3 -mmmx -msse -mfpmath=sse -Wall -Wstrict-prototypes   conftest.c  1>&5
configure:2762:1: warning: function declaration isn't a prototype [-Wstrict-prototypes]
 /* We use char because int might match the return type of a gcc2
 ^
configure:2764:5: warning: function declaration isn't a prototype [-Wstrict-prototypes]
 char $ac_func();
     ^
/tmp/ccyXK7vc.o: In function `main':
conftest.c:(.text.startup+0x7): undefined reference to `cygwin_conv_path'
collect2: error: ld returned 1 exit status
configure: failed program was:
#line 2755 "configure"
#include "confdefs.h"
/* System header to define __stub macros and hopefully few prototypes,
    which can conflict with char cygwin_conv_path(); below.  */
#include <assert.h>
/* Override any gcc2 internal prototype to avoid an error.  */
/* We use char because int might match the return type of a gcc2
    builtin and then its argument prototype would still apply.  */
char cygwin_conv_path();

int main() {

/* The GNU C library defines this for functions which it implements
    to always fail with ENOSYS.  Some functions are actually named
    something starting with __ and the normal name is an alias.  */
#if defined (__stub_cygwin_conv_path) || defined (__stub___cygwin_conv_path)
choke me
#else
cygwin_conv_path();
#endif

; return 0; }
configure:2750: checking for cygwin_conv_to_full_win32_path
configure:2778: /usr/bin/ccache  gcc -o conftest -O2 -funroll-loops -fomit-frame-pointer -m32 -march=pentium3 -mmmx -msse -mfpmath=sse -Wall -Wstrict-prototypes   conftest.c  1>&5
configure:2762:1: warning: function declaration isn't a prototype [-Wstrict-prototypes]
 /* We use char because int might match the return type of a gcc2
 ^
configure:2764:5: warning: function declaration isn't a prototype [-Wstrict-prototypes]
 char $ac_func();
     ^
/tmp/ccUKYpPd.o: In function `main':
conftest.c:(.text.startup+0x7): undefined reference to `cygwin_conv_to_full_win32_path'
collect2: error: ld returned 1 exit status
configure: failed program was:
#line 2755 "configure"
#include "confdefs.h"
/* System header to define __stub macros and hopefully few prototypes,
    which can conflict with char cygwin_conv_to_full_win32_path(); below.  */
#include <assert.h>
/* Override any gcc2 internal prototype to avoid an error.  */
/* We use char because int might match the return type of a gcc2
    builtin and then its argument prototype would still apply.  */
char cygwin_conv_to_full_win32_path();

int main() {

/* The GNU C library defines this for functions which it implements
    to always fail with ENOSYS.  Some functions are actually named
    something starting with __ and the normal name is an alias.  */
#if defined (__stub_cygwin_conv_to_full_win32_path) || defined (__stub___cygwin_conv_to_full_win32_path)
choke me
#else
cygwin_conv_to_full_win32_path();
#endif

; return 0; }
configure:2750: checking for dirfd
configure:2778: /usr/bin/ccache  gcc -o conftest -O2 -funroll-loops -fomit-frame-pointer -m32 -march=pentium3 -mmmx -msse -mfpmath=sse -Wall -Wstrict-prototypes   conftest.c  1>&5
configure:2762:1: warning: function declaration isn't a prototype [-Wstrict-prototypes]
 /* We use char because int might match the return type of a gcc2
 ^
configure:2764:5: warning: function declaration isn't a prototype [-Wstrict-prototypes]
 char $ac_func();
     ^
configure:2750: checking for fallocate
configure:2778: /usr/bin/ccache  gcc -o conftest -O2 -funroll-loops -fomit-frame-pointer -m32 -march=pentium3 -mmmx -msse -mfpmath=sse -Wall -Wstrict-prototypes   conftest.c  1>&5
configure:2762:1: warning: function declaration isn't a prototype [-Wstrict-prototypes]
 /* We use char because int might match the return type of a gcc2
 ^
configure:2764:5: warning: function declaration isn't a prototype [-Wstrict-prototypes]
 char $ac_func();
     ^
configure:2750: checking for getcwd
configure:2778: /usr/bin/ccache  gcc -o conftest -O2 -funroll-loops -fomit-frame-pointer -m32 -march=pentium3 -mmmx -msse -mfpmath=sse -Wall -Wstrict-prototypes   conftest.c  1>&5
configure:2762:1: warning: function declaration isn't a prototype [-Wstrict-prototypes]
 /* We use char because int might match the return type of a gcc2
 ^
configure:2764:5: warning: function declaration isn't a prototype [-Wstrict-prototypes]
 char $ac_func();
     ^
configure:2750: checking for getgrgid
configure:2778: /usr/bin/ccache  gcc -o conftest -O2 -funroll-loops -fomit-frame-pointer -m32 -march=pentium3 -mmmx -msse -mfpmath=sse -Wall -Wstrict-prototypes   conftest.c  1>&5
configure:2762:1: warning: function declaration isn't a prototype [-Wstrict-prototypes]
 /* We use char because int might match the return type of a gcc2
 ^
configure:2764:5: warning: function declaration isn't a prototype [-Wstrict-prototypes]
 char $ac_func();
     ^
configure:2750: checking for getpagesize
configure:2778: /usr/bin/ccache  gcc -o conftest -O2 -funroll-loops -fomit-frame-pointer -m32 -march=pentium3 -mmmx -msse -mfpmath=sse -Wall -Wstrict-prototypes   conftest.c  1>&5
configure:2762:1: warning: function declaration isn't a prototype [-Wstrict-prototypes]
 /* We use char because int might match the return type of a gcc2
 ^
configure:2764:5: warning: function declaration isn't a prototype [-Wstrict-prototypes]
 char $ac_func();
     ^
configure:2750: checking for getpid
configure:2778: /usr/bin/ccache  gcc -o conftest -O2 -funroll-loops -fomit-frame-pointer -m32 -march=pentium3 -mmmx -msse -mfpmath=sse -Wall -Wstrict-prototypes   conftest.c  1>&5
configure:2762:1: warning: function declaration isn't a prototype [-Wstrict-prototypes]
 /* We use char because int might match the return type of a gcc2
 ^
configure:2764:5: warning: function declaration isn't a prototype [-Wstrict-prototypes]
 char $ac_func();
     ^
configure:2750: checking for getpwuid
configure:2778: /usr/bin/ccache  gcc -o conftest -O2 -funroll-loops -fomit-frame-pointer -m32 -march=pentium3 -mmmx -msse -mfpmath=sse -Wall -Wstrict-prototypes   conftest.c  1>&5
configure:2762:1: warning: function declaration isn't a prototype [-Wstrict-prototypes]
 /* We use char because int might match the return type of a gcc2
 ^
configure:2764:5: warning: function declaration isn't a prototype [-Wstrict-prototypes]
 char $ac_func();
     ^
configure:2750: checking for getrlimit
configure:2778: /usr/bin/ccache  gcc -o conftest -O2 -funroll-loops -fomit-frame-pointer -m32 -march=pentium3 -mmmx -msse -mfpmath=sse -Wall -Wstrict-prototypes   conftest.c  1>&5
configure:2762:1: warning: function declaration isn't a prototype [-Wstrict-prototypes]
 /* We use char because int might match the return type of a gcc2
 ^
configure:2764:5: warning: function declaration isn't a prototype [-Wstrict-prototypes]
 char $ac_func();
     ^
configure:2750: checking for gettimeofday
configure:2778: /usr/bin/ccache  gcc -o conftest -O2 -funroll-loops -fomit-frame-pointer -m32 -march=pentium3 -mmmx -msse -mfpmath=sse -Wall -Wstrict-prototypes   conftest.c  1>&5
configure:2762:1: warning: function declaration isn't a prototype [-Wstrict-prototypes]
 /* We use char because int might match the return type of a gcc2
 ^
configure:2764:5: warning: function declaration isn't a prototype [-Wstrict-prototypes]
 char $ac_func();
     ^
configure:2750: checking for kqueue
configure:2778: /usr/bin/ccache  gcc -o conftest -O2 -funroll-loops -fomit-frame-pointer -m32 -march=pentium3 -mmmx -msse -mfpmath=sse -Wall -Wstrict-prototypes   conftest.c  1>&5
configure:2762:1: warning: function declaration isn't a prototype [-Wstrict-prototypes]
 /* We use char because int might match the return type of a gcc2
 ^
configure:2764:5: warning: function declaration isn't a prototype [-Wstrict-prototypes]
 char $ac_func();
     ^
/tmp/cc3RvB1K.o: In function `main':
conftest.c:(.text.startup+0x7): undefined reference to `kqueue'
collect2: error: ld returned 1 exit status
configure: failed program was:
#line 2755 "configure"
#include "confdefs.h"
/* System header to define __stub macros and hopefully few prototypes,
    which can conflict with char kqueue(); below.  */
#include <assert.h>
/* Override any gcc2 internal prototype to avoid an error.  */
/* We use char because int might match the return type of a gcc2
    builtin and then its argument prototype would still apply.  */
char kqueue();

int main() {

/* The GNU C library defines this for functions which it implements
    to always fail with ENOSYS.  Some functions are actually named
    something starting with __ and the normal name is an alias.  */
#if defined (__stub_kqueue) || defined (__stub___kqueue)
choke me
#else
kqueue();
#endif

; return 0; }
configure:2750: checking for malloc_trim
configure:2778: /usr/bin/ccache  gcc -o conftest -O2 -funroll-loops -fomit-frame-pointer -m32 -march=pentium3 -mmmx -msse -mfpmath=sse -Wall -Wstrict-prototypes   conftest.c  1>&5
configure:2762:1: warning: function declaration isn't a prototype [-Wstrict-prototypes]
 /* We use char because int might match the return type of a gcc2
 ^
configure:2764:5: warning: function declaration isn't a prototype [-Wstrict-prototypes]
 char $ac_func();
     ^
configure:2750: checking for mallopt
configure:2778: /usr/bin/ccache  gcc -o conftest -O2 -funroll-loops -fomit-frame-pointer -m32 -march=pentium3 -mmmx -msse -mfpmath=sse -Wall -Wstrict-prototypes   conftest.c  1>&5
configure:2762:1: warning: function declaration isn't a prototype [-Wstrict-prototypes]
 /* We use char because int might match the return type of a gcc2
 ^
configure:2764:5: warning: function declaration isn't a prototype [-Wstrict-prototypes]
 char $ac_func();
     ^
configure:2750: checking for mkdir
configure:2778: /usr/bin/ccache  gcc -o conftest -O2 -funroll-loops -fomit-frame-pointer -m32 -march=pentium3 -mmmx -msse -mfpmath=sse -Wall -Wstrict-prototypes   conftest.c  1>&5
configure:2762:1: warning: function declaration isn't a prototype [-Wstrict-prototypes]
 /* We use char because int might match the return type of a gcc2
 ^
configure:2764:5: warning: function declaration isn't a prototype [-Wstrict-prototypes]
 char $ac_func();
     ^
configure:2750: checking for mktime
configure:2778: /usr/bin/ccache  gcc -o conftest -O2 -funroll-loops -fomit-frame-pointer -m32 -march=pentium3 -mmmx -msse -mfpmath=sse -Wall -Wstrict-prototypes   conftest.c  1>&5
configure:2762:1: warning: function declaration isn't a prototype [-Wstrict-prototypes]
 /* We use char because int might match the return type of a gcc2
 ^
configure:2764:5: warning: function declaration isn't a prototype [-Wstrict-prototypes]
 char $ac_func();
     ^
configure:2750: checking for nl_langinfo
configure:2778: /usr/bin/ccache  gcc -o conftest -O2 -funroll-loops -fomit-frame-pointer -m32 -march=pentium3 -mmmx -msse -mfpmath=sse -Wall -Wstrict-prototypes   conftest.c  1>&5
configure:2762:1: warning: function declaration isn't a prototype [-Wstrict-prototypes]
 /* We use char because int might match the return type of a gcc2
 ^
configure:2764:5: warning: function declaration isn't a prototype [-Wstrict-prototypes]
 char $ac_func();
     ^
configure:2750: checking for poll
configure:2778: /usr/bin/ccache  gcc -o conftest -O2 -funroll-loops -fomit-frame-pointer -m32 -march=pentium3 -mmmx -msse -mfpmath=sse -Wall -Wstrict-prototypes   conftest.c  1>&5
configure:2762:1: warning: function declaration isn't a prototype [-Wstrict-prototypes]
 /* We use char because int might match the return type of a gcc2
 ^
configure:2764:5: warning: function declaration isn't a prototype [-Wstrict-prototypes]
 char $ac_func();
     ^
configure:2750: checking for popen
configure:2778: /usr/bin/ccache  gcc -o conftest -O2 -funroll-loops -fomit-frame-pointer -m32 -march=pentium3 -mmmx -msse -mfpmath=sse -Wall -Wstrict-prototypes   conftest.c  1>&5
configure:2762:1: warning: function declaration isn't a prototype [-Wstrict-prototypes]
 /* We use char because int might match the return type of a gcc2
 ^
configure:2764:5: warning: function declaration isn't a prototype [-Wstrict-prototypes]
 char $ac_func();
     ^
configure:2750: checking for posix_fallocate
configure:2778: /usr/bin/ccache  gcc -o conftest -O2 -funroll-loops -fomit-frame-pointer -m32 -march=pentium3 -mmmx -msse -mfpmath=sse -Wall -Wstrict-prototypes   conftest.c  1>&5
configure:2762:1: warning: function declaration isn't a prototype [-Wstrict-prototypes]
 /* We use char because int might match the return type of a gcc2
 ^
configure:2764:5: warning: function declaration isn't a prototype [-Wstrict-prototypes]
 char $ac_func();
     ^
configure:2750: checking for raise
configure:2778: /usr/bin/ccache  gcc -o conftest -O2 -funroll-loops -fomit-frame-pointer -m32 -march=pentium3 -mmmx -msse -mfpmath=sse -Wall -Wstrict-prototypes   conftest.c  1>&5
configure:2762:1: warning: function declaration isn't a prototype [-Wstrict-prototypes]
 /* We use char because int might match the return type of a gcc2
 ^
configure:2764:5: warning: function declaration isn't a prototype [-Wstrict-prototypes]
 char $ac_func();
     ^
configure:2750: checking for select
configure:2778: /usr/bin/ccache  gcc -o conftest -O2 -funroll-loops -fomit-frame-pointer -m32 -march=pentium3 -mmmx -msse -mfpmath=sse -Wall -Wstrict-prototypes   conftest.c  1>&5
configure:2762:1: warning: function declaration isn't a prototype [-Wstrict-prototypes]
 /* We use char because int might match the return type of a gcc2
 ^
configure:2764:5: warning: function declaration isn't a prototype [-Wstrict-prototypes]
 char $ac_func();
     ^
configure:2750: checking for setlocale
configure:2778: /usr/bin/ccache  gcc -o conftest -O2 -funroll-loops -fomit-frame-pointer -m32 -march=pentium3 -mmmx -msse -mfpmath=sse -Wall -Wstrict-prototypes   conftest.c  1>&5
configure:2762:1: warning: function declaration isn't a prototype [-Wstrict-prototypes]
 /* We use char because int might match the return type of a gcc2
 ^
configure:2764:5: warning: function declaration isn't a prototype [-Wstrict-prototypes]
 char $ac_func();
     ^
configure:2750: checking for setpgid
configure:2778: /usr/bin/ccache  gcc -o conftest -O2 -funroll-loops -fomit-frame-pointer -m32 -march=pentium3 -mmmx -msse -mfpmath=sse -Wall -Wstrict-prototypes   conftest.c  1>&5
configure:2762:1: warning: function declaration isn't a prototype [-Wstrict-prototypes]
 /* We use char because int might match the return type of a gcc2
 ^
configure:2764:5: warning: function declaration isn't a prototype [-Wstrict-prototypes]
 char $ac_func();
     ^
configure:2750: checking for setrlimit
configure:2778: /usr/bin/ccache  gcc -o conftest -O2 -funroll-loops -fomit-frame-pointer -m32 -march=pentium3 -mmmx -msse -mfpmath=sse -Wall -Wstrict-prototypes   conftest.c  1>&5
configure:2762:1: warning: function declaration isn't a prototype [-Wstrict-prototypes]
 /* We use char because int might match the return type of a gcc2
 ^
configure:2764:5: warning: function declaration isn't a prototype [-Wstrict-prototypes]
 char $ac_func();
     ^
configure:2750: checking for setsid
configure:2778: /usr/bin/ccache  gcc -o conftest -O2 -funroll-loops -fomit-frame-pointer -m32 -march=pentium3 -mmmx -msse -mfpmath=sse -Wall -Wstrict-prototypes   conftest.c  1>&5
configure:2762:1: warning: function declaration isn't a prototype [-Wstrict-prototypes]
 /* We use char because int might match the return type of a gcc2
 ^
configure:2764:5: warning: function declaration isn't a prototype [-Wstrict-prototypes]
 char $ac_func();
     ^
configure:2750: checking for sigaction
configure:2778: /usr/bin/ccache  gcc -o conftest -O2 -funroll-loops -fomit-frame-pointer -m32 -march=pentium3 -mmmx -msse -mfpmath=sse -Wall -Wstrict-prototypes   conftest.c  1>&5
configure:2762:1: warning: function declaration isn't a prototype [-Wstrict-prototypes]
 /* We use char because int might match the return type of a gcc2
 ^
configure:2764:5: warning: function declaration isn't a prototype [-Wstrict-prototypes]
 char $ac_func();
     ^
configure:2750: checking for sigblock
configure:2778: /usr/bin/ccache  gcc -o conftest -O2 -funroll-loops -fomit-frame-pointer -m32 -march=pentium3 -mmmx -msse -mfpmath=sse -Wall -Wstrict-prototypes   conftest.c  1>&5
configure:2762:1: warning: function declaration isn't a prototype [-Wstrict-prototypes]
 /* We use char because int might match the return type of a gcc2
 ^
configure:2764:5: warning: function declaration isn't a prototype [-Wstrict-prototypes]
 char $ac_func();
     ^
configure:2750: checking for sigdelset
configure:2778: /usr/bin/ccache  gcc -o conftest -O2 -funroll-loops -fomit-frame-pointer -m32 -march=pentium3 -mmmx -msse -mfpmath=sse -Wall -Wstrict-prototypes   conftest.c  1>&5
configure:2762:1: warning: function declaration isn't a prototype [-Wstrict-prototypes]
 /* We use char because int might match the return type of a gcc2
 ^
configure:2764:5: warning: function declaration isn't a prototype [-Wstrict-prototypes]
 char $ac_func();
     ^
configure:2750: checking for sigfillset
configure:2778: /usr/bin/ccache  gcc -o conftest -O2 -funroll-loops -fomit-frame-pointer -m32 -march=pentium3 -mmmx -msse -mfpmath=sse -Wall -Wstrict-prototypes   conftest.c  1>&5
configure:2762:1: warning: function declaration isn't a prototype [-Wstrict-prototypes]
 /* We use char because int might match the return type of a gcc2
 ^
configure:2764:5: warning: function declaration isn't a prototype [-Wstrict-prototypes]
 char $ac_func();
     ^
configure:2750: checking for sigprocmask
configure:2778: /usr/bin/ccache  gcc -o conftest -O2 -funroll-loops -fomit-frame-pointer -m32 -march=pentium3 -mmmx -msse -mfpmath=sse -Wall -Wstrict-prototypes   conftest.c  1>&5
configure:2762:1: warning: function declaration isn't a prototype [-Wstrict-prototypes]
 /* We use char because int might match the return type of a gcc2
 ^
configure:2764:5: warning: function declaration isn't a prototype [-Wstrict-prototypes]
 char $ac_func();
     ^
configure:2750: checking for sigsetmask
configure:2778: /usr/bin/ccache  gcc -o conftest -O2 -funroll-loops -fomit-frame-pointer -m32 -march=pentium3 -mmmx -msse -mfpmath=sse -Wall -Wstrict-prototypes   conftest.c  1>&5
configure:2762:1: warning: function declaration isn't a prototype [-Wstrict-prototypes]
 /* We use char because int might match the return type of a gcc2
 ^
configure:2764:5: warning: function declaration isn't a prototype [-Wstrict-prototypes]
 char $ac_func();
     ^
configure:2750: checking for snprintf
configure:2778: /usr/bin/ccache  gcc -o conftest -O2 -funroll-loops -fomit-frame-pointer -m32 -march=pentium3 -mmmx -msse -mfpmath=sse -Wall -Wstrict-prototypes   conftest.c  1>&5
configure:2762:1: warning: function declaration isn't a prototype [-Wstrict-prototypes]
 /* We use char because int might match the return type of a gcc2
 ^
configure:2762:6: warning: conflicting types for built-in function 'snprintf' [enabled by default]
 /* We use char because int might match the return type of a gcc2
      ^
configure:2764:5: warning: function declaration isn't a prototype [-Wstrict-prototypes]
 char $ac_func();
     ^
configure:2750: checking for strdup
configure:2778: /usr/bin/ccache  gcc -o conftest -O2 -funroll-loops -fomit-frame-pointer -m32 -march=pentium3 -mmmx -msse -mfpmath=sse -Wall -Wstrict-prototypes   conftest.c  1>&5
configure:2762:1: warning: function declaration isn't a prototype [-Wstrict-prototypes]
 /* We use char because int might match the return type of a gcc2
 ^
configure:2762:6: warning: conflicting types for built-in function 'strdup' [enabled by default]
 /* We use char because int might match the return type of a gcc2
      ^
configure:2764:5: warning: function declaration isn't a prototype [-Wstrict-prototypes]
 char $ac_func();
     ^
configure:2750: checking for strptime
configure:2778: /usr/bin/ccache  gcc -o conftest -O2 -funroll-loops -fomit-frame-pointer -m32 -march=pentium3 -mmmx -msse -mfpmath=sse -Wall -Wstrict-prototypes   conftest.c  1>&5
configure:2762:1: warning: function declaration isn't a prototype [-Wstrict-prototypes]
 /* We use char because int might match the return type of a gcc2
 ^
configure:2764:5: warning: function declaration isn't a prototype [-Wstrict-prototypes]
 char $ac_func();
     ^
configure:2750: checking for strtod
configure:2778: /usr/bin/ccache  gcc -o conftest -O2 -funroll-loops -fomit-frame-pointer -m32 -march=pentium3 -mmmx -msse -mfpmath=sse -Wall -Wstrict-prototypes   conftest.c  1>&5
configure:2762:1: warning: function declaration isn't a prototype [-Wstrict-prototypes]
 /* We use char because int might match the return type of a gcc2
 ^
configure:2764:5: warning: function declaration isn't a prototype [-Wstrict-prototypes]
 char $ac_func();
     ^
configure:2750: checking for strtoimax
configure:2778: /usr/bin/ccache  gcc -o conftest -O2 -funroll-loops -fomit-frame-pointer -m32 -march=pentium3 -mmmx -msse -mfpmath=sse -Wall -Wstrict-prototypes   conftest.c  1>&5
configure:2762:1: warning: function declaration isn't a prototype [-Wstrict-prototypes]
 /* We use char because int might match the return type of a gcc2
 ^
configure:2764:5: warning: function declaration isn't a prototype [-Wstrict-prototypes]
 char $ac_func();
     ^
configure:2750: checking for strtol
configure:2778: /usr/bin/ccache  gcc -o conftest -O2 -funroll-loops -fomit-frame-pointer -m32 -march=pentium3 -mmmx -msse -mfpmath=sse -Wall -Wstrict-prototypes   conftest.c  1>&5
configure:2762:1: warning: function declaration isn't a prototype [-Wstrict-prototypes]
 /* We use char because int might match the return type of a gcc2
 ^
configure:2764:5: warning: function declaration isn't a prototype [-Wstrict-prototypes]
 char $ac_func();
     ^
configure:2750: checking for strtoll
configure:2778: /usr/bin/ccache  gcc -o conftest -O2 -funroll-loops -fomit-frame-pointer -m32 -march=pentium3 -mmmx -msse -mfpmath=sse -Wall -Wstrict-prototypes   conftest.c  1>&5
configure:2762:1: warning: function declaration isn't a prototype [-Wstrict-prototypes]
 /* We use char because int might match the return type of a gcc2
 ^
configure:2764:5: warning: function declaration isn't a prototype [-Wstrict-prototypes]
 char $ac_func();
     ^
configure:2750: checking for strtoq
configure:2778: /usr/bin/ccache  gcc -o conftest -O2 -funroll-loops -fomit-frame-pointer -m32 -march=pentium3 -mmmx -msse -mfpmath=sse -Wall -Wstrict-prototypes   conftest.c  1>&5
configure:2762:1: warning: function declaration isn't a prototype [-Wstrict-prototypes]
 /* We use char because int might match the return type of a gcc2
 ^
configure:2764:5: warning: function declaration isn't a prototype [-Wstrict-prototypes]
 char $ac_func();
     ^
configure:2750: checking for strtoul
configure:2778: /usr/bin/ccache  gcc -o conftest -O2 -funroll-loops -fomit-frame-pointer -m32 -march=pentium3 -mmmx -msse -mfpmath=sse -Wall -Wstrict-prototypes   conftest.c  1>&5
configure:2762:1: warning: function declaration isn't a prototype [-Wstrict-prototypes]
 /* We use char because int might match the return type of a gcc2
 ^
configure:2764:5: warning: function declaration isn't a prototype [-Wstrict-prototypes]
 char $ac_func();
     ^
configure:2750: checking for tempnam
configure:2778: /usr/bin/ccache  gcc -o conftest -O2 -funroll-loops -fomit-frame-pointer -m32 -march=pentium3 -mmmx -msse -mfpmath=sse -Wall -Wstrict-prototypes   conftest.c  1>&5
configure:2762:1: warning: function declaration isn't a prototype [-Wstrict-prototypes]
 /* We use char because int might match the return type of a gcc2
 ^
configure:2764:5: warning: function declaration isn't a prototype [-Wstrict-prototypes]
 char $ac_func();
     ^
/tmp/ccRJel1f.o: In function `main':
conftest.c:(.text.startup+0x7): warning: the use of `tempnam' is dangerous, better use `mkstemp'
configure:2750: checking for uname
configure:2778: /usr/bin/ccache  gcc -o conftest -O2 -funroll-loops -fomit-frame-pointer -m32 -march=pentium3 -mmmx -msse -mfpmath=sse -Wall -Wstrict-prototypes   conftest.c  1>&5
configure:2762:1: warning: function declaration isn't a prototype [-Wstrict-prototypes]
 /* We use char because int might match the return type of a gcc2
 ^
configure:2764:5: warning: function declaration isn't a prototype [-Wstrict-prototypes]
 char $ac_func();
     ^
configure:2750: checking for unixpath2win
configure:2778: /usr/bin/ccache  gcc -o conftest -O2 -funroll-loops -fomit-frame-pointer -m32 -march=pentium3 -mmmx -msse -mfpmath=sse -Wall -Wstrict-prototypes   conftest.c  1>&5
configure:2762:1: warning: function declaration isn't a prototype [-Wstrict-prototypes]
 /* We use char because int might match the return type of a gcc2
 ^
configure:2764:5: warning: function declaration isn't a prototype [-Wstrict-prototypes]
 char $ac_func();
     ^
/tmp/cc6JqV6e.o: In function `main':
conftest.c:(.text.startup+0x7): undefined reference to `unixpath2win'
collect2: error: ld returned 1 exit status
configure: failed program was:
#line 2755 "configure"
#include "confdefs.h"
/* System header to define __stub macros and hopefully few prototypes,
    which can conflict with char unixpath2win(); below.  */
#include <assert.h>
/* Override any gcc2 internal prototype to avoid an error.  */
/* We use char because int might match the return type of a gcc2
    builtin and then its argument prototype would still apply.  */
char unixpath2win();

int main() {

/* The GNU C library defines this for functions which it implements
    to always fail with ENOSYS.  Some functions are actually named
    something starting with __ and the normal name is an alias.  */
#if defined (__stub_unixpath2win) || defined (__stub___unixpath2win)
choke me
#else
unixpath2win();
#endif

; return 0; }
configure:2750: checking for utime
configure:2778: /usr/bin/ccache  gcc -o conftest -O2 -funroll-loops -fomit-frame-pointer -m32 -march=pentium3 -mmmx -msse -mfpmath=sse -Wall -Wstrict-prototypes   conftest.c  1>&5
configure:2762:1: warning: function declaration isn't a prototype [-Wstrict-prototypes]
 /* We use char because int might match the return type of a gcc2
 ^
configure:2764:5: warning: function declaration isn't a prototype [-Wstrict-prototypes]
 char $ac_func();
     ^
configure:2750: checking for utimes
configure:2778: /usr/bin/ccache  gcc -o conftest -O2 -funroll-loops -fomit-frame-pointer -m32 -march=pentium3 -mmmx -msse -mfpmath=sse -Wall -Wstrict-prototypes   conftest.c  1>&5
configure:2762:1: warning: function declaration isn't a prototype [-Wstrict-prototypes]
 /* We use char because int might match the return type of a gcc2
 ^
configure:2764:5: warning: function declaration isn't a prototype [-Wstrict-prototypes]
 char $ac_func();
     ^
configure:2750: checking for uwin_path
configure:2778: /usr/bin/ccache  gcc -o conftest -O2 -funroll-loops -fomit-frame-pointer -m32 -march=pentium3 -mmmx -msse -mfpmath=sse -Wall -Wstrict-prototypes   conftest.c  1>&5
configure:2762:1: warning: function declaration isn't a prototype [-Wstrict-prototypes]
 /* We use char because int might match the return type of a gcc2
 ^
configure:2764:5: warning: function declaration isn't a prototype [-Wstrict-prototypes]
 char $ac_func();
     ^
/tmp/ccENY6no.o: In function `main':
conftest.c:(.text.startup+0x7): undefined reference to `uwin_path'
collect2: error: ld returned 1 exit status
configure: failed program was:
#line 2755 "configure"
#include "confdefs.h"
/* System header to define __stub macros and hopefully few prototypes,
    which can conflict with char uwin_path(); below.  */
#include <assert.h>
/* Override any gcc2 internal prototype to avoid an error.  */
/* We use char because int might match the return type of a gcc2
    builtin and then its argument prototype would still apply.  */
char uwin_path();

int main() {

/* The GNU C library defines this for functions which it implements
    to always fail with ENOSYS.  Some functions are actually named
    something starting with __ and the normal name is an alias.  */
#if defined (__stub_uwin_path) || defined (__stub___uwin_path)
choke me
#else
uwin_path();
#endif

; return 0; }
configure:2750: checking for winpath2unix
configure:2778: /usr/bin/ccache  gcc -o conftest -O2 -funroll-loops -fomit-frame-pointer -m32 -march=pentium3 -mmmx -msse -mfpmath=sse -Wall -Wstrict-prototypes   conftest.c  1>&5
configure:2762:1: warning: function declaration isn't a prototype [-Wstrict-prototypes]
 /* We use char because int might match the return type of a gcc2
 ^
configure:2764:5: warning: function declaration isn't a prototype [-Wstrict-prototypes]
 char $ac_func();
     ^
/tmp/cczNVCDu.o: In function `main':
conftest.c:(.text.startup+0x7): undefined reference to `winpath2unix'
collect2: error: ld returned 1 exit status
configure: failed program was:
#line 2755 "configure"
#include "confdefs.h"
/* System header to define __stub macros and hopefully few prototypes,
    which can conflict with char winpath2unix(); below.  */
#include <assert.h>
/* Override any gcc2 internal prototype to avoid an error.  */
/* We use char because int might match the return type of a gcc2
    builtin and then its argument prototype would still apply.  */
char winpath2unix();

int main() {

/* The GNU C library defines this for functions which it implements
    to always fail with ENOSYS.  Some functions are actually named
    something starting with __ and the normal name is an alias.  */
#if defined (__stub_winpath2unix) || defined (__stub___winpath2unix)
choke me
#else
winpath2unix();
#endif

; return 0; }
configure:2750: checking for _heapmin
configure:2778: /usr/bin/ccache  gcc -o conftest -O2 -funroll-loops -fomit-frame-pointer -m32 -march=pentium3 -mmmx -msse -mfpmath=sse -Wall -Wstrict-prototypes   conftest.c  1>&5
configure:2762:1: warning: function declaration isn't a prototype [-Wstrict-prototypes]
 /* We use char because int might match the return type of a gcc2
 ^
configure:2764:5: warning: function declaration isn't a prototype [-Wstrict-prototypes]
 char $ac_func();
     ^
/tmp/ccvRfTTv.o: In function `main':
conftest.c:(.text.startup+0x7): undefined reference to `_heapmin'
collect2: error: ld returned 1 exit status
configure: failed program was:
#line 2755 "configure"
#include "confdefs.h"
/* System header to define __stub macros and hopefully few prototypes,
    which can conflict with char _heapmin(); below.  */
#include <assert.h>
/* Override any gcc2 internal prototype to avoid an error.  */
/* We use char because int might match the return type of a gcc2
    builtin and then its argument prototype would still apply.  */
char _heapmin();

int main() {

/* The GNU C library defines this for functions which it implements
    to always fail with ENOSYS.  Some functions are actually named
    something starting with __ and the normal name is an alias.  */
#if defined (__stub__heapmin) || defined (__stub____heapmin)
choke me
#else
_heapmin();
#endif

; return 0; }
configure:2750: checking for _ucreate
configure:2778: /usr/bin/ccache  gcc -o conftest -O2 -funroll-loops -fomit-frame-pointer -m32 -march=pentium3 -mmmx -msse -mfpmath=sse -Wall -Wstrict-prototypes   conftest.c  1>&5
configure:2762:1: warning: function declaration isn't a prototype [-Wstrict-prototypes]
 /* We use char because int might match the return type of a gcc2
 ^
configure:2764:5: warning: function declaration isn't a prototype [-Wstrict-prototypes]
 char $ac_func();
     ^
/tmp/ccoWNgmA.o: In function `main':
conftest.c:(.text.startup+0x7): undefined reference to `_ucreate'
collect2: error: ld returned 1 exit status
configure: failed program was:
#line 2755 "configure"
#include "confdefs.h"
/* System header to define __stub macros and hopefully few prototypes,
    which can conflict with char _ucreate(); below.  */
#include <assert.h>
/* Override any gcc2 internal prototype to avoid an error.  */
/* We use char because int might match the return type of a gcc2
    builtin and then its argument prototype would still apply.  */
char _ucreate();

int main() {

/* The GNU C library defines this for functions which it implements
    to always fail with ENOSYS.  Some functions are actually named
    something starting with __ and the normal name is an alias.  */
#if defined (__stub__ucreate) || defined (__stub____ucreate)
choke me
#else
_ucreate();
#endif

; return 0; }
configure:2750: checking for _udefault
configure:2778: /usr/bin/ccache  gcc -o conftest -O2 -funroll-loops -fomit-frame-pointer -m32 -march=pentium3 -mmmx -msse -mfpmath=sse -Wall -Wstrict-prototypes   conftest.c  1>&5
configure:2762:1: warning: function declaration isn't a prototype [-Wstrict-prototypes]
 /* We use char because int might match the return type of a gcc2
 ^
configure:2764:5: warning: function declaration isn't a prototype [-Wstrict-prototypes]
 char $ac_func();
     ^
/tmp/ccGW0lyG.o: In function `main':
conftest.c:(.text.startup+0x7): undefined reference to `_udefault'
collect2: error: ld returned 1 exit status
configure: failed program was:
#line 2755 "configure"
#include "confdefs.h"
/* System header to define __stub macros and hopefully few prototypes,
    which can conflict with char _udefault(); below.  */
#include <assert.h>
/* Override any gcc2 internal prototype to avoid an error.  */
/* We use char because int might match the return type of a gcc2
    builtin and then its argument prototype would still apply.  */
char _udefault();

int main() {

/* The GNU C library defines this for functions which it implements
    to always fail with ENOSYS.  Some functions are actually named
    something starting with __ and the normal name is an alias.  */
#if defined (__stub__udefault) || defined (__stub____udefault)
choke me
#else
_udefault();
#endif

; return 0; }
configure:2750: checking for _udestroy
configure:2778: /usr/bin/ccache  gcc -o conftest -O2 -funroll-loops -fomit-frame-pointer -m32 -march=pentium3 -mmmx -msse -mfpmath=sse -Wall -Wstrict-prototypes   conftest.c  1>&5
configure:2762:1: warning: function declaration isn't a prototype [-Wstrict-prototypes]
 /* We use char because int might match the return type of a gcc2
 ^
configure:2764:5: warning: function declaration isn't a prototype [-Wstrict-prototypes]
 char $ac_func();
     ^
/tmp/ccW73QxH.o: In function `main':
conftest.c:(.text.startup+0x7): undefined reference to `_udestroy'
collect2: error: ld returned 1 exit status
configure: failed program was:
#line 2755 "configure"
#include "confdefs.h"
/* System header to define __stub macros and hopefully few prototypes,
    which can conflict with char _udestroy(); below.  */
#include <assert.h>
/* Override any gcc2 internal prototype to avoid an error.  */
/* We use char because int might match the return type of a gcc2
    builtin and then its argument prototype would still apply.  */
char _udestroy();

int main() {

/* The GNU C library defines this for functions which it implements
    to always fail with ENOSYS.  Some functions are actually named
    something starting with __ and the normal name is an alias.  */
#if defined (__stub__udestroy) || defined (__stub____udestroy)
choke me
#else
_udestroy();
#endif

; return 0; }
configure:2750: checking for _uopen
configure:2778: /usr/bin/ccache  gcc -o conftest -O2 -funroll-loops -fomit-frame-pointer -m32 -march=pentium3 -mmmx -msse -mfpmath=sse -Wall -Wstrict-prototypes   conftest.c  1>&5
configure:2762:1: warning: function declaration isn't a prototype [-Wstrict-prototypes]
 /* We use char because int might match the return type of a gcc2
 ^
configure:2764:5: warning: function declaration isn't a prototype [-Wstrict-prototypes]
 char $ac_func();
     ^
/tmp/cc9hT9IN.o: In function `main':
conftest.c:(.text.startup+0x7): undefined reference to `_uopen'
collect2: error: ld returned 1 exit status
configure: failed program was:
#line 2755 "configure"
#include "confdefs.h"
/* System header to define __stub macros and hopefully few prototypes,
    which can conflict with char _uopen(); below.  */
#include <assert.h>
/* Override any gcc2 internal prototype to avoid an error.  */
/* We use char because int might match the return type of a gcc2
    builtin and then its argument prototype would still apply.  */
char _uopen();

int main() {

/* The GNU C library defines this for functions which it implements
    to always fail with ENOSYS.  Some functions are actually named
    something starting with __ and the normal name is an alias.  */
#if defined (__stub__uopen) || defined (__stub____uopen)
choke me
#else
_uopen();
#endif

; return 0; }
configure:2750: checking for __strtoll
configure:2778: /usr/bin/ccache  gcc -o conftest -O2 -funroll-loops -fomit-frame-pointer -m32 -march=pentium3 -mmmx -msse -mfpmath=sse -Wall -Wstrict-prototypes   conftest.c  1>&5
configure:2762:1: warning: function declaration isn't a prototype [-Wstrict-prototypes]
 /* We use char because int might match the return type of a gcc2
 ^
configure:2764:5: warning: function declaration isn't a prototype [-Wstrict-prototypes]
 char $ac_func();
     ^
/tmp/ccRmY9TP.o: In function `main':
conftest.c:(.text.startup+0x7): undefined reference to `__strtoll'
collect2: error: ld returned 1 exit status
configure: failed program was:
#line 2755 "configure"
#include "confdefs.h"
/* System header to define __stub macros and hopefully few prototypes,
    which can conflict with char __strtoll(); below.  */
#include <assert.h>
/* Override any gcc2 internal prototype to avoid an error.  */
/* We use char because int might match the return type of a gcc2
    builtin and then its argument prototype would still apply.  */
char __strtoll();

int main() {

/* The GNU C library defines this for functions which it implements
    to always fail with ENOSYS.  Some functions are actually named
    something starting with __ and the normal name is an alias.  */
#if defined (__stub___strtoll) || defined (__stub_____strtoll)
choke me
#else
__strtoll();
#endif

; return 0; }
configure:2807: checking for strlen
configure:2835: /usr/bin/ccache  gcc -o conftest -O2 -funroll-loops -fomit-frame-pointer -m32 -march=pentium3 -mmmx -msse -mfpmath=sse -Wall -Wstrict-prototypes   conftest.c  1>&5
configure:2819:1: warning: function declaration isn't a prototype [-Wstrict-prototypes]
 /* We use char because int might match the return type of a gcc2
 ^
configure:2819:6: warning: conflicting types for built-in function 'strlen' [enabled by default]
 /* We use char because int might match the return type of a gcc2
      ^
configure:2821:5: warning: function declaration isn't a prototype [-Wstrict-prototypes]
 char $ac_func();
     ^
configure:2860: checking for strlen
configure:2872: /usr/bin/ccache  gcc -o conftest -O2 -funroll-loops -fomit-frame-pointer -m32 -march=pentium3 -mmmx -msse -mfpmath=sse -Wall -Wstrict-prototypes   conftest.c  1>&5
configure:2867:5: warning: function declaration isn't a prototype [-Wstrict-prototypes]
 #include "confdefs.h"
     ^
configure:2896: checking for strcpy
configure:2924: /usr/bin/ccache  gcc -o conftest -O2 -funroll-loops -fomit-frame-pointer -m32 -march=pentium3 -mmmx -msse -mfpmath=sse -Wall -Wstrict-prototypes   conftest.c  1>&5
configure:2908:1: warning: function declaration isn't a prototype [-Wstrict-prototypes]
 /* We use char because int might match the return type of a gcc2
 ^
configure:2908:6: warning: conflicting types for built-in function 'strcpy' [enabled by default]
 /* We use char because int might match the return type of a gcc2
      ^
configure:2910:5: warning: function declaration isn't a prototype [-Wstrict-prototypes]
 char $ac_func();
     ^
configure:2949: checking for strcpy
configure:2961: /usr/bin/ccache  gcc -o conftest -O2 -funroll-loops -fomit-frame-pointer -m32 -march=pentium3 -mmmx -msse -mfpmath=sse -Wall -Wstrict-prototypes   conftest.c  1>&5
configure:2956:5: warning: function declaration isn't a prototype [-Wstrict-prototypes]
 #include "confdefs.h"
     ^
configure:2985: checking for strchr
configure:3013: /usr/bin/ccache  gcc -o conftest -O2 -funroll-loops -fomit-frame-pointer -m32 -march=pentium3 -mmmx -msse -mfpmath=sse -Wall -Wstrict-prototypes   conftest.c  1>&5
configure:2997:1: warning: function declaration isn't a prototype [-Wstrict-prototypes]
 /* We use char because int might match the return type of a gcc2
 ^
configure:2997:6: warning: conflicting types for built-in function 'strchr' [enabled by default]
 /* We use char because int might match the return type of a gcc2
      ^
configure:2999:5: warning: function declaration isn't a prototype [-Wstrict-prototypes]
 char $ac_func();
     ^
configure:3038: checking for strchr
configure:3050: /usr/bin/ccache  gcc -o conftest -O2 -funroll-loops -fomit-frame-pointer -m32 -march=pentium3 -mmmx -msse -mfpmath=sse -Wall -Wstrict-prototypes   conftest.c  1>&5
configure:3045:5: warning: function declaration isn't a prototype [-Wstrict-prototypes]
 #include "confdefs.h"
     ^
configure:3074: checking for strrchr
configure:3102: /usr/bin/ccache  gcc -o conftest -O2 -funroll-loops -fomit-frame-pointer -m32 -march=pentium3 -mmmx -msse -mfpmath=sse -Wall -Wstrict-prototypes   conftest.c  1>&5
configure:3086:1: warning: function declaration isn't a prototype [-Wstrict-prototypes]
 /* We use char because int might match the return type of a gcc2
 ^
configure:3086:6: warning: conflicting types for built-in function 'strrchr' [enabled by default]
 /* We use char because int might match the return type of a gcc2
      ^
configure:3088:5: warning: function declaration isn't a prototype [-Wstrict-prototypes]
 char $ac_func();
     ^
configure:3127: checking for strrchr
configure:3139: /usr/bin/ccache  gcc -o conftest -O2 -funroll-loops -fomit-frame-pointer -m32 -march=pentium3 -mmmx -msse -mfpmath=sse -Wall -Wstrict-prototypes   conftest.c  1>&5
configure:3134:5: warning: function declaration isn't a prototype [-Wstrict-prototypes]
 #include "confdefs.h"
     ^
configure:3163: checking for strcmp
configure:3191: /usr/bin/ccache  gcc -o conftest -O2 -funroll-loops -fomit-frame-pointer -m32 -march=pentium3 -mmmx -msse -mfpmath=sse -Wall -Wstrict-prototypes   conftest.c  1>&5
configure:3175:1: warning: function declaration isn't a prototype [-Wstrict-prototypes]
 /* We use char because int might match the return type of a gcc2
 ^
configure:3175:6: warning: conflicting types for built-in function 'strcmp' [enabled by default]
 /* We use char because int might match the return type of a gcc2
      ^
configure:3177:5: warning: function declaration isn't a prototype [-Wstrict-prototypes]
 char $ac_func();
     ^
configure:3216: checking for strcmp
configure:3228: /usr/bin/ccache  gcc -o conftest -O2 -funroll-loops -fomit-frame-pointer -m32 -march=pentium3 -mmmx -msse -mfpmath=sse -Wall -Wstrict-prototypes   conftest.c  1>&5
configure:3223:5: warning: function declaration isn't a prototype [-Wstrict-prototypes]
 #include "confdefs.h"
     ^
configure:3252: checking for strncmp
configure:3280: /usr/bin/ccache  gcc -o conftest -O2 -funroll-loops -fomit-frame-pointer -m32 -march=pentium3 -mmmx -msse -mfpmath=sse -Wall -Wstrict-prototypes   conftest.c  1>&5
configure:3264:1: warning: function declaration isn't a prototype [-Wstrict-prototypes]
 /* We use char because int might match the return type of a gcc2
 ^
configure:3264:6: warning: conflicting types for built-in function 'strncmp' [enabled by default]
 /* We use char because int might match the return type of a gcc2
      ^
configure:3266:5: warning: function declaration isn't a prototype [-Wstrict-prototypes]
 char $ac_func();
     ^
configure:3305: checking for strncmp
configure:3317: /usr/bin/ccache  gcc -o conftest -O2 -funroll-loops -fomit-frame-pointer -m32 -march=pentium3 -mmmx -msse -mfpmath=sse -Wall -Wstrict-prototypes   conftest.c  1>&5
configure:3312:5: warning: function declaration isn't a prototype [-Wstrict-prototypes]
 #include "confdefs.h"
     ^
configure:3341: checking for strcasecmp
configure:3369: /usr/bin/ccache  gcc -o conftest -O2 -funroll-loops -fomit-frame-pointer -m32 -march=pentium3 -mmmx -msse -mfpmath=sse -Wall -Wstrict-prototypes   conftest.c  1>&5
configure:3353:1: warning: function declaration isn't a prototype [-Wstrict-prototypes]
 /* We use char because int might match the return type of a gcc2
 ^
configure:3353:6: warning: conflicting types for built-in function 'strcasecmp' [enabled by default]
 /* We use char because int might match the return type of a gcc2
      ^
configure:3355:5: warning: function declaration isn't a prototype [-Wstrict-prototypes]
 char $ac_func();
     ^
configure:3394: checking for strcasecmp
configure:3406: /usr/bin/ccache  gcc -o conftest -O2 -funroll-loops -fomit-frame-pointer -m32 -march=pentium3 -mmmx -msse -mfpmath=sse -Wall -Wstrict-prototypes   conftest.c  1>&5
configure:3401:5: warning: function declaration isn't a prototype [-Wstrict-prototypes]
 #include "confdefs.h"
     ^
configure: In function 'main':
configure:3402:1: warning: statement with no effect [-Wunused-value]
 #include <string.h>
 ^
configure:3430: checking for strncasecmp
configure:3458: /usr/bin/ccache  gcc -o conftest -O2 -funroll-loops -fomit-frame-pointer -m32 -march=pentium3 -mmmx -msse -mfpmath=sse -Wall -Wstrict-prototypes   conftest.c  1>&5
configure:3442:1: warning: function declaration isn't a prototype [-Wstrict-prototypes]
 /* We use char because int might match the return type of a gcc2
 ^
configure:3442:6: warning: conflicting types for built-in function 'strncasecmp' [enabled by default]
 /* We use char because int might match the return type of a gcc2
      ^
configure:3444:5: warning: function declaration isn't a prototype [-Wstrict-prototypes]
 char $ac_func();
     ^
configure:3483: checking for strncasecmp
configure:3495: /usr/bin/ccache  gcc -o conftest -O2 -funroll-loops -fomit-frame-pointer -m32 -march=pentium3 -mmmx -msse -mfpmath=sse -Wall -Wstrict-prototypes   conftest.c  1>&5
configure:3490:5: warning: function declaration isn't a prototype [-Wstrict-prototypes]
 #include "confdefs.h"
     ^
configure: In function 'main':
configure:3491:1: warning: statement with no effect [-Wunused-value]
 #include <string.h>
 ^
configure:3519: checking for strcspn
configure:3547: /usr/bin/ccache  gcc -o conftest -O2 -funroll-loops -fomit-frame-pointer -m32 -march=pentium3 -mmmx -msse -mfpmath=sse -Wall -Wstrict-prototypes   conftest.c  1>&5
configure:3531:1: warning: function declaration isn't a prototype [-Wstrict-prototypes]
 /* We use char because int might match the return type of a gcc2
 ^
configure:3531:6: warning: conflicting types for built-in function 'strcspn' [enabled by default]
 /* We use char because int might match the return type of a gcc2
      ^
configure:3533:5: warning: function declaration isn't a prototype [-Wstrict-prototypes]
 char $ac_func();
     ^
configure:3572: checking for strcspn
configure:3584: /usr/bin/ccache  gcc -o conftest -O2 -funroll-loops -fomit-frame-pointer -m32 -march=pentium3 -mmmx -msse -mfpmath=sse -Wall -Wstrict-prototypes   conftest.c  1>&5
configure:3579:5: warning: function declaration isn't a prototype [-Wstrict-prototypes]
 #include "confdefs.h"
     ^
configure:3608: checking for strspn
configure:3636: /usr/bin/ccache  gcc -o conftest -O2 -funroll-loops -fomit-frame-pointer -m32 -march=pentium3 -mmmx -msse -mfpmath=sse -Wall -Wstrict-prototypes   conftest.c  1>&5
configure:3620:1: warning: function declaration isn't a prototype [-Wstrict-prototypes]
 /* We use char because int might match the return type of a gcc2
 ^
configure:3620:6: warning: conflicting types for built-in function 'strspn' [enabled by default]
 /* We use char because int might match the return type of a gcc2
      ^
configure:3622:5: warning: function declaration isn't a prototype [-Wstrict-prototypes]
 char $ac_func();
     ^
configure:3661: checking for strspn
configure:3673: /usr/bin/ccache  gcc -o conftest -O2 -funroll-loops -fomit-frame-pointer -m32 -march=pentium3 -mmmx -msse -mfpmath=sse -Wall -Wstrict-prototypes   conftest.c  1>&5
configure:3668:5: warning: function declaration isn't a prototype [-Wstrict-prototypes]
 #include "confdefs.h"
     ^
configure:3697: checking for strstr
configure:3725: /usr/bin/ccache  gcc -o conftest -O2 -funroll-loops -fomit-frame-pointer -m32 -march=pentium3 -mmmx -msse -mfpmath=sse -Wall -Wstrict-prototypes   conftest.c  1>&5
configure:3709:1: warning: function declaration isn't a prototype [-Wstrict-prototypes]
 /* We use char because int might match the return type of a gcc2
 ^
configure:3709:6: warning: conflicting types for built-in function 'strstr' [enabled by default]
 /* We use char because int might match the return type of a gcc2
      ^
configure:3711:5: warning: function declaration isn't a prototype [-Wstrict-prototypes]
 char $ac_func();
     ^
configure:3750: checking for strstr
configure:3762: /usr/bin/ccache  gcc -o conftest -O2 -funroll-loops -fomit-frame-pointer -m32 -march=pentium3 -mmmx -msse -mfpmath=sse -Wall -Wstrict-prototypes   conftest.c  1>&5
configure:3757:5: warning: function declaration isn't a prototype [-Wstrict-prototypes]
 #include "confdefs.h"
     ^
configure:3786: checking for memchr
configure:3814: /usr/bin/ccache  gcc -o conftest -O2 -funroll-loops -fomit-frame-pointer -m32 -march=pentium3 -mmmx -msse -mfpmath=sse -Wall -Wstrict-prototypes   conftest.c  1>&5
configure:3798:1: warning: function declaration isn't a prototype [-Wstrict-prototypes]
 /* We use char because int might match the return type of a gcc2
 ^
configure:3798:6: warning: conflicting types for built-in function 'memchr' [enabled by default]
 /* We use char because int might match the return type of a gcc2
      ^
configure:3800:5: warning: function declaration isn't a prototype [-Wstrict-prototypes]
 char $ac_func();
     ^
configure:3839: checking for memchr
configure:3851: /usr/bin/ccache  gcc -o conftest -O2 -funroll-loops -fomit-frame-pointer -m32 -march=pentium3 -mmmx -msse -mfpmath=sse -Wall -Wstrict-prototypes   conftest.c  1>&5
configure:3846:5: warning: function declaration isn't a prototype [-Wstrict-prototypes]
 #include "confdefs.h"
     ^
configure: In function 'main':
configure:3847:12: warning: statement with no effect [-Wunused-value]
 #include <string.h>
            ^
configure:3875: checking for memcmp
configure:3903: /usr/bin/ccache  gcc -o conftest -O2 -funroll-loops -fomit-frame-pointer -m32 -march=pentium3 -mmmx -msse -mfpmath=sse -Wall -Wstrict-prototypes   conftest.c  1>&5
configure:3887:1: warning: function declaration isn't a prototype [-Wstrict-prototypes]
 /* We use char because int might match the return type of a gcc2
 ^
configure:3887:6: warning: conflicting types for built-in function 'memcmp' [enabled by default]
 /* We use char because int might match the return type of a gcc2
      ^
configure:3889:5: warning: function declaration isn't a prototype [-Wstrict-prototypes]
 char $ac_func();
     ^
configure:3928: checking for memcmp
configure:3940: /usr/bin/ccache  gcc -o conftest -O2 -funroll-loops -fomit-frame-pointer -m32 -march=pentium3 -mmmx -msse -mfpmath=sse -Wall -Wstrict-prototypes   conftest.c  1>&5
configure:3935:5: warning: function declaration isn't a prototype [-Wstrict-prototypes]
 #include "confdefs.h"
     ^
configure:3964: checking for memcpy
configure:3992: /usr/bin/ccache  gcc -o conftest -O2 -funroll-loops -fomit-frame-pointer -m32 -march=pentium3 -mmmx -msse -mfpmath=sse -Wall -Wstrict-prototypes   conftest.c  1>&5
configure:3976:1: warning: function declaration isn't a prototype [-Wstrict-prototypes]
 /* We use char because int might match the return type of a gcc2
 ^
configure:3976:6: warning: conflicting types for built-in function 'memcpy' [enabled by default]
 /* We use char because int might match the return type of a gcc2
      ^
configure:3978:5: warning: function declaration isn't a prototype [-Wstrict-prototypes]
 char $ac_func();
     ^
configure:4017: checking for memcpy
configure:4029: /usr/bin/ccache  gcc -o conftest -O2 -funroll-loops -fomit-frame-pointer -m32 -march=pentium3 -mmmx -msse -mfpmath=sse -Wall -Wstrict-prototypes   conftest.c  1>&5
configure:4024:5: warning: function declaration isn't a prototype [-Wstrict-prototypes]
 #include "confdefs.h"
     ^
configure:4053: checking for memmove
configure:4081: /usr/bin/ccache  gcc -o conftest -O2 -funroll-loops -fomit-frame-pointer -m32 -march=pentium3 -mmmx -msse -mfpmath=sse -Wall -Wstrict-prototypes   conftest.c  1>&5
configure:4065:1: warning: function declaration isn't a prototype [-Wstrict-prototypes]
 /* We use char because int might match the return type of a gcc2
 ^
configure:4065:6: warning: conflicting types for built-in function 'memmove' [enabled by default]
 /* We use char because int might match the return type of a gcc2
      ^
configure:4067:5: warning: function declaration isn't a prototype [-Wstrict-prototypes]
 char $ac_func();
     ^
configure:4106: checking for memmove
configure:4118: /usr/bin/ccache  gcc -o conftest -O2 -funroll-loops -fomit-frame-pointer -m32 -march=pentium3 -mmmx -msse -mfpmath=sse -Wall -Wstrict-prototypes   conftest.c  1>&5
configure:4113:5: warning: function declaration isn't a prototype [-Wstrict-prototypes]
 #include "confdefs.h"
     ^
configure:4142: checking for memset
configure:4170: /usr/bin/ccache  gcc -o conftest -O2 -funroll-loops -fomit-frame-pointer -m32 -march=pentium3 -mmmx -msse -mfpmath=sse -Wall -Wstrict-prototypes   conftest.c  1>&5
configure:4154:1: warning: function declaration isn't a prototype [-Wstrict-prototypes]
 /* We use char because int might match the return type of a gcc2
 ^
configure:4154:6: warning: conflicting types for built-in function 'memset' [enabled by default]
 /* We use char because int might match the return type of a gcc2
      ^
configure:4156:5: warning: function declaration isn't a prototype [-Wstrict-prototypes]
 char $ac_func();
     ^
configure:4195: checking for memset
configure:4207: /usr/bin/ccache  gcc -o conftest -O2 -funroll-loops -fomit-frame-pointer -m32 -march=pentium3 -mmmx -msse -mfpmath=sse -Wall -Wstrict-prototypes   conftest.c  1>&5
configure:4202:5: warning: function declaration isn't a prototype [-Wstrict-prototypes]
 #include "confdefs.h"
     ^
configure:4231: checking for strerror
configure:4259: /usr/bin/ccache  gcc -o conftest -O2 -funroll-loops -fomit-frame-pointer -m32 -march=pentium3 -mmmx -msse -mfpmath=sse -Wall -Wstrict-prototypes   conftest.c  1>&5
configure:4243:1: warning: function declaration isn't a prototype [-Wstrict-prototypes]
 /* We use char because int might match the return type of a gcc2
 ^
configure:4245:5: warning: function declaration isn't a prototype [-Wstrict-prototypes]
 char $ac_func();
     ^
configure:4284: checking for strerror
configure:4296: /usr/bin/ccache  gcc -o conftest -O2 -funroll-loops -fomit-frame-pointer -m32 -march=pentium3 -mmmx -msse -mfpmath=sse -Wall -Wstrict-prototypes   conftest.c  1>&5
configure:4291:5: warning: function declaration isn't a prototype [-Wstrict-prototypes]
 #include "confdefs.h"
     ^
configure: In function 'main':
configure:4292:7: warning: unused variable 'c' [-Wunused-variable]
 #include <string.h>
       ^
configure:4318: checking for sigsetjmp/siglongjmp
configure:4330: /usr/bin/ccache  gcc -o conftest -O2 -funroll-loops -fomit-frame-pointer -m32 -march=pentium3 -mmmx -msse -mfpmath=sse -Wall -Wstrict-prototypes   conftest.c  1>&5
configure:4325:5: warning: function declaration isn't a prototype [-Wstrict-prototypes]
 #include "confdefs.h"
     ^
configure:4357: checking for requested debug level
configure:4380: checking if you want to use graphics
configure:4390: checking if you want to enable UTF-8 terminal
configure:4415: checking for clock_gettime
configure:4443: /usr/bin/ccache  gcc -o conftest -O2 -funroll-loops -fomit-frame-pointer -m32 -march=pentium3 -mmmx -msse -mfpmath=sse -Wall -Wstrict-prototypes   conftest.c  1>&5
configure:4427:1: warning: function declaration isn't a prototype [-Wstrict-prototypes]
 /* We use char because int might match the return type of a gcc2
 ^
configure:4429:5: warning: function declaration isn't a prototype [-Wstrict-prototypes]
 char $ac_func();
     ^
configure:4524: checking for socket
configure:4552: /usr/bin/ccache  gcc -o conftest -O2 -funroll-loops -fomit-frame-pointer -m32 -march=pentium3 -mmmx -msse -mfpmath=sse -Wall -Wstrict-prototypes   conftest.c  1>&5
configure:4536:1: warning: function declaration isn't a prototype [-Wstrict-prototypes]
 /* We use char because int might match the return type of a gcc2
 ^
configure:4538:5: warning: function declaration isn't a prototype [-Wstrict-prototypes]
 char socket();
     ^
configure:4723: checking for setsockopt
configure:4751: /usr/bin/ccache  gcc -o conftest -O2 -funroll-loops -fomit-frame-pointer -m32 -march=pentium3 -mmmx -msse -mfpmath=sse -Wall -Wstrict-prototypes   conftest.c  1>&5
configure:4735:1: warning: function declaration isn't a prototype [-Wstrict-prototypes]
 /* We use char because int might match the return type of a gcc2
 ^
configure:4737:5: warning: function declaration isn't a prototype [-Wstrict-prototypes]
 char setsockopt();
     ^
configure:4822: checking for gethostbyname
configure:4850: /usr/bin/ccache  gcc -o conftest -O2 -funroll-loops -fomit-frame-pointer -m32 -march=pentium3 -mmmx -msse -mfpmath=sse -Wall -Wstrict-prototypes   conftest.c  1>&5
configure:4834:1: warning: function declaration isn't a prototype [-Wstrict-prototypes]
 /* We use char because int might match the return type of a gcc2
 ^
configure:4836:5: warning: function declaration isn't a prototype [-Wstrict-prototypes]
 char gethostbyname();
     ^
configure:5028: checking for getaddrinfo
configure:5056: /usr/bin/ccache  gcc -o conftest -O2 -funroll-loops -fomit-frame-pointer -m32 -march=pentium3 -mmmx -msse -mfpmath=sse -Wall -Wstrict-prototypes   conftest.c  1>&5
configure:5040:1: warning: function declaration isn't a prototype [-Wstrict-prototypes]
 /* We use char because int might match the return type of a gcc2
 ^
configure:5042:5: warning: function declaration isn't a prototype [-Wstrict-prototypes]
 char $ac_func();
     ^
configure:5028: checking for freeaddrinfo
configure:5056: /usr/bin/ccache  gcc -o conftest -O2 -funroll-loops -fomit-frame-pointer -m32 -march=pentium3 -mmmx -msse -mfpmath=sse -Wall -Wstrict-prototypes   conftest.c  1>&5
configure:5040:1: warning: function declaration isn't a prototype [-Wstrict-prototypes]
 /* We use char because int might match the return type of a gcc2
 ^
configure:5042:5: warning: function declaration isn't a prototype [-Wstrict-prototypes]
 char $ac_func();
     ^
configure:5028: checking for gai_strerror
configure:5056: /usr/bin/ccache  gcc -o conftest -O2 -funroll-loops -fomit-frame-pointer -m32 -march=pentium3 -mmmx -msse -mfpmath=sse -Wall -Wstrict-prototypes   conftest.c  1>&5
configure:5040:1: warning: function declaration isn't a prototype [-Wstrict-prototypes]
 /* We use char because int might match the return type of a gcc2
 ^
configure:5042:5: warning: function declaration isn't a prototype [-Wstrict-prototypes]
 char $ac_func();
     ^
configure:5092: checking for inet_ntop
configure:5120: /usr/bin/ccache  gcc -o conftest -O2 -funroll-loops -fomit-frame-pointer -m32 -march=pentium3 -mmmx -msse -mfpmath=sse -Wall -Wstrict-prototypes   conftest.c  1>&5
configure:5104:1: warning: function declaration isn't a prototype [-Wstrict-prototypes]
 /* We use char because int might match the return type of a gcc2
 ^
configure:5106:5: warning: function declaration isn't a prototype [-Wstrict-prototypes]
 char $ac_func();
     ^
configure:5092: checking for inet_pton
configure:5120: /usr/bin/ccache  gcc -o conftest -O2 -funroll-loops -fomit-frame-pointer -m32 -march=pentium3 -mmmx -msse -mfpmath=sse -Wall -Wstrict-prototypes   conftest.c  1>&5
configure:5104:1: warning: function declaration isn't a prototype [-Wstrict-prototypes]
 /* We use char because int might match the return type of a gcc2
 ^
configure:5106:5: warning: function declaration isn't a prototype [-Wstrict-prototypes]
 char $ac_func();
     ^
configure:5092: checking for dhcp_option
configure:5120: /usr/bin/ccache  gcc -o conftest -O2 -funroll-loops -fomit-frame-pointer -m32 -march=pentium3 -mmmx -msse -mfpmath=sse -Wall -Wstrict-prototypes   conftest.c  1>&5
configure:5104:1: warning: function declaration isn't a prototype [-Wstrict-prototypes]
 /* We use char because int might match the return type of a gcc2
 ^
configure:5106:5: warning: function declaration isn't a prototype [-Wstrict-prototypes]
 char $ac_func();
     ^
/tmp/cc3TIpKH.o: In function `main':
conftest.c:(.text.startup+0x7): undefined reference to `dhcp_option'
collect2: error: ld returned 1 exit status
configure: failed program was:
#line 5097 "configure"
#include "confdefs.h"
/* System header to define __stub macros and hopefully few prototypes,
    which can conflict with char dhcp_option(); below.  */
#include <assert.h>
/* Override any gcc2 internal prototype to avoid an error.  */
/* We use char because int might match the return type of a gcc2
    builtin and then its argument prototype would still apply.  */
char dhcp_option();

int main() {

/* The GNU C library defines this for functions which it implements
    to always fail with ENOSYS.  Some functions are actually named
    something starting with __ and the normal name is an alias.  */
#if defined (__stub_dhcp_option) || defined (__stub___dhcp_option)
choke me
#else
dhcp_option();
#endif

; return 0; }
configure:5092: checking for herror
configure:5120: /usr/bin/ccache  gcc -o conftest -O2 -funroll-loops -fomit-frame-pointer -m32 -march=pentium3 -mmmx -msse -mfpmath=sse -Wall -Wstrict-prototypes   conftest.c  1>&5
configure:5104:1: warning: function declaration isn't a prototype [-Wstrict-prototypes]
 /* We use char because int might match the return type of a gcc2
 ^
configure:5106:5: warning: function declaration isn't a prototype [-Wstrict-prototypes]
 char $ac_func();
     ^
configure:5153: checking for ipv6
configure:5172: /usr/bin/ccache  gcc -c -O2 -funroll-loops -fomit-frame-pointer -m32 -march=pentium3 -mmmx -msse -mfpmath=sse -Wall -Wstrict-prototypes  conftest.c 1>&5
configure:5164:5: warning: function declaration isn't a prototype [-Wstrict-prototypes]
   #include <netinet/in.h>
     ^
configure: In function 'main':
configure:5166:23: warning: variable 'sin6' set but not used [-Wunused-but-set-variable]
 int main() {
                       ^
configure:5196: checking for sockaddr_in6.sin6_scope_id
configure:5215: /usr/bin/ccache  gcc -c -O2 -funroll-loops -fomit-frame-pointer -m32 -march=pentium3 -mmmx -msse -mfpmath=sse -Wall -Wstrict-prototypes  conftest.c 1>&5
configure:5207:5: warning: function declaration isn't a prototype [-Wstrict-prototypes]
   #include <netinet/in.h>
     ^
configure: In function 'main':
configure:5209:23: warning: variable 'sin6' set but not used [-Wunused-but-set-variable]
 int main() {
                       ^
configure:5247: checking for event.h
configure:5257: /usr/bin/ccache  gcc -E  conftest.c >/dev/null 2>conftest.out
configure:5253:19: fatal error: event.h: No such file or directory
 #line 5252 "configure"
                   ^
compilation terminated.
configure: failed program was:
#line 5252 "configure"
#include "confdefs.h"
#include <event.h>
configure:5247: checking for ev-event.h
configure:5257: /usr/bin/ccache  gcc -E  conftest.c >/dev/null 2>conftest.out
configure:5253:22: fatal error: ev-event.h: No such file or directory
 #line 5252 "configure"
                      ^
compilation terminated.
configure: failed program was:
#line 5252 "configure"
#include "confdefs.h"
#include <ev-event.h>
configure:5450: checking for pow in -lm
configure:5469: /usr/bin/ccache  gcc -o conftest -O2 -funroll-loops -fomit-frame-pointer -m32 -march=pentium3 -mmmx -msse -mfpmath=sse -Wall -Wstrict-prototypes   conftest.c -lm   1>&5
configure:5462:1: warning: function declaration isn't a prototype [-Wstrict-prototypes]
 /* We use char because int might match the return type of a gcc2
 ^
configure:5462:6: warning: conflicting types for built-in function 'pow' [enabled by default]
 /* We use char because int might match the return type of a gcc2
      ^
configure:5464:5: warning: function declaration isn't a prototype [-Wstrict-prototypes]
 char pow();
     ^
configure:5542: checking for pow
configure:5554: /usr/bin/ccache  gcc -o conftest -O2 -funroll-loops -fomit-frame-pointer -m32 -march=pentium3 -mmmx -msse -mfpmath=sse -Wall -Wstrict-prototypes   conftest.c -lm  1>&5
configure:5549:5: warning: function declaration isn't a prototype [-Wstrict-prototypes]
 #include "confdefs.h"
     ^
configure:5575: checking for powf
configure:5587: /usr/bin/ccache  gcc -o conftest -O2 -funroll-loops -fomit-frame-pointer -m32 -march=pentium3 -mmmx -msse -mfpmath=sse -Wall -Wstrict-prototypes   conftest.c -lm  1>&5
configure:5582:5: warning: function declaration isn't a prototype [-Wstrict-prototypes]
 #include "confdefs.h"
     ^
configure:5624: checking for gpm.h
configure:5634: /usr/bin/ccache  gcc -E  conftest.c >/dev/null 2>conftest.out
configure:5630:17: fatal error: gpm.h: No such file or directory
 #line 5629 "configure"
                 ^
compilation terminated.
configure: failed program was:
#line 5629 "configure"
#include "confdefs.h"
#include <gpm.h>
configure:5661: checking for Gpm_Open in -lgpm
configure:5680: /usr/bin/ccache  gcc -o conftest -O2 -funroll-loops -fomit-frame-pointer -m32 -march=pentium3 -mmmx -msse -mfpmath=sse -Wall -Wstrict-prototypes   conftest.c -lgpm  -lm  1>&5
configure:5673:1: warning: function declaration isn't a prototype [-Wstrict-prototypes]
 /* We use char because int might match the return type of a gcc2
 ^
configure:5675:5: warning: function declaration isn't a prototype [-Wstrict-prototypes]
 char Gpm_Open();
     ^
/usr/bin/ld: cannot find -lgpm
collect2: error: ld returned 1 exit status
configure: failed program was:
#line 5669 "configure"
#include "confdefs.h"
/* Override any gcc2 internal prototype to avoid an error.  */
/* We use char because int might match the return type of a gcc2
    builtin and then its argument prototype would still apply.  */
char Gpm_Open();

int main() {
Gpm_Open()
; return 0; }
configure:5710: checking for Gpm_GetLibVersion
configure:5738: /usr/bin/ccache  gcc -o conftest -O2 -funroll-loops -fomit-frame-pointer -m32 -march=pentium3 -mmmx -msse -mfpmath=sse -Wall -Wstrict-prototypes   conftest.c -lm  1>&5
configure:5722:1: warning: function declaration isn't a prototype [-Wstrict-prototypes]
 /* We use char because int might match the return type of a gcc2
 ^
configure:5724:5: warning: function declaration isn't a prototype [-Wstrict-prototypes]
 char $ac_func();
     ^
/tmp/ccDlsJYE.o: In function `main':
conftest.c:(.text.startup+0x7): undefined reference to `Gpm_GetLibVersion'
collect2: error: ld returned 1 exit status
configure: failed program was:
#line 5715 "configure"
#include "confdefs.h"
/* System header to define __stub macros and hopefully few prototypes,
    which can conflict with char Gpm_GetLibVersion(); below.  */
#include <assert.h>
/* Override any gcc2 internal prototype to avoid an error.  */
/* We use char because int might match the return type of a gcc2
    builtin and then its argument prototype would still apply.  */
char Gpm_GetLibVersion();

int main() {

/* The GNU C library defines this for functions which it implements
    to always fail with ENOSYS.  Some functions are actually named
    something starting with __ and the normal name is an alias.  */
#if defined (__stub_Gpm_GetLibVersion) || defined (__stub___Gpm_GetLibVersion)
choke me
#else
Gpm_GetLibVersion();
#endif

; return 0; }
configure:5805: checking for OS/2 threads
configure:5819: /usr/bin/ccache  gcc -o conftest -O2 -funroll-loops -fomit-frame-pointer -m32 -march=pentium3 -mmmx -msse -mfpmath=sse -Wall -Wstrict-prototypes -Zmt   conftest.c -lm  1>&5
gcc: error: unrecognized command line option '-Zmt'
configure: failed program was:
#line 5812 "configure"
#include "confdefs.h"
#include <stdlib.h>
int main() {
_beginthread(NULL, NULL, 0, NULL)
; return 0; }
configure:5845: checking for atheos/threads.h
configure:5855: /usr/bin/ccache  gcc -E  conftest.c >/dev/null 2>conftest.out
configure:5851:28: fatal error: atheos/threads.h: No such file or directory
 #line 5850 "configure"
                            ^
compilation terminated.
configure: failed program was:
#line 5850 "configure"
#include "confdefs.h"
#include <atheos/threads.h>
configure:5884: checking for spawn_thread
configure:5912: /usr/bin/ccache  gcc -o conftest -O2 -funroll-loops -fomit-frame-pointer -m32 -march=pentium3 -mmmx -msse -mfpmath=sse -Wall -Wstrict-prototypes   conftest.c -lm  1>&5
configure:5896:1: warning: function declaration isn't a prototype [-Wstrict-prototypes]
 /* We use char because int might match the return type of a gcc2
 ^
configure:5898:5: warning: function declaration isn't a prototype [-Wstrict-prototypes]
 char $ac_func();
     ^
/tmp/ccAKcA4A.o: In function `main':
conftest.c:(.text.startup+0x7): undefined reference to `spawn_thread'
collect2: error: ld returned 1 exit status
configure: failed program was:
#line 5889 "configure"
#include "confdefs.h"
/* System header to define __stub macros and hopefully few prototypes,
    which can conflict with char spawn_thread(); below.  */
#include <assert.h>
/* Override any gcc2 internal prototype to avoid an error.  */
/* We use char because int might match the return type of a gcc2
    builtin and then its argument prototype would still apply.  */
char spawn_thread();

int main() {

/* The GNU C library defines this for functions which it implements
    to always fail with ENOSYS.  Some functions are actually named
    something starting with __ and the normal name is an alias.  */
#if defined (__stub_spawn_thread) || defined (__stub___spawn_thread)
choke me
#else
spawn_thread();
#endif

; return 0; }
configure:5884: checking for resume_thread
configure:5912: /usr/bin/ccache  gcc -o conftest -O2 -funroll-loops -fomit-frame-pointer -m32 -march=pentium3 -mmmx -msse -mfpmath=sse -Wall -Wstrict-prototypes   conftest.c -lm  1>&5
configure:5896:1: warning: function declaration isn't a prototype [-Wstrict-prototypes]
 /* We use char because int might match the return type of a gcc2
 ^
configure:5898:5: warning: function declaration isn't a prototype [-Wstrict-prototypes]
 char $ac_func();
     ^
/tmp/cc2ndz1H.o: In function `main':
conftest.c:(.text.startup+0x7): undefined reference to `resume_thread'
collect2: error: ld returned 1 exit status
configure: failed program was:
#line 5889 "configure"
#include "confdefs.h"
/* System header to define __stub macros and hopefully few prototypes,
    which can conflict with char resume_thread(); below.  */
#include <assert.h>
/* Override any gcc2 internal prototype to avoid an error.  */
/* We use char because int might match the return type of a gcc2
    builtin and then its argument prototype would still apply.  */
char resume_thread();

int main() {

/* The GNU C library defines this for functions which it implements
    to always fail with ENOSYS.  Some functions are actually named
    something starting with __ and the normal name is an alias.  */
#if defined (__stub_resume_thread) || defined (__stub___resume_thread)
choke me
#else
resume_thread();
#endif

; return 0; }
configure:5940: checking for MouOpen
configure:5968: /usr/bin/ccache  gcc -o conftest -O2 -funroll-loops -fomit-frame-pointer -m32 -march=pentium3 -mmmx -msse -mfpmath=sse -Wall -Wstrict-prototypes   conftest.c -lm  1>&5
configure:5952:1: warning: function declaration isn't a prototype [-Wstrict-prototypes]
 /* We use char because int might match the return type of a gcc2
 ^
configure:5954:5: warning: function declaration isn't a prototype [-Wstrict-prototypes]
 char $ac_func();
     ^
/tmp/ccgsEGcJ.o: In function `main':
conftest.c:(.text.startup+0x7): undefined reference to `MouOpen'
collect2: error: ld returned 1 exit status
configure: failed program was:
#line 5945 "configure"
#include "confdefs.h"
/* System header to define __stub macros and hopefully few prototypes,
    which can conflict with char MouOpen(); below.  */
#include <assert.h>
/* Override any gcc2 internal prototype to avoid an error.  */
/* We use char because int might match the return type of a gcc2
    builtin and then its argument prototype would still apply.  */
char MouOpen();

int main() {

/* The GNU C library defines this for functions which it implements
    to always fail with ENOSYS.  Some functions are actually named
    something starting with __ and the normal name is an alias.  */
#if defined (__stub_MouOpen) || defined (__stub___MouOpen)
choke me
#else
MouOpen();
#endif

; return 0; }
configure:5940: checking for _read_kbd
configure:5968: /usr/bin/ccache  gcc -o conftest -O2 -funroll-loops -fomit-frame-pointer -m32 -march=pentium3 -mmmx -msse -mfpmath=sse -Wall -Wstrict-prototypes   conftest.c -lm  1>&5
configure:5952:1: warning: function declaration isn't a prototype [-Wstrict-prototypes]
 /* We use char because int might match the return type of a gcc2
 ^
configure:5954:5: warning: function declaration isn't a prototype [-Wstrict-prototypes]
 char $ac_func();
     ^
/tmp/ccXj2iuN.o: In function `main':
conftest.c:(.text.startup+0x7): undefined reference to `_read_kbd'
collect2: error: ld returned 1 exit status
configure: failed program was:
#line 5945 "configure"
#include "confdefs.h"
/* System header to define __stub macros and hopefully few prototypes,
    which can conflict with char _read_kbd(); below.  */
#include <assert.h>
/* Override any gcc2 internal prototype to avoid an error.  */
/* We use char because int might match the return type of a gcc2
    builtin and then its argument prototype would still apply.  */
char _read_kbd();

int main() {

/* The GNU C library defines this for functions which it implements
    to always fail with ENOSYS.  Some functions are actually named
    something starting with __ and the normal name is an alias.  */
#if defined (__stub__read_kbd) || defined (__stub____read_kbd)
choke me
#else
_read_kbd();
#endif

; return 0; }
configure:5993: checking for XFree for OS/2
configure:6188: checking for pkg-config
configure:6232: checking for openssl
configure:6239: checking OPENSSL_CFLAGS
configure:6244: checking OPENSSL_LIBS
configure:6276: checking for OpenSSL
configure:6288: /usr/bin/ccache  gcc -o conftest -O2 -funroll-loops -fomit-frame-pointer -m32 -march=pentium3 -mmmx -msse -mfpmath=sse -Wall -Wstrict-prototypes     conftest.c -lssl -lcrypto   -lm  1>&5
configure:6283:5: warning: function declaration isn't a prototype [-Wstrict-prototypes]
 #include <openssl/ssl.h>
     ^
configure:6494: checking for RAND_add
configure:6522: /usr/bin/ccache  gcc -o conftest -O2 -funroll-loops -fomit-frame-pointer -m32 -march=pentium3 -mmmx -msse -mfpmath=sse -Wall -Wstrict-prototypes     conftest.c -lssl -lcrypto   -lm  1>&5
configure:6506:1: warning: function declaration isn't a prototype [-Wstrict-prototypes]
 /* We use char because int might match the return type of a gcc2
 ^
configure:6508:5: warning: function declaration isn't a prototype [-Wstrict-prototypes]
 char $ac_func();
     ^
configure:6494: checking for RAND_egd
configure:6522: /usr/bin/ccache  gcc -o conftest -O2 -funroll-loops -fomit-frame-pointer -m32 -march=pentium3 -mmmx -msse -mfpmath=sse -Wall -Wstrict-prototypes     conftest.c -lssl -lcrypto   -lm  1>&5
configure:6506:1: warning: function declaration isn't a prototype [-Wstrict-prototypes]
 /* We use char because int might match the return type of a gcc2
 ^
configure:6508:5: warning: function declaration isn't a prototype [-Wstrict-prototypes]
 char $ac_func();
     ^
configure:6494: checking for RAND_file_name
configure:6522: /usr/bin/ccache  gcc -o conftest -O2 -funroll-loops -fomit-frame-pointer -m32 -march=pentium3 -mmmx -msse -mfpmath=sse -Wall -Wstrict-prototypes     conftest.c -lssl -lcrypto   -lm  1>&5
configure:6506:1: warning: function declaration isn't a prototype [-Wstrict-prototypes]
 /* We use char because int might match the return type of a gcc2
 ^
configure:6508:5: warning: function declaration isn't a prototype [-Wstrict-prototypes]
 char $ac_func();
     ^
configure:6494: checking for RAND_load_file
configure:6522: /usr/bin/ccache  gcc -o conftest -O2 -funroll-loops -fomit-frame-pointer -m32 -march=pentium3 -mmmx -msse -mfpmath=sse -Wall -Wstrict-prototypes     conftest.c -lssl -lcrypto   -lm  1>&5
configure:6506:1: warning: function declaration isn't a prototype [-Wstrict-prototypes]
 /* We use char because int might match the return type of a gcc2
 ^
configure:6508:5: warning: function declaration isn't a prototype [-Wstrict-prototypes]
 char $ac_func();
     ^
configure:6494: checking for RAND_write_file
configure:6522: /usr/bin/ccache  gcc -o conftest -O2 -funroll-loops -fomit-frame-pointer -m32 -march=pentium3 -mmmx -msse -mfpmath=sse -Wall -Wstrict-prototypes     conftest.c -lssl -lcrypto   -lm  1>&5
configure:6506:1: warning: function declaration isn't a prototype [-Wstrict-prototypes]
 /* We use char because int might match the return type of a gcc2
 ^
configure:6508:5: warning: function declaration isn't a prototype [-Wstrict-prototypes]
 char $ac_func();
     ^
configure:6575: checking for zlib.h
configure:6585: /usr/bin/ccache  gcc -E    conftest.c >/dev/null 2>conftest.out
configure:6612: checking for inflate in -lz
configure:6631: /usr/bin/ccache  gcc -o conftest -O2 -funroll-loops -fomit-frame-pointer -m32 -march=pentium3 -mmmx -msse -mfpmath=sse -Wall -Wstrict-prototypes     conftest.c -lz  -lssl -lcrypto   -lm  1>&5
configure:6624:1: warning: function declaration isn't a prototype [-Wstrict-prototypes]
 /* We use char because int might match the return type of a gcc2
 ^
configure:6626:5: warning: function declaration isn't a prototype [-Wstrict-prototypes]
 char inflate();
     ^
configure:6671: checking for bzlib.h
configure:6681: /usr/bin/ccache  gcc -E    conftest.c >/dev/null 2>conftest.out
configure:6708: checking for BZ2_bzDecompress in -lbz2
configure:6727: /usr/bin/ccache  gcc -o conftest -O2 -funroll-loops -fomit-frame-pointer -m32 -march=pentium3 -mmmx -msse -mfpmath=sse -Wall -Wstrict-prototypes     conftest.c -lbz2  -lz -lssl -lcrypto   -lm  1>&5
configure:6720:1: warning: function declaration isn't a prototype [-Wstrict-prototypes]
 /* We use char because int might match the return type of a gcc2
 ^
configure:6722:5: warning: function declaration isn't a prototype [-Wstrict-prototypes]
 char BZ2_bzDecompress();
     ^
configure:6768: checking for lzma.h
configure:6778: /usr/bin/ccache  gcc -E    conftest.c >/dev/null 2>conftest.out
configure:6805: checking for lzma_auto_decoder in -llzma
configure:6824: /usr/bin/ccache  gcc -o conftest -O2 -funroll-loops -fomit-frame-pointer -m32 -march=pentium3 -mmmx -msse -mfpmath=sse -Wall -Wstrict-prototypes     conftest.c -llzma  -lbz2 -lz -lssl -lcrypto   -lm  1>&5
configure:6817:1: warning: function declaration isn't a prototype [-Wstrict-prototypes]
 /* We use char because int might match the return type of a gcc2
 ^
configure:6819:5: warning: function declaration isn't a prototype [-Wstrict-prototypes]
 char lzma_auto_decoder();
     ^
configure:6878: checking for OpenMP
configure:6906: /usr/bin/ccache  gcc -o conftest -O2 -funroll-loops -fomit-frame-pointer -m32 -march=pentium3 -mmmx -msse -mfpmath=sse -Wall -Wstrict-prototypes      conftest.c -llzma -lbz2 -lz -lssl -lcrypto   -lm  1>&5
configure:6889:5: warning: function declaration isn't a prototype [-Wstrict-prototypes]
 #include "confdefs.h"
     ^
configure: In function 'main':
configure:6894:0: warning: ignoring #pragma omp parallel [-Wunknown-pragmas]
    int i = 1;
 ^
configure:6898:0: warning: ignoring #pragma omp for [-Wunknown-pragmas]
     int n;
 ^
configure:6891:8: warning: unused variable 'enabled' [-Wunused-variable]
 int main() {
        ^
/tmp/cckDLzAW.o: In function `main':
conftest.c:(.text.startup+0x7): undefined reference to `omp_get_num_threads'
conftest.c:(.text.startup+0xc): undefined reference to `omp_get_thread_num'
collect2: error: ld returned 1 exit status
configure: failed program was:
#line 6887 "configure"
#include "confdefs.h"
#include <omp.h>
int main() {

			int enabled = 1;
			int i = 1;
			int j = 3;
#pragma omp parallel default(none) firstprivate(i) shared(j) if (enabled)
			{
				int n;
				i += omp_get_num_threads() + omp_get_thread_num();
#pragma omp for nowait
				for (n = 0; n < 10; n++)
					i += j / i;
			}
			
; return 0; }
configure:6906: /usr/bin/ccache  gcc -o conftest -O2 -funroll-loops -fomit-frame-pointer -m32 -march=pentium3 -mmmx -msse -mfpmath=sse -Wall -Wstrict-prototypes -fopenmp     conftest.c -llzma -lbz2 -lz -lssl -lcrypto   -lm  1>&5
configure:6889:5: warning: function declaration isn't a prototype [-Wstrict-prototypes]
 #include "confdefs.h"
     ^
configure:7080: checking for linux/fb.h
configure:7090: /usr/bin/ccache  gcc -E    conftest.c >/dev/null 2>conftest.out
configure:7080: checking for linux/kd.h
configure:7090: /usr/bin/ccache  gcc -E    conftest.c >/dev/null 2>conftest.out
configure:7080: checking for linux/vt.h
configure:7090: /usr/bin/ccache  gcc -E    conftest.c >/dev/null 2>conftest.out
configure:7080: checking for sys/mman.h
configure:7090: /usr/bin/ccache  gcc -E    conftest.c >/dev/null 2>conftest.out
configure:7129: checking for directfb-config
configure:7228: checking for directfb
configure:8111: checking for windowsx.h
configure:8121: /usr/bin/ccache  gcc -E    conftest.c >/dev/null 2>conftest.out
configure:8117:22: fatal error: windowsx.h: No such file or directory
 do
                      ^
compilation terminated.
configure: failed program was:
#line 8116 "configure"
#include "confdefs.h"
#include <windowsx.h>
configure:8148: checking for ReleaseDC
configure:8162: /usr/bin/ccache  gcc -o conftest -O2 -funroll-loops -fomit-frame-pointer -m32 -march=pentium3 -mmmx -msse -mfpmath=sse -Wall -Wstrict-prototypes -fopenmp     conftest.c -llzma -lbz2 -lz -lssl -lcrypto   -lm  1>&5
configure:8155:24: fatal error: windows.h: No such file or directory
 
                        ^
compilation terminated.
configure: failed program was:
#line 8153 "configure"
#include "confdefs.h"

			#include <windows.h>
			#include <pthread.h>
int main() {
ReleaseDC(NULL, NULL)
; return 0; }
configure:8179: checking for ReleaseDC in -luser32
configure:8193: /usr/bin/ccache  gcc -o conftest -O2 -funroll-loops -fomit-frame-pointer -m32 -march=pentium3 -mmmx -msse -mfpmath=sse -Wall -Wstrict-prototypes -fopenmp     conftest.c -luser32 -llzma -lbz2 -lz -lssl -lcrypto   -lm  1>&5
configure:8186:25: fatal error: windows.h: No such file or directory
   LIBS="-luser32 $LIBS"
                         ^
compilation terminated.
configure: failed program was:
#line 8184 "configure"
#include "confdefs.h"

				#include <windows.h>
				#include <pthread.h>
int main() {
ReleaseDC(NULL, NULL)
; return 0; }
configure:8209: checking for GdiFlush
configure:8223: /usr/bin/ccache  gcc -o conftest -O2 -funroll-loops -fomit-frame-pointer -m32 -march=pentium3 -mmmx -msse -mfpmath=sse -Wall -Wstrict-prototypes -fopenmp     conftest.c -luser32 -llzma -lbz2 -lz -lssl -lcrypto   -lm  1>&5
configure:8216:24: fatal error: windows.h: No such file or directory
  fi
                        ^
compilation terminated.
configure: failed program was:
#line 8214 "configure"
#include "confdefs.h"

			#include <windows.h>
			#include <pthread.h>
int main() {
GdiFlush()
; return 0; }
configure:8240: checking for GdiFlush in -lgdi32
configure:8254: /usr/bin/ccache  gcc -o conftest -O2 -funroll-loops -fomit-frame-pointer -m32 -march=pentium3 -mmmx -msse -mfpmath=sse -Wall -Wstrict-prototypes -fopenmp     conftest.c -lgdi32 -luser32 -llzma -lbz2 -lz -lssl -lcrypto   -lm  1>&5
configure:8247:25: fatal error: windows.h: No such file or directory
   LIBS="-lgdi32 $LIBS"
                         ^
compilation terminated.
configure: failed program was:
#line 8245 "configure"
#include "confdefs.h"

				#include <windows.h>
				#include <pthread.h>
int main() {
GdiFlush()
; return 0; }
configure:8288: checking for gui/view.h
configure:8298: /usr/bin/ccache  gcc -E    conftest.cpp >/dev/null 2>conftest.out
configure:8294:22: fatal error: gui/view.h: No such file or directory
 do
                      ^
compilation terminated.
configure: failed program was:
#line 8293 "configure"
#include "confdefs.h"
#include <gui/view.h>
configure:8288: checking for gui/window.h
configure:8298: /usr/bin/ccache  gcc -E    conftest.cpp >/dev/null 2>conftest.out
configure:8294:24: fatal error: gui/window.h: No such file or directory
 do
                        ^
compilation terminated.
configure: failed program was:
#line 8293 "configure"
#include "confdefs.h"
#include <gui/window.h>
configure:8288: checking for gui/desktop.h
configure:8298: /usr/bin/ccache  gcc -E    conftest.cpp >/dev/null 2>conftest.out
configure:8294:25: fatal error: gui/desktop.h: No such file or directory
 do
                         ^
compilation terminated.
configure: failed program was:
#line 8293 "configure"
#include "confdefs.h"
#include <gui/desktop.h>
configure:8288: checking for gui/bitmap.h
configure:8298: /usr/bin/ccache  gcc -E    conftest.cpp >/dev/null 2>conftest.out
configure:8294:24: fatal error: gui/bitmap.h: No such file or directory
 do
                        ^
compilation terminated.
configure: failed program was:
#line 8293 "configure"
#include "confdefs.h"
#include <gui/bitmap.h>
configure:8288: checking for util/locker.h
configure:8298: /usr/bin/ccache  gcc -E    conftest.cpp >/dev/null 2>conftest.out
configure:8294:25: fatal error: util/locker.h: No such file or directory
 do
                         ^
compilation terminated.
configure: failed program was:
#line 8293 "configure"
#include "confdefs.h"
#include <util/locker.h>
configure:8288: checking for util/application.h
configure:8298: /usr/bin/ccache  gcc -E    conftest.cpp >/dev/null 2>conftest.out
configure:8294:30: fatal error: util/application.h: No such file or directory
 do
                              ^
compilation terminated.
configure: failed program was:
#line 8293 "configure"
#include "confdefs.h"
#include <util/application.h>
configure:8829: checking for libpng >= 1.0.0
configure:8836: checking LIBPNG_CFLAGS
configure:8841: checking LIBPNG_LIBS
configure:8976: checking for png.h
configure:8986: /usr/bin/ccache  gcc -E    -I/usr/include/libpng12   conftest.c >/dev/null 2>conftest.out
configure:8976: checking for libpng/png.h
configure:8986: /usr/bin/ccache  gcc -E    -I/usr/include/libpng12   conftest.c >/dev/null 2>conftest.out
configure:9015: checking for png_create_info_struct
configure:9043: /usr/bin/ccache  gcc -o conftest -O2 -funroll-loops -fomit-frame-pointer -m32 -march=pentium3 -mmmx -msse -mfpmath=sse -Wall -Wstrict-prototypes -fopenmp    -I/usr/include/libpng12    conftest.c -lpng12   -llzma -lbz2 -lz -lssl -lcrypto   -lm  1>&5
configure:9027:1: warning: function declaration isn't a prototype [-Wstrict-prototypes]
 else
 ^
configure:9029:5: warning: function declaration isn't a prototype [-Wstrict-prototypes]
 #line 9020 "configure"
     ^
configure:9123: checking for png_set_rgb_to_gray
configure:9151: /usr/bin/ccache  gcc -o conftest -O2 -funroll-loops -fomit-frame-pointer -m32 -march=pentium3 -mmmx -msse -mfpmath=sse -Wall -Wstrict-prototypes -fopenmp    -I/usr/include/libpng12    conftest.c -lpng12   -llzma -lbz2 -lz -lssl -lcrypto   -lm  1>&5
configure:9135:1: warning: function declaration isn't a prototype [-Wstrict-prototypes]
 else
 ^
configure:9137:5: warning: function declaration isn't a prototype [-Wstrict-prototypes]
 #line 9128 "configure"
     ^
configure:9123: checking for png_get_libpng_ver
configure:9151: /usr/bin/ccache  gcc -o conftest -O2 -funroll-loops -fomit-frame-pointer -m32 -march=pentium3 -mmmx -msse -mfpmath=sse -Wall -Wstrict-prototypes -fopenmp    -I/usr/include/libpng12    conftest.c -lpng12   -llzma -lbz2 -lz -lssl -lcrypto   -lm  1>&5
configure:9135:1: warning: function declaration isn't a prototype [-Wstrict-prototypes]
 else
 ^
configure:9137:5: warning: function declaration isn't a prototype [-Wstrict-prototypes]
 #line 9128 "configure"
     ^
configure:9123: checking for png_get_image_width
configure:9151: /usr/bin/ccache  gcc -o conftest -O2 -funroll-loops -fomit-frame-pointer -m32 -march=pentium3 -mmmx -msse -mfpmath=sse -Wall -Wstrict-prototypes -fopenmp    -I/usr/include/libpng12    conftest.c -lpng12   -llzma -lbz2 -lz -lssl -lcrypto   -lm  1>&5
configure:9135:1: warning: function declaration isn't a prototype [-Wstrict-prototypes]
 else
 ^
configure:9137:5: warning: function declaration isn't a prototype [-Wstrict-prototypes]
 #line 9128 "configure"
     ^
configure:9123: checking for png_get_image_height
configure:9151: /usr/bin/ccache  gcc -o conftest -O2 -funroll-loops -fomit-frame-pointer -m32 -march=pentium3 -mmmx -msse -mfpmath=sse -Wall -Wstrict-prototypes -fopenmp    -I/usr/include/libpng12    conftest.c -lpng12   -llzma -lbz2 -lz -lssl -lcrypto   -lm  1>&5
configure:9135:1: warning: function declaration isn't a prototype [-Wstrict-prototypes]
 else
 ^
configure:9137:5: warning: function declaration isn't a prototype [-Wstrict-prototypes]
 #line 9128 "configure"
     ^
configure:9123: checking for png_get_gAMA
configure:9151: /usr/bin/ccache  gcc -o conftest -O2 -funroll-loops -fomit-frame-pointer -m32 -march=pentium3 -mmmx -msse -mfpmath=sse -Wall -Wstrict-prototypes -fopenmp    -I/usr/include/libpng12    conftest.c -lpng12   -llzma -lbz2 -lz -lssl -lcrypto   -lm  1>&5
configure:9135:1: warning: function declaration isn't a prototype [-Wstrict-prototypes]
 else
 ^
configure:9137:5: warning: function declaration isn't a prototype [-Wstrict-prototypes]
 #line 9128 "configure"
     ^
configure:9123: checking for png_get_color_type
configure:9151: /usr/bin/ccache  gcc -o conftest -O2 -funroll-loops -fomit-frame-pointer -m32 -march=pentium3 -mmmx -msse -mfpmath=sse -Wall -Wstrict-prototypes -fopenmp    -I/usr/include/libpng12    conftest.c -lpng12   -llzma -lbz2 -lz -lssl -lcrypto   -lm  1>&5
configure:9135:1: warning: function declaration isn't a prototype [-Wstrict-prototypes]
 else
 ^
configure:9137:5: warning: function declaration isn't a prototype [-Wstrict-prototypes]
 #line 9128 "configure"
     ^
configure:9123: checking for png_get_bit_depth
configure:9151: /usr/bin/ccache  gcc -o conftest -O2 -funroll-loops -fomit-frame-pointer -m32 -march=pentium3 -mmmx -msse -mfpmath=sse -Wall -Wstrict-prototypes -fopenmp    -I/usr/include/libpng12    conftest.c -lpng12   -llzma -lbz2 -lz -lssl -lcrypto   -lm  1>&5
configure:9135:1: warning: function declaration isn't a prototype [-Wstrict-prototypes]
 else
 ^
configure:9137:5: warning: function declaration isn't a prototype [-Wstrict-prototypes]
 #line 9128 "configure"
     ^
configure:9123: checking for png_set_strip_alpha
configure:9151: /usr/bin/ccache  gcc -o conftest -O2 -funroll-loops -fomit-frame-pointer -m32 -march=pentium3 -mmmx -msse -mfpmath=sse -Wall -Wstrict-prototypes -fopenmp    -I/usr/include/libpng12    conftest.c -lpng12   -llzma -lbz2 -lz -lssl -lcrypto   -lm  1>&5
configure:9135:1: warning: function declaration isn't a prototype [-Wstrict-prototypes]
 else
 ^
configure:9137:5: warning: function declaration isn't a prototype [-Wstrict-prototypes]
 #line 9128 "configure"
     ^
configure:9123: checking for png_get_valid
configure:9151: /usr/bin/ccache  gcc -o conftest -O2 -funroll-loops -fomit-frame-pointer -m32 -march=pentium3 -mmmx -msse -mfpmath=sse -Wall -Wstrict-prototypes -fopenmp    -I/usr/include/libpng12    conftest.c -lpng12   -llzma -lbz2 -lz -lssl -lcrypto   -lm  1>&5
configure:9135:1: warning: function declaration isn't a prototype [-Wstrict-prototypes]
 else
 ^
configure:9137:5: warning: function declaration isn't a prototype [-Wstrict-prototypes]
 #line 9128 "configure"
     ^
configure:9123: checking for png_get_sRGB
configure:9151: /usr/bin/ccache  gcc -o conftest -O2 -funroll-loops -fomit-frame-pointer -m32 -march=pentium3 -mmmx -msse -mfpmath=sse -Wall -Wstrict-prototypes -fopenmp    -I/usr/include/libpng12    conftest.c -lpng12   -llzma -lbz2 -lz -lssl -lcrypto   -lm  1>&5
configure:9135:1: warning: function declaration isn't a prototype [-Wstrict-prototypes]
 else
 ^
configure:9137:5: warning: function declaration isn't a prototype [-Wstrict-prototypes]
 #line 9128 "configure"
     ^
configure:9187: checking if you can include both setjmp.h and png.h
configure:9200: /usr/bin/ccache  gcc -c -O2 -funroll-loops -fomit-frame-pointer -m32 -march=pentium3 -mmmx -msse -mfpmath=sse -Wall -Wstrict-prototypes -fopenmp    -I/usr/include/libpng12   conftest.c 1>&5
In file included from /usr/include/libpng12/png.h:540:0,
                 from configure:9194:
/usr/include/libpng12/pngconf.h:371:21: error: expected '=', ',', ';', 'asm' or '__attribute__' before '.' token
            __pngconf.h__ in libpng already includes setjmp.h;
                     ^
/usr/include/libpng12/pngconf.h:372:12: error: unknown type name '__dont__'
            __dont__ include it again.;
            ^
/usr/include/libpng12/pngconf.h:372:29: error: expected '=', ',', ';', 'asm' or '__attribute__' before 'it'
            __dont__ include it again.;
                             ^
/usr/include/libpng12/pngconf.h:372:29: error: unknown type name 'it'
configure:9195:5: warning: function declaration isn't a prototype [-Wstrict-prototypes]
  echo $ac_n "checking if you can include both setjmp.h and png.h""... $ac_c" 1>&6
     ^
configure: In function 'main':
configure:9196:9: warning: unused variable 'bla' [-Wunused-variable]
 echo "configure:9187: checking if you can include both setjmp.h and png.h" >&5
         ^
configure: failed program was:
#line 9192 "configure"
#include "confdefs.h"
#include <setjmp.h>
		#include <png.h>
int main() {
jmp_buf bla;
; return 0; }
configure:9234: checking for jpeglib.h
configure:9244: /usr/bin/ccache  gcc -E    -I/usr/include/libpng12   conftest.c >/dev/null 2>conftest.out
configure:9271: checking for jpeg_destroy_decompress in -ljpeg
configure:9290: /usr/bin/ccache  gcc -o conftest -O2 -funroll-loops -fomit-frame-pointer -m32 -march=pentium3 -mmmx -msse -mfpmath=sse -Wall -Wstrict-prototypes -fopenmp    -I/usr/include/libpng12    conftest.c -ljpeg  -lpng12   -llzma -lbz2 -lz -lssl -lcrypto   -lm  1>&5
configure:9283:1: warning: function declaration isn't a prototype [-Wstrict-prototypes]
   echo $ac_n "(cached) $ac_c" 1>&6
 ^
configure:9285:5: warning: function declaration isn't a prototype [-Wstrict-prototypes]
   ac_save_LIBS="$LIBS"
     ^
configure:9388: checking for tiffio.h
configure:9398: /usr/bin/ccache  gcc -E    -I/usr/include/libpng12   conftest.c >/dev/null 2>conftest.out
configure:9425: checking for TIFFClientOpen in -ltiff
configure:9444: /usr/bin/ccache  gcc -o conftest -O2 -funroll-loops -fomit-frame-pointer -m32 -march=pentium3 -mmmx -msse -mfpmath=sse -Wall -Wstrict-prototypes -fopenmp    -I/usr/include/libpng12    conftest.c -ltiff  -ljpeg -lpng12   -llzma -lbz2 -lz -lssl -lcrypto   -lm  1>&5
configure:9437:1: warning: function declaration isn't a prototype [-Wstrict-prototypes]
   echo $ac_n "(cached) $ac_c" 1>&6
 ^
configure:9439:5: warning: function declaration isn't a prototype [-Wstrict-prototypes]
   ac_save_LIBS="$LIBS"
     ^
configure:9551: checking for librsvg-2.0 >= 2.0.0
configure:9558: checking LIBRSVG_CFLAGS
configure:9563: checking LIBRSVG_LIBS
configure:9602: checking for cairo.h
configure:9612: /usr/bin/ccache  gcc -E    -I/usr/include/libpng12   -pthread -I/usr/include/librsvg-2.0 -I/usr/include/glib-2.0 -I/usr/lib/i386-linux-gnu/glib-2.0/include -I/usr/include/gdk-pixbuf-2.0 -I/usr/include/cairo -I/usr/include/libpng12 -I/usr/include/pixman-1 -I/usr/include/freetype2   conftest.c >/dev/null 2>conftest.out
configure:9602: checking for librsvg/rsvg.h
configure:9612: /usr/bin/ccache  gcc -E    -I/usr/include/libpng12   -pthread -I/usr/include/librsvg-2.0 -I/usr/include/glib-2.0 -I/usr/lib/i386-linux-gnu/glib-2.0/include -I/usr/include/gdk-pixbuf-2.0 -I/usr/include/cairo -I/usr/include/libpng12 -I/usr/include/pixman-1 -I/usr/include/freetype2   conftest.c >/dev/null 2>conftest.out
configure:9602: checking for librsvg/rsvg-cairo.h
configure:9612: /usr/bin/ccache  gcc -E    -I/usr/include/libpng12   -pthread -I/usr/include/librsvg-2.0 -I/usr/include/glib-2.0 -I/usr/lib/i386-linux-gnu/glib-2.0/include -I/usr/include/gdk-pixbuf-2.0 -I/usr/include/cairo -I/usr/include/libpng12 -I/usr/include/pixman-1 -I/usr/include/freetype2   conftest.c >/dev/null 2>conftest.out
In file included from configure:9608:0:
/usr/include/librsvg-2.0/librsvg/rsvg-cairo.h:27:2: warning: #warning "Including <librsvg/rsvg-cairo.h> directly is deprecated." [-Wcpp]
 #warning "Including <librsvg/rsvg-cairo.h> directly is deprecated."
  ^
configure: failed program was:
#line 9607 "configure"
#include "confdefs.h"
#include <librsvg/rsvg-cairo.h>
configure:9602: checking for librsvg/librsvg-features.h
configure:9612: /usr/bin/ccache  gcc -E    -I/usr/include/libpng12   -pthread -I/usr/include/librsvg-2.0 -I/usr/include/glib-2.0 -I/usr/lib/i386-linux-gnu/glib-2.0/include -I/usr/include/gdk-pixbuf-2.0 -I/usr/include/cairo -I/usr/include/libpng12 -I/usr/include/pixman-1 -I/usr/include/freetype2   conftest.c >/dev/null 2>conftest.out
In file included from configure:9608:0:
/usr/include/librsvg-2.0/librsvg/librsvg-features.h:2:2: warning: #warning "Including <librsvg/librsvg-features.h> directly is deprecated." [-Wcpp]
 #warning "Including <librsvg/librsvg-features.h> directly is deprecated."
  ^
configure: failed program was:
#line 9607 "configure"
#include "confdefs.h"
#include <librsvg/librsvg-features.h>
configure:9641: checking for rsvg_handle_render_cairo
configure:9669: /usr/bin/ccache  gcc -o conftest -O2 -funroll-loops -fomit-frame-pointer -m32 -march=pentium3 -mmmx -msse -mfpmath=sse -Wall -Wstrict-prototypes -fopenmp    -I/usr/include/libpng12   -pthread -I/usr/include/librsvg-2.0 -I/usr/include/glib-2.0 -I/usr/lib/i386-linux-gnu/glib-2.0/include -I/usr/include/gdk-pixbuf-2.0 -I/usr/include/cairo -I/usr/include/libpng12 -I/usr/include/pixman-1 -I/usr/include/freetype2    conftest.c -lrsvg-2 -lm -lgio-2.0 -lgdk_pixbuf-2.0 -lcairo -lgobject-2.0 -lglib-2.0   -ltiff -ljpeg -lpng12   -llzma -lbz2 -lz -lssl -lcrypto   -lm  1>&5
configure:9653:1: warning: function declaration isn't a prototype [-Wstrict-prototypes]
 else
 ^
configure:9655:5: warning: function declaration isn't a prototype [-Wstrict-prototypes]
 #line 9646 "configure"
     ^
